[0.345s] Invoking command in '/home/ahmed/Documents/ITI_LSSD/ROS/ROS_WS/LAB7_Tasks/src/iti_lab7_task1': CONDA_PROMPT_MODIFIER=(base) PYTHONPATH=/home/ahmed/Documents/ITI_LSSD/ROS/ROS_WS/LAB7_Tasks/install/iti_lab7_task1/lib/python3.8/site-packages:${PYTHONPATH} /usr/bin/python3 setup.py egg_info --egg-base ../../build/iti_lab7_task1 build --build-base /home/ahmed/Documents/ITI_LSSD/ROS/ROS_WS/LAB7_Tasks/build/iti_lab7_task1/build install --prefix /home/ahmed/Documents/ITI_LSSD/ROS/ROS_WS/LAB7_Tasks/install/iti_lab7_task1 --record /home/ahmed/Documents/ITI_LSSD/ROS/ROS_WS/LAB7_Tasks/build/iti_lab7_task1/install.log --single-version-externally-managed
[0.639s] running egg_info
[0.640s] creating ../../build/iti_lab7_task1/iti_lab7_task1.egg-info
[0.640s] writing ../../build/iti_lab7_task1/iti_lab7_task1.egg-info/PKG-INFO
[0.641s] writing dependency_links to ../../build/iti_lab7_task1/iti_lab7_task1.egg-info/dependency_links.txt
[0.641s] writing entry points to ../../build/iti_lab7_task1/iti_lab7_task1.egg-info/entry_points.txt
[0.641s] writing requirements to ../../build/iti_lab7_task1/iti_lab7_task1.egg-info/requires.txt
[0.641s] writing top-level names to ../../build/iti_lab7_task1/iti_lab7_task1.egg-info/top_level.txt
[0.643s] writing manifest file '../../build/iti_lab7_task1/iti_lab7_task1.egg-info/SOURCES.txt'
[0.688s] reading manifest file '../../build/iti_lab7_task1/iti_lab7_task1.egg-info/SOURCES.txt'
[0.690s] writing manifest file '../../build/iti_lab7_task1/iti_lab7_task1.egg-info/SOURCES.txt'
[0.690s] running build
[0.690s] running build_py
[0.691s] creating /home/ahmed/Documents/ITI_LSSD/ROS/ROS_WS/LAB7_Tasks/build/iti_lab7_task1/build
[0.691s] creating /home/ahmed/Documents/ITI_LSSD/ROS/ROS_WS/LAB7_Tasks/build/iti_lab7_task1/build/lib
[0.691s] creating /home/ahmed/Documents/ITI_LSSD/ROS/ROS_WS/LAB7_Tasks/build/iti_lab7_task1/build/lib/iti_lab7_task1
[0.691s] copying iti_lab7_task1/bag_file_sub.py -> /home/ahmed/Documents/ITI_LSSD/ROS/ROS_WS/LAB7_Tasks/build/iti_lab7_task1/build/lib/iti_lab7_task1
[0.691s] copying iti_lab7_task1/__init__.py -> /home/ahmed/Documents/ITI_LSSD/ROS/ROS_WS/LAB7_Tasks/build/iti_lab7_task1/build/lib/iti_lab7_task1
[0.692s] running install
[0.692s] running install_lib
[0.693s] creating /home/ahmed/Documents/ITI_LSSD/ROS/ROS_WS/LAB7_Tasks/install/iti_lab7_task1/lib/python3.8/site-packages/iti_lab7_task1
[0.693s] copying /home/ahmed/Documents/ITI_LSSD/ROS/ROS_WS/LAB7_Tasks/build/iti_lab7_task1/build/lib/iti_lab7_task1/bag_file_sub.py -> /home/ahmed/Documents/ITI_LSSD/ROS/ROS_WS/LAB7_Tasks/install/iti_lab7_task1/lib/python3.8/site-packages/iti_lab7_task1
[0.694s] copying /home/ahmed/Documents/ITI_LSSD/ROS/ROS_WS/LAB7_Tasks/build/iti_lab7_task1/build/lib/iti_lab7_task1/__init__.py -> /home/ahmed/Documents/ITI_LSSD/ROS/ROS_WS/LAB7_Tasks/install/iti_lab7_task1/lib/python3.8/site-packages/iti_lab7_task1
[0.694s] byte-compiling /home/ahmed/Documents/ITI_LSSD/ROS/ROS_WS/LAB7_Tasks/install/iti_lab7_task1/lib/python3.8/site-packages/iti_lab7_task1/bag_file_sub.py to bag_file_sub.cpython-38.pyc
[0.697s] byte-compiling /home/ahmed/Documents/ITI_LSSD/ROS/ROS_WS/LAB7_Tasks/install/iti_lab7_task1/lib/python3.8/site-packages/iti_lab7_task1/__init__.py to __init__.cpython-38.pyc
[0.698s] running install_data
[0.698s] creating /home/ahmed/Documents/ITI_LSSD/ROS/ROS_WS/LAB7_Tasks/install/iti_lab7_task1/share/ament_index
[0.698s] creating /home/ahmed/Documents/ITI_LSSD/ROS/ROS_WS/LAB7_Tasks/install/iti_lab7_task1/share/ament_index/resource_index
[0.698s] creating /home/ahmed/Documents/ITI_LSSD/ROS/ROS_WS/LAB7_Tasks/install/iti_lab7_task1/share/ament_index/resource_index/packages
[0.699s] copying resource/iti_lab7_task1 -> /home/ahmed/Documents/ITI_LSSD/ROS/ROS_WS/LAB7_Tasks/install/iti_lab7_task1/share/ament_index/resource_index/packages
[0.699s] copying package.xml -> /home/ahmed/Documents/ITI_LSSD/ROS/ROS_WS/LAB7_Tasks/install/iti_lab7_task1/share/iti_lab7_task1
[0.699s] running install_egg_info
[0.704s] Copying ../../build/iti_lab7_task1/iti_lab7_task1.egg-info to /home/ahmed/Documents/ITI_LSSD/ROS/ROS_WS/LAB7_Tasks/install/iti_lab7_task1/lib/python3.8/site-packages/iti_lab7_task1-0.0.0-py3.8.egg-info
[0.705s] running install_scripts
[0.733s] writing list of installed files to '/home/ahmed/Documents/ITI_LSSD/ROS/ROS_WS/LAB7_Tasks/build/iti_lab7_task1/install.log'
[0.772s] Invoked command in '/home/ahmed/Documents/ITI_LSSD/ROS/ROS_WS/LAB7_Tasks/src/iti_lab7_task1' returned '0': CONDA_PROMPT_MODIFIER=(base) PYTHONPATH=/home/ahmed/Documents/ITI_LSSD/ROS/ROS_WS/LAB7_Tasks/install/iti_lab7_task1/lib/python3.8/site-packages:${PYTHONPATH} /usr/bin/python3 setup.py egg_info --egg-base ../../build/iti_lab7_task1 build --build-base /home/ahmed/Documents/ITI_LSSD/ROS/ROS_WS/LAB7_Tasks/build/iti_lab7_task1/build install --prefix /home/ahmed/Documents/ITI_LSSD/ROS/ROS_WS/LAB7_Tasks/install/iti_lab7_task1 --record /home/ahmed/Documents/ITI_LSSD/ROS/ROS_WS/LAB7_Tasks/build/iti_lab7_task1/install.log --single-version-externally-managed
