[0.340s] DEBUG:colcon:Command line arguments: ['/usr/bin/colcon', 'build', '--packages-select', 'cpp']
[0.340s] DEBUG:colcon:Parsed command line arguments: Namespace(ament_cmake_args=None, base_paths=['.'], build_base='build', catkin_cmake_args=None, catkin_skip_building_tests=False, cmake_args=None, cmake_clean_cache=False, cmake_clean_first=False, cmake_force_configure=False, cmake_target=None, cmake_target_skip_unavailable=False, continue_on_error=False, event_handlers=None, executor='parallel', ignore_user_meta=False, install_base='install', log_base=None, log_level=None, main=<bound method BuildVerb.main of <colcon_core.verb.build.BuildVerb object at 0x7fedc476d580>>, merge_install=False, metas=['./colcon.meta'], packages_above=None, packages_above_and_dependencies=None, packages_above_depth=None, packages_end=None, packages_ignore=None, packages_ignore_regex=None, packages_select=['cpp'], packages_select_build_failed=False, packages_select_by_dep=None, packages_select_regex=None, packages_select_test_failures=False, packages_skip=None, packages_skip_build_finished=False, packages_skip_by_dep=None, packages_skip_regex=None, packages_skip_test_passed=False, packages_skip_up_to=None, packages_start=None, packages_up_to=None, packages_up_to_regex=None, parallel_workers=4, paths=None, symlink_install=False, test_result_base=None, verb_extension=<colcon_core.verb.build.BuildVerb object at 0x7fedc476d580>, verb_name='build', verb_parser=<colcon_defaults.argument_parser.defaults.DefaultArgumentsDecorator object at 0x7fedc476dac0>)
[0.349s] Level 1:colcon.colcon_core.package_discovery:discover_packages(colcon_meta) check parameters
[0.349s] Level 1:colcon.colcon_core.package_discovery:discover_packages(recursive) check parameters
[0.349s] Level 1:colcon.colcon_core.package_discovery:discover_packages(ignore) check parameters
[0.349s] Level 1:colcon.colcon_core.package_discovery:discover_packages(path) check parameters
[0.349s] Level 1:colcon.colcon_core.package_discovery:discover_packages(colcon_meta) discover
[0.350s] Level 1:colcon.colcon_core.package_discovery:discover_packages(recursive) discover
[0.350s] INFO:colcon.colcon_core.package_discovery:Crawling recursively for packages in '/home/ahmed/Documents/ITI_LSSD/ROS/ROS_WS/LAB7_Tasks'
[0.350s] Level 1:colcon.colcon_core.package_identification:_identify(.) by extensions ['ignore', 'ignore_ament_install']
[0.350s] Level 1:colcon.colcon_core.package_identification:_identify(.) by extension 'ignore'
[0.350s] Level 1:colcon.colcon_core.package_identification:_identify(.) by extension 'ignore_ament_install'
[0.350s] Level 1:colcon.colcon_core.package_identification:_identify(.) by extensions ['colcon_pkg']
[0.350s] Level 1:colcon.colcon_core.package_identification:_identify(.) by extension 'colcon_pkg'
[0.350s] Level 1:colcon.colcon_core.package_identification:_identify(.) by extensions ['colcon_meta']
[0.350s] Level 1:colcon.colcon_core.package_identification:_identify(.) by extension 'colcon_meta'
[0.351s] Level 1:colcon.colcon_core.package_identification:_identify(.) by extensions ['ros']
[0.351s] Level 1:colcon.colcon_core.package_identification:_identify(.) by extension 'ros'
[0.365s] Level 1:colcon.colcon_core.package_identification:_identify(.) by extensions ['cmake', 'python']
[0.365s] Level 1:colcon.colcon_core.package_identification:_identify(.) by extension 'cmake'
[0.365s] Level 1:colcon.colcon_core.package_identification:_identify(.) by extension 'python'
[0.365s] Level 1:colcon.colcon_core.package_identification:_identify(.) by extensions ['python_setup_py']
[0.365s] Level 1:colcon.colcon_core.package_identification:_identify(.) by extension 'python_setup_py'
[0.366s] Level 1:colcon.colcon_core.package_identification:_identify(build) by extensions ['ignore', 'ignore_ament_install']
[0.366s] Level 1:colcon.colcon_core.package_identification:_identify(build) by extension 'ignore'
[0.366s] Level 1:colcon.colcon_core.package_identification:_identify(build) ignored
[0.367s] Level 1:colcon.colcon_core.package_identification:_identify(install) by extensions ['ignore', 'ignore_ament_install']
[0.367s] Level 1:colcon.colcon_core.package_identification:_identify(install) by extension 'ignore'
[0.367s] Level 1:colcon.colcon_core.package_identification:_identify(install) ignored
[0.367s] Level 1:colcon.colcon_core.package_identification:_identify(log) by extensions ['ignore', 'ignore_ament_install']
[0.367s] Level 1:colcon.colcon_core.package_identification:_identify(log) by extension 'ignore'
[0.367s] Level 1:colcon.colcon_core.package_identification:_identify(log) ignored
[0.368s] Level 1:colcon.colcon_core.package_identification:_identify(src) by extensions ['ignore', 'ignore_ament_install']
[0.368s] Level 1:colcon.colcon_core.package_identification:_identify(src) by extension 'ignore'
[0.368s] Level 1:colcon.colcon_core.package_identification:_identify(src) by extension 'ignore_ament_install'
[0.368s] Level 1:colcon.colcon_core.package_identification:_identify(src) by extensions ['colcon_pkg']
[0.368s] Level 1:colcon.colcon_core.package_identification:_identify(src) by extension 'colcon_pkg'
[0.368s] Level 1:colcon.colcon_core.package_identification:_identify(src) by extensions ['colcon_meta']
[0.368s] Level 1:colcon.colcon_core.package_identification:_identify(src) by extension 'colcon_meta'
[0.368s] Level 1:colcon.colcon_core.package_identification:_identify(src) by extensions ['ros']
[0.368s] Level 1:colcon.colcon_core.package_identification:_identify(src) by extension 'ros'
[0.369s] Level 1:colcon.colcon_core.package_identification:_identify(src) by extensions ['cmake', 'python']
[0.369s] Level 1:colcon.colcon_core.package_identification:_identify(src) by extension 'cmake'
[0.369s] Level 1:colcon.colcon_core.package_identification:_identify(src) by extension 'python'
[0.369s] Level 1:colcon.colcon_core.package_identification:_identify(src) by extensions ['python_setup_py']
[0.369s] Level 1:colcon.colcon_core.package_identification:_identify(src) by extension 'python_setup_py'
[0.369s] Level 1:colcon.colcon_core.package_identification:_identify(src/iti_lab7_task1) by extensions ['ignore', 'ignore_ament_install']
[0.369s] Level 1:colcon.colcon_core.package_identification:_identify(src/iti_lab7_task1) by extension 'ignore'
[0.369s] Level 1:colcon.colcon_core.package_identification:_identify(src/iti_lab7_task1) by extension 'ignore_ament_install'
[0.369s] Level 1:colcon.colcon_core.package_identification:_identify(src/iti_lab7_task1) by extensions ['colcon_pkg']
[0.369s] Level 1:colcon.colcon_core.package_identification:_identify(src/iti_lab7_task1) by extension 'colcon_pkg'
[0.370s] Level 1:colcon.colcon_core.package_identification:_identify(src/iti_lab7_task1) by extensions ['colcon_meta']
[0.370s] Level 1:colcon.colcon_core.package_identification:_identify(src/iti_lab7_task1) by extension 'colcon_meta'
[0.370s] Level 1:colcon.colcon_core.package_identification:_identify(src/iti_lab7_task1) by extensions ['ros']
[0.370s] Level 1:colcon.colcon_core.package_identification:_identify(src/iti_lab7_task1) by extension 'ros'
[0.376s] DEBUG:colcon.colcon_core.package_identification:Package 'src/iti_lab7_task1' with type 'ros.ament_python' and name 'iti_lab7_task1'
[0.377s] Level 1:colcon.colcon_core.package_identification:_identify(src/iti_lab7_task2) by extensions ['ignore', 'ignore_ament_install']
[0.377s] Level 1:colcon.colcon_core.package_identification:_identify(src/iti_lab7_task2) by extension 'ignore'
[0.377s] Level 1:colcon.colcon_core.package_identification:_identify(src/iti_lab7_task2) by extension 'ignore_ament_install'
[0.377s] Level 1:colcon.colcon_core.package_identification:_identify(src/iti_lab7_task2) by extensions ['colcon_pkg']
[0.377s] Level 1:colcon.colcon_core.package_identification:_identify(src/iti_lab7_task2) by extension 'colcon_pkg'
[0.377s] Level 1:colcon.colcon_core.package_identification:_identify(src/iti_lab7_task2) by extensions ['colcon_meta']
[0.377s] Level 1:colcon.colcon_core.package_identification:_identify(src/iti_lab7_task2) by extension 'colcon_meta'
[0.378s] Level 1:colcon.colcon_core.package_identification:_identify(src/iti_lab7_task2) by extensions ['ros']
[0.378s] Level 1:colcon.colcon_core.package_identification:_identify(src/iti_lab7_task2) by extension 'ros'
[0.379s] DEBUG:colcon.colcon_core.package_identification:Package 'src/iti_lab7_task2' with type 'ros.ament_python' and name 'iti_lab7_task2'
[0.379s] Level 1:colcon.colcon_core.package_identification:_identify(src/iti_lab7_task3) by extensions ['ignore', 'ignore_ament_install']
[0.379s] Level 1:colcon.colcon_core.package_identification:_identify(src/iti_lab7_task3) by extension 'ignore'
[0.379s] Level 1:colcon.colcon_core.package_identification:_identify(src/iti_lab7_task3) by extension 'ignore_ament_install'
[0.379s] Level 1:colcon.colcon_core.package_identification:_identify(src/iti_lab7_task3) by extensions ['colcon_pkg']
[0.379s] Level 1:colcon.colcon_core.package_identification:_identify(src/iti_lab7_task3) by extension 'colcon_pkg'
[0.380s] Level 1:colcon.colcon_core.package_identification:_identify(src/iti_lab7_task3) by extensions ['colcon_meta']
[0.380s] Level 1:colcon.colcon_core.package_identification:_identify(src/iti_lab7_task3) by extension 'colcon_meta'
[0.380s] Level 1:colcon.colcon_core.package_identification:_identify(src/iti_lab7_task3) by extensions ['ros']
[0.380s] Level 1:colcon.colcon_core.package_identification:_identify(src/iti_lab7_task3) by extension 'ros'
[0.381s] DEBUG:colcon.colcon_core.package_identification:Package 'src/iti_lab7_task3' with type 'ros.ament_cmake' and name 'cpp'
[0.381s] Level 1:colcon.colcon_core.package_discovery:discover_packages(recursive) using defaults
[0.381s] Level 1:colcon.colcon_core.package_discovery:discover_packages(ignore) discover
[0.381s] Level 1:colcon.colcon_core.package_discovery:discover_packages(ignore) using defaults
[0.381s] Level 1:colcon.colcon_core.package_discovery:discover_packages(path) discover
[0.381s] Level 1:colcon.colcon_core.package_discovery:discover_packages(path) using defaults
[0.410s] INFO:colcon.colcon_core.package_selection:Skipping not selected package 'iti_lab7_task1' in 'src/iti_lab7_task1'
[0.410s] INFO:colcon.colcon_core.package_selection:Skipping not selected package 'iti_lab7_task2' in 'src/iti_lab7_task2'
[0.415s] Level 5:colcon.colcon_core.verb:set package 'cpp' build argument 'cmake_args' from command line to 'None'
[0.415s] Level 5:colcon.colcon_core.verb:set package 'cpp' build argument 'cmake_target' from command line to 'None'
[0.415s] Level 5:colcon.colcon_core.verb:set package 'cpp' build argument 'cmake_target_skip_unavailable' from command line to 'False'
[0.415s] Level 5:colcon.colcon_core.verb:set package 'cpp' build argument 'cmake_clean_cache' from command line to 'False'
[0.415s] Level 5:colcon.colcon_core.verb:set package 'cpp' build argument 'cmake_clean_first' from command line to 'False'
[0.415s] Level 5:colcon.colcon_core.verb:set package 'cpp' build argument 'cmake_force_configure' from command line to 'False'
[0.415s] Level 5:colcon.colcon_core.verb:set package 'cpp' build argument 'ament_cmake_args' from command line to 'None'
[0.415s] Level 5:colcon.colcon_core.verb:set package 'cpp' build argument 'catkin_cmake_args' from command line to 'None'
[0.415s] Level 5:colcon.colcon_core.verb:set package 'cpp' build argument 'catkin_skip_building_tests' from command line to 'False'
[0.415s] DEBUG:colcon.colcon_core.verb:Building package 'cpp' with the following arguments: {'ament_cmake_args': None, 'build_base': '/home/ahmed/Documents/ITI_LSSD/ROS/ROS_WS/LAB7_Tasks/build/cpp', 'catkin_cmake_args': None, 'catkin_skip_building_tests': False, 'cmake_args': None, 'cmake_clean_cache': False, 'cmake_clean_first': False, 'cmake_force_configure': False, 'cmake_target': None, 'cmake_target_skip_unavailable': False, 'install_base': '/home/ahmed/Documents/ITI_LSSD/ROS/ROS_WS/LAB7_Tasks/install/cpp', 'merge_install': False, 'path': '/home/ahmed/Documents/ITI_LSSD/ROS/ROS_WS/LAB7_Tasks/src/iti_lab7_task3', 'symlink_install': False, 'test_result_base': None}
[0.416s] INFO:colcon.colcon_core.executor:Executing jobs using 'parallel' executor
[0.419s] DEBUG:colcon.colcon_parallel_executor.executor.parallel:run_until_complete
[0.420s] INFO:colcon.colcon_ros.task.ament_cmake.build:Building ROS package in '/home/ahmed/Documents/ITI_LSSD/ROS/ROS_WS/LAB7_Tasks/src/iti_lab7_task3' with build type 'ament_cmake'
[0.420s] INFO:colcon.colcon_cmake.task.cmake.build:Building CMake package in '/home/ahmed/Documents/ITI_LSSD/ROS/ROS_WS/LAB7_Tasks/src/iti_lab7_task3'
[0.425s] INFO:colcon.colcon_core.plugin_system:Skipping extension 'colcon_core.shell.bat': Not used on non-Windows systems
[0.425s] INFO:colcon.colcon_core.shell:Skip shell extension 'powershell' for command environment: Not usable outside of PowerShell
[0.425s] DEBUG:colcon.colcon_core.shell:Skip shell extension 'dsv' for command environment
[0.430s] DEBUG:colcon.colcon_core.shell:Ignoring prefix path '/opt/ros/foxy'
[0.442s] DEBUG:colcon.colcon_core.event_handler.log_command:Invoking command in '/home/ahmed/Documents/ITI_LSSD/ROS/ROS_WS/LAB7_Tasks/build/cpp': CMAKE_PREFIX_PATH=${CMAKE_PREFIX_PATH}:/home/ahmed/Documents/ITI_LSSD/ROS/ROS_WS/LAB7_Tasks/install/iti_lab7_task2:/home/ahmed/Documents/ITI_LSSD/ROS/ROS_WS/LAB7_Tasks/install/iti_lab7_task1:/opt/ros/foxy CONDA_PROMPT_MODIFIER=(base) /usr/bin/cmake --build /home/ahmed/Documents/ITI_LSSD/ROS/ROS_WS/LAB7_Tasks/build/cpp -- -j4 -l4
[8.153s] DEBUG:colcon.colcon_core.event_handler.log_command:Invoked command in '/home/ahmed/Documents/ITI_LSSD/ROS/ROS_WS/LAB7_Tasks/build/cpp' returned '0': CMAKE_PREFIX_PATH=${CMAKE_PREFIX_PATH}:/home/ahmed/Documents/ITI_LSSD/ROS/ROS_WS/LAB7_Tasks/install/iti_lab7_task2:/home/ahmed/Documents/ITI_LSSD/ROS/ROS_WS/LAB7_Tasks/install/iti_lab7_task1:/opt/ros/foxy CONDA_PROMPT_MODIFIER=(base) /usr/bin/cmake --build /home/ahmed/Documents/ITI_LSSD/ROS/ROS_WS/LAB7_Tasks/build/cpp -- -j4 -l4
[8.185s] DEBUG:colcon.colcon_core.event_handler.log_command:Invoking command in '/home/ahmed/Documents/ITI_LSSD/ROS/ROS_WS/LAB7_Tasks/build/cpp': CMAKE_PREFIX_PATH=${CMAKE_PREFIX_PATH}:/home/ahmed/Documents/ITI_LSSD/ROS/ROS_WS/LAB7_Tasks/install/iti_lab7_task2:/home/ahmed/Documents/ITI_LSSD/ROS/ROS_WS/LAB7_Tasks/install/iti_lab7_task1:/opt/ros/foxy CONDA_PROMPT_MODIFIER=(base) /usr/bin/cmake --install /home/ahmed/Documents/ITI_LSSD/ROS/ROS_WS/LAB7_Tasks/build/cpp
[8.223s] Level 1:colcon.colcon_core.environment:create_environment_scripts_only(cpp)
[8.225s] DEBUG:colcon.colcon_core.event_handler.log_command:Invoked command in '/home/ahmed/Documents/ITI_LSSD/ROS/ROS_WS/LAB7_Tasks/build/cpp' returned '0': CMAKE_PREFIX_PATH=${CMAKE_PREFIX_PATH}:/home/ahmed/Documents/ITI_LSSD/ROS/ROS_WS/LAB7_Tasks/install/iti_lab7_task2:/home/ahmed/Documents/ITI_LSSD/ROS/ROS_WS/LAB7_Tasks/install/iti_lab7_task1:/opt/ros/foxy CONDA_PROMPT_MODIFIER=(base) /usr/bin/cmake --install /home/ahmed/Documents/ITI_LSSD/ROS/ROS_WS/LAB7_Tasks/build/cpp
[8.230s] Level 1:colcon.colcon_core.environment:checking '/home/ahmed/Documents/ITI_LSSD/ROS/ROS_WS/LAB7_Tasks/install/cpp' for CMake module files
[8.231s] Level 1:colcon.colcon_core.environment:checking '/home/ahmed/Documents/ITI_LSSD/ROS/ROS_WS/LAB7_Tasks/install/cpp' for CMake config files
[8.232s] Level 1:colcon.colcon_core.shell:create_environment_hook('cpp', 'cmake_prefix_path')
[8.232s] INFO:colcon.colcon_core.shell:Creating environment hook '/home/ahmed/Documents/ITI_LSSD/ROS/ROS_WS/LAB7_Tasks/install/cpp/share/cpp/hook/cmake_prefix_path.ps1'
[8.233s] INFO:colcon.colcon_core.shell:Creating environment descriptor '/home/ahmed/Documents/ITI_LSSD/ROS/ROS_WS/LAB7_Tasks/install/cpp/share/cpp/hook/cmake_prefix_path.dsv'
[8.234s] INFO:colcon.colcon_core.shell:Creating environment hook '/home/ahmed/Documents/ITI_LSSD/ROS/ROS_WS/LAB7_Tasks/install/cpp/share/cpp/hook/cmake_prefix_path.sh'
[8.235s] Level 1:colcon.colcon_core.environment:checking '/home/ahmed/Documents/ITI_LSSD/ROS/ROS_WS/LAB7_Tasks/install/cpp/lib'
[8.235s] Level 1:colcon.colcon_core.environment:checking '/home/ahmed/Documents/ITI_LSSD/ROS/ROS_WS/LAB7_Tasks/install/cpp/bin'
[8.235s] Level 1:colcon.colcon_core.environment:checking '/home/ahmed/Documents/ITI_LSSD/ROS/ROS_WS/LAB7_Tasks/install/cpp/lib/pkgconfig/cpp.pc'
[8.236s] Level 1:colcon.colcon_core.environment:checking '/home/ahmed/Documents/ITI_LSSD/ROS/ROS_WS/LAB7_Tasks/install/cpp/lib/python3.8/site-packages'
[8.236s] INFO:colcon.colcon_core.shell:Creating package script '/home/ahmed/Documents/ITI_LSSD/ROS/ROS_WS/LAB7_Tasks/install/cpp/share/cpp/package.ps1'
[8.237s] INFO:colcon.colcon_core.shell:Creating package descriptor '/home/ahmed/Documents/ITI_LSSD/ROS/ROS_WS/LAB7_Tasks/install/cpp/share/cpp/package.dsv'
[8.238s] INFO:colcon.colcon_core.shell:Creating package script '/home/ahmed/Documents/ITI_LSSD/ROS/ROS_WS/LAB7_Tasks/install/cpp/share/cpp/package.sh'
[8.239s] INFO:colcon.colcon_core.shell:Creating package script '/home/ahmed/Documents/ITI_LSSD/ROS/ROS_WS/LAB7_Tasks/install/cpp/share/cpp/package.bash'
[8.240s] INFO:colcon.colcon_core.shell:Creating package script '/home/ahmed/Documents/ITI_LSSD/ROS/ROS_WS/LAB7_Tasks/install/cpp/share/cpp/package.zsh'
[8.242s] Level 1:colcon.colcon_core.environment:create_file_with_runtime_dependencies(/home/ahmed/Documents/ITI_LSSD/ROS/ROS_WS/LAB7_Tasks/install/cpp/share/colcon-core/packages/cpp)
[8.277s] Level 1:colcon.colcon_core.environment:create_environment_scripts_only(cpp)
[8.278s] Level 1:colcon.colcon_core.environment:checking '/home/ahmed/Documents/ITI_LSSD/ROS/ROS_WS/LAB7_Tasks/install/cpp' for CMake module files
[8.279s] Level 1:colcon.colcon_core.environment:checking '/home/ahmed/Documents/ITI_LSSD/ROS/ROS_WS/LAB7_Tasks/install/cpp' for CMake config files
[8.279s] Level 1:colcon.colcon_core.shell:create_environment_hook('cpp', 'cmake_prefix_path')
[8.280s] INFO:colcon.colcon_core.shell:Creating environment hook '/home/ahmed/Documents/ITI_LSSD/ROS/ROS_WS/LAB7_Tasks/install/cpp/share/cpp/hook/cmake_prefix_path.ps1'
[8.281s] INFO:colcon.colcon_core.shell:Creating environment descriptor '/home/ahmed/Documents/ITI_LSSD/ROS/ROS_WS/LAB7_Tasks/install/cpp/share/cpp/hook/cmake_prefix_path.dsv'
[8.281s] INFO:colcon.colcon_core.shell:Creating environment hook '/home/ahmed/Documents/ITI_LSSD/ROS/ROS_WS/LAB7_Tasks/install/cpp/share/cpp/hook/cmake_prefix_path.sh'
[8.283s] Level 1:colcon.colcon_core.environment:checking '/home/ahmed/Documents/ITI_LSSD/ROS/ROS_WS/LAB7_Tasks/install/cpp/lib'
[8.283s] Level 1:colcon.colcon_core.environment:checking '/home/ahmed/Documents/ITI_LSSD/ROS/ROS_WS/LAB7_Tasks/install/cpp/bin'
[8.283s] Level 1:colcon.colcon_core.environment:checking '/home/ahmed/Documents/ITI_LSSD/ROS/ROS_WS/LAB7_Tasks/install/cpp/lib/pkgconfig/cpp.pc'
[8.283s] Level 1:colcon.colcon_core.environment:checking '/home/ahmed/Documents/ITI_LSSD/ROS/ROS_WS/LAB7_Tasks/install/cpp/lib/python3.8/site-packages'
[8.284s] INFO:colcon.colcon_core.shell:Creating package script '/home/ahmed/Documents/ITI_LSSD/ROS/ROS_WS/LAB7_Tasks/install/cpp/share/cpp/package.ps1'
[8.285s] INFO:colcon.colcon_core.shell:Creating package descriptor '/home/ahmed/Documents/ITI_LSSD/ROS/ROS_WS/LAB7_Tasks/install/cpp/share/cpp/package.dsv'
[8.286s] INFO:colcon.colcon_core.shell:Creating package script '/home/ahmed/Documents/ITI_LSSD/ROS/ROS_WS/LAB7_Tasks/install/cpp/share/cpp/package.sh'
[8.287s] INFO:colcon.colcon_core.shell:Creating package script '/home/ahmed/Documents/ITI_LSSD/ROS/ROS_WS/LAB7_Tasks/install/cpp/share/cpp/package.bash'
[8.288s] INFO:colcon.colcon_core.shell:Creating package script '/home/ahmed/Documents/ITI_LSSD/ROS/ROS_WS/LAB7_Tasks/install/cpp/share/cpp/package.zsh'
[8.289s] Level 1:colcon.colcon_core.environment:create_file_with_runtime_dependencies(/home/ahmed/Documents/ITI_LSSD/ROS/ROS_WS/LAB7_Tasks/install/cpp/share/colcon-core/packages/cpp)
[8.294s] DEBUG:colcon.colcon_parallel_executor.executor.parallel:closing loop
[8.295s] DEBUG:colcon.colcon_parallel_executor.executor.parallel:loop closed
[8.296s] DEBUG:colcon.colcon_parallel_executor.executor.parallel:run_until_complete finished with '0'
[8.296s] DEBUG:colcon.colcon_core.event_reactor:joining thread
[8.305s] INFO:colcon.colcon_core.plugin_system:Skipping extension 'colcon_notification.desktop_notification.terminal_notifier': Not used on non-Darwin systems
[8.305s] INFO:colcon.colcon_core.plugin_system:Skipping extension 'colcon_notification.desktop_notification.win32': Not used on non-Windows systems
[8.305s] INFO:colcon.colcon_notification.desktop_notification:Sending desktop notification using 'notify2'
[8.330s] DEBUG:colcon.colcon_core.event_reactor:joined thread
[8.331s] INFO:colcon.colcon_core.shell:Creating prefix script '/home/ahmed/Documents/ITI_LSSD/ROS/ROS_WS/LAB7_Tasks/install/local_setup.ps1'
[8.333s] INFO:colcon.colcon_core.shell:Creating prefix util module '/home/ahmed/Documents/ITI_LSSD/ROS/ROS_WS/LAB7_Tasks/install/_local_setup_util_ps1.py'
[8.336s] INFO:colcon.colcon_core.shell:Creating prefix chain script '/home/ahmed/Documents/ITI_LSSD/ROS/ROS_WS/LAB7_Tasks/install/setup.ps1'
[8.341s] INFO:colcon.colcon_core.shell:Creating prefix script '/home/ahmed/Documents/ITI_LSSD/ROS/ROS_WS/LAB7_Tasks/install/local_setup.sh'
[8.342s] INFO:colcon.colcon_core.shell:Creating prefix util module '/home/ahmed/Documents/ITI_LSSD/ROS/ROS_WS/LAB7_Tasks/install/_local_setup_util_sh.py'
[8.343s] INFO:colcon.colcon_core.shell:Creating prefix chain script '/home/ahmed/Documents/ITI_LSSD/ROS/ROS_WS/LAB7_Tasks/install/setup.sh'
[8.353s] INFO:colcon.colcon_core.shell:Creating prefix script '/home/ahmed/Documents/ITI_LSSD/ROS/ROS_WS/LAB7_Tasks/install/local_setup.bash'
[8.354s] INFO:colcon.colcon_core.shell:Creating prefix chain script '/home/ahmed/Documents/ITI_LSSD/ROS/ROS_WS/LAB7_Tasks/install/setup.bash'
[8.358s] INFO:colcon.colcon_core.shell:Creating prefix script '/home/ahmed/Documents/ITI_LSSD/ROS/ROS_WS/LAB7_Tasks/install/local_setup.zsh'
[8.359s] INFO:colcon.colcon_core.shell:Creating prefix chain script '/home/ahmed/Documents/ITI_LSSD/ROS/ROS_WS/LAB7_Tasks/install/setup.zsh'
