[35m[1mScanning dependencies of target talker[0m
[35m[1mScanning dependencies of target listener[0m
[ 25%] [32mBuilding CXX object CMakeFiles/talker.dir/src/node1.cpp.o[0m
[ 50%] [32mBuilding CXX object CMakeFiles/listener.dir/src/node2.cpp.o[0m
[ 75%] [32m[1mLinking CXX executable talker[0m
[ 75%] Built target talker
[100%] [32m[1mLinking CXX executable listener[0m
[100%] Built target listener
-- Install configuration: ""
-- Installing: /home/ahmed/Documents/ITI_LSSD/ROS/ROS_WS/LAB7_Tasks/install/cpp/lib/cpp/listener
-- Set runtime path of "/home/ahmed/Documents/ITI_LSSD/ROS/ROS_WS/LAB7_Tasks/install/cpp/lib/cpp/listener" to ""
-- Installing: /home/ahmed/Documents/ITI_LSSD/ROS/ROS_WS/LAB7_Tasks/install/cpp/lib/cpp/talker
-- Set runtime path of "/home/ahmed/Documents/ITI_LSSD/ROS/ROS_WS/LAB7_Tasks/install/cpp/lib/cpp/talker" to ""
-- Up-to-date: /home/ahmed/Documents/ITI_LSSD/ROS/ROS_WS/LAB7_Tasks/install/cpp/share/ament_index/resource_index/package_run_dependencies/cpp
-- Up-to-date: /home/ahmed/Documents/ITI_LSSD/ROS/ROS_WS/LAB7_Tasks/install/cpp/share/ament_index/resource_index/parent_prefix_path/cpp
-- Up-to-date: /home/ahmed/Documents/ITI_LSSD/ROS/ROS_WS/LAB7_Tasks/install/cpp/share/cpp/environment/ament_prefix_path.sh
-- Up-to-date: /home/ahmed/Documents/ITI_LSSD/ROS/ROS_WS/LAB7_Tasks/install/cpp/share/cpp/environment/ament_prefix_path.dsv
-- Up-to-date: /home/ahmed/Documents/ITI_LSSD/ROS/ROS_WS/LAB7_Tasks/install/cpp/share/cpp/environment/path.sh
-- Up-to-date: /home/ahmed/Documents/ITI_LSSD/ROS/ROS_WS/LAB7_Tasks/install/cpp/share/cpp/environment/path.dsv
-- Up-to-date: /home/ahmed/Documents/ITI_LSSD/ROS/ROS_WS/LAB7_Tasks/install/cpp/share/cpp/local_setup.bash
-- Up-to-date: /home/ahmed/Documents/ITI_LSSD/ROS/ROS_WS/LAB7_Tasks/install/cpp/share/cpp/local_setup.sh
-- Up-to-date: /home/ahmed/Documents/ITI_LSSD/ROS/ROS_WS/LAB7_Tasks/install/cpp/share/cpp/local_setup.zsh
-- Up-to-date: /home/ahmed/Documents/ITI_LSSD/ROS/ROS_WS/LAB7_Tasks/install/cpp/share/cpp/local_setup.dsv
-- Installing: /home/ahmed/Documents/ITI_LSSD/ROS/ROS_WS/LAB7_Tasks/install/cpp/share/cpp/package.dsv
-- Up-to-date: /home/ahmed/Documents/ITI_LSSD/ROS/ROS_WS/LAB7_Tasks/install/cpp/share/ament_index/resource_index/packages/cpp
-- Up-to-date: /home/ahmed/Documents/ITI_LSSD/ROS/ROS_WS/LAB7_Tasks/install/cpp/share/cpp/cmake/cppConfig.cmake
-- Up-to-date: /home/ahmed/Documents/ITI_LSSD/ROS/ROS_WS/LAB7_Tasks/install/cpp/share/cpp/cmake/cppConfig-version.cmake
-- Up-to-date: /home/ahmed/Documents/ITI_LSSD/ROS/ROS_WS/LAB7_Tasks/install/cpp/share/cpp/package.xml
