[0.340s] DEBUG:colcon:Command line arguments: ['/usr/bin/colcon', 'build', '--packages-select', 'iti_lab7_task2']
[0.340s] DEBUG:colcon:Parsed command line arguments: Namespace(ament_cmake_args=None, base_paths=['.'], build_base='build', catkin_cmake_args=None, catkin_skip_building_tests=False, cmake_args=None, cmake_clean_cache=False, cmake_clean_first=False, cmake_force_configure=False, cmake_target=None, cmake_target_skip_unavailable=False, continue_on_error=False, event_handlers=None, executor='parallel', ignore_user_meta=False, install_base='install', log_base=None, log_level=None, main=<bound method BuildVerb.main of <colcon_core.verb.build.BuildVerb object at 0x7f7535d0f2e0>>, merge_install=False, metas=['./colcon.meta'], packages_above=None, packages_above_and_dependencies=None, packages_above_depth=None, packages_end=None, packages_ignore=None, packages_ignore_regex=None, packages_select=['iti_lab7_task2'], packages_select_build_failed=False, packages_select_by_dep=None, packages_select_regex=None, packages_select_test_failures=False, packages_skip=None, packages_skip_build_finished=False, packages_skip_by_dep=None, packages_skip_regex=None, packages_skip_test_passed=False, packages_skip_up_to=None, packages_start=None, packages_up_to=None, packages_up_to_regex=None, parallel_workers=4, paths=None, symlink_install=False, test_result_base=None, verb_extension=<colcon_core.verb.build.BuildVerb object at 0x7f7535d0f2e0>, verb_name='build', verb_parser=<colcon_defaults.argument_parser.defaults.DefaultArgumentsDecorator object at 0x7f7535d0f820>)
[0.351s] Level 1:colcon.colcon_core.package_discovery:discover_packages(colcon_meta) check parameters
[0.352s] Level 1:colcon.colcon_core.package_discovery:discover_packages(recursive) check parameters
[0.352s] Level 1:colcon.colcon_core.package_discovery:discover_packages(ignore) check parameters
[0.352s] Level 1:colcon.colcon_core.package_discovery:discover_packages(path) check parameters
[0.352s] Level 1:colcon.colcon_core.package_discovery:discover_packages(colcon_meta) discover
[0.352s] Level 1:colcon.colcon_core.package_discovery:discover_packages(recursive) discover
[0.352s] INFO:colcon.colcon_core.package_discovery:Crawling recursively for packages in '/home/ahmed/Documents/ITI_LSSD/ROS/ROS_WS/LAB7_Tasks'
[0.353s] Level 1:colcon.colcon_core.package_identification:_identify(.) by extensions ['ignore', 'ignore_ament_install']
[0.353s] Level 1:colcon.colcon_core.package_identification:_identify(.) by extension 'ignore'
[0.353s] Level 1:colcon.colcon_core.package_identification:_identify(.) by extension 'ignore_ament_install'
[0.354s] Level 1:colcon.colcon_core.package_identification:_identify(.) by extensions ['colcon_pkg']
[0.354s] Level 1:colcon.colcon_core.package_identification:_identify(.) by extension 'colcon_pkg'
[0.354s] Level 1:colcon.colcon_core.package_identification:_identify(.) by extensions ['colcon_meta']
[0.354s] Level 1:colcon.colcon_core.package_identification:_identify(.) by extension 'colcon_meta'
[0.354s] Level 1:colcon.colcon_core.package_identification:_identify(.) by extensions ['ros']
[0.354s] Level 1:colcon.colcon_core.package_identification:_identify(.) by extension 'ros'
[0.372s] Level 1:colcon.colcon_core.package_identification:_identify(.) by extensions ['cmake', 'python']
[0.372s] Level 1:colcon.colcon_core.package_identification:_identify(.) by extension 'cmake'
[0.372s] Level 1:colcon.colcon_core.package_identification:_identify(.) by extension 'python'
[0.372s] Level 1:colcon.colcon_core.package_identification:_identify(.) by extensions ['python_setup_py']
[0.372s] Level 1:colcon.colcon_core.package_identification:_identify(.) by extension 'python_setup_py'
[0.373s] Level 1:colcon.colcon_core.package_identification:_identify(build) by extensions ['ignore', 'ignore_ament_install']
[0.373s] Level 1:colcon.colcon_core.package_identification:_identify(build) by extension 'ignore'
[0.373s] Level 1:colcon.colcon_core.package_identification:_identify(build) ignored
[0.373s] Level 1:colcon.colcon_core.package_identification:_identify(install) by extensions ['ignore', 'ignore_ament_install']
[0.374s] Level 1:colcon.colcon_core.package_identification:_identify(install) by extension 'ignore'
[0.374s] Level 1:colcon.colcon_core.package_identification:_identify(install) ignored
[0.374s] Level 1:colcon.colcon_core.package_identification:_identify(log) by extensions ['ignore', 'ignore_ament_install']
[0.374s] Level 1:colcon.colcon_core.package_identification:_identify(log) by extension 'ignore'
[0.374s] Level 1:colcon.colcon_core.package_identification:_identify(log) ignored
[0.374s] Level 1:colcon.colcon_core.package_identification:_identify(src) by extensions ['ignore', 'ignore_ament_install']
[0.375s] Level 1:colcon.colcon_core.package_identification:_identify(src) by extension 'ignore'
[0.375s] Level 1:colcon.colcon_core.package_identification:_identify(src) by extension 'ignore_ament_install'
[0.375s] Level 1:colcon.colcon_core.package_identification:_identify(src) by extensions ['colcon_pkg']
[0.375s] Level 1:colcon.colcon_core.package_identification:_identify(src) by extension 'colcon_pkg'
[0.375s] Level 1:colcon.colcon_core.package_identification:_identify(src) by extensions ['colcon_meta']
[0.375s] Level 1:colcon.colcon_core.package_identification:_identify(src) by extension 'colcon_meta'
[0.375s] Level 1:colcon.colcon_core.package_identification:_identify(src) by extensions ['ros']
[0.375s] Level 1:colcon.colcon_core.package_identification:_identify(src) by extension 'ros'
[0.376s] Level 1:colcon.colcon_core.package_identification:_identify(src) by extensions ['cmake', 'python']
[0.376s] Level 1:colcon.colcon_core.package_identification:_identify(src) by extension 'cmake'
[0.376s] Level 1:colcon.colcon_core.package_identification:_identify(src) by extension 'python'
[0.376s] Level 1:colcon.colcon_core.package_identification:_identify(src) by extensions ['python_setup_py']
[0.376s] Level 1:colcon.colcon_core.package_identification:_identify(src) by extension 'python_setup_py'
[0.376s] Level 1:colcon.colcon_core.package_identification:_identify(src/iti_lab7_task1) by extensions ['ignore', 'ignore_ament_install']
[0.376s] Level 1:colcon.colcon_core.package_identification:_identify(src/iti_lab7_task1) by extension 'ignore'
[0.377s] Level 1:colcon.colcon_core.package_identification:_identify(src/iti_lab7_task1) by extension 'ignore_ament_install'
[0.377s] Level 1:colcon.colcon_core.package_identification:_identify(src/iti_lab7_task1) by extensions ['colcon_pkg']
[0.377s] Level 1:colcon.colcon_core.package_identification:_identify(src/iti_lab7_task1) by extension 'colcon_pkg'
[0.377s] Level 1:colcon.colcon_core.package_identification:_identify(src/iti_lab7_task1) by extensions ['colcon_meta']
[0.377s] Level 1:colcon.colcon_core.package_identification:_identify(src/iti_lab7_task1) by extension 'colcon_meta'
[0.377s] Level 1:colcon.colcon_core.package_identification:_identify(src/iti_lab7_task1) by extensions ['ros']
[0.377s] Level 1:colcon.colcon_core.package_identification:_identify(src/iti_lab7_task1) by extension 'ros'
[0.383s] DEBUG:colcon.colcon_core.package_identification:Package 'src/iti_lab7_task1' with type 'ros.ament_python' and name 'iti_lab7_task1'
[0.383s] Level 1:colcon.colcon_core.package_identification:_identify(src/iti_lab7_task2) by extensions ['ignore', 'ignore_ament_install']
[0.383s] Level 1:colcon.colcon_core.package_identification:_identify(src/iti_lab7_task2) by extension 'ignore'
[0.383s] Level 1:colcon.colcon_core.package_identification:_identify(src/iti_lab7_task2) by extension 'ignore_ament_install'
[0.383s] Level 1:colcon.colcon_core.package_identification:_identify(src/iti_lab7_task2) by extensions ['colcon_pkg']
[0.384s] Level 1:colcon.colcon_core.package_identification:_identify(src/iti_lab7_task2) by extension 'colcon_pkg'
[0.384s] Level 1:colcon.colcon_core.package_identification:_identify(src/iti_lab7_task2) by extensions ['colcon_meta']
[0.384s] Level 1:colcon.colcon_core.package_identification:_identify(src/iti_lab7_task2) by extension 'colcon_meta'
[0.384s] Level 1:colcon.colcon_core.package_identification:_identify(src/iti_lab7_task2) by extensions ['ros']
[0.384s] Level 1:colcon.colcon_core.package_identification:_identify(src/iti_lab7_task2) by extension 'ros'
[0.385s] DEBUG:colcon.colcon_core.package_identification:Package 'src/iti_lab7_task2' with type 'ros.ament_python' and name 'iti_lab7_task2'
[0.385s] Level 1:colcon.colcon_core.package_identification:_identify(src/iti_lab7_task3) by extensions ['ignore', 'ignore_ament_install']
[0.386s] Level 1:colcon.colcon_core.package_identification:_identify(src/iti_lab7_task3) by extension 'ignore'
[0.386s] Level 1:colcon.colcon_core.package_identification:_identify(src/iti_lab7_task3) by extension 'ignore_ament_install'
[0.386s] Level 1:colcon.colcon_core.package_identification:_identify(src/iti_lab7_task3) by extensions ['colcon_pkg']
[0.386s] Level 1:colcon.colcon_core.package_identification:_identify(src/iti_lab7_task3) by extension 'colcon_pkg'
[0.386s] Level 1:colcon.colcon_core.package_identification:_identify(src/iti_lab7_task3) by extensions ['colcon_meta']
[0.386s] Level 1:colcon.colcon_core.package_identification:_identify(src/iti_lab7_task3) by extension 'colcon_meta'
[0.386s] Level 1:colcon.colcon_core.package_identification:_identify(src/iti_lab7_task3) by extensions ['ros']
[0.386s] Level 1:colcon.colcon_core.package_identification:_identify(src/iti_lab7_task3) by extension 'ros'
[0.388s] DEBUG:colcon.colcon_core.package_identification:Package 'src/iti_lab7_task3' with type 'ros.ament_cmake' and name 'cpp'
[0.388s] Level 1:colcon.colcon_core.package_discovery:discover_packages(recursive) using defaults
[0.388s] Level 1:colcon.colcon_core.package_discovery:discover_packages(ignore) discover
[0.388s] Level 1:colcon.colcon_core.package_discovery:discover_packages(ignore) using defaults
[0.388s] Level 1:colcon.colcon_core.package_discovery:discover_packages(path) discover
[0.388s] Level 1:colcon.colcon_core.package_discovery:discover_packages(path) using defaults
[0.414s] INFO:colcon.colcon_core.package_selection:Skipping not selected package 'cpp' in 'src/iti_lab7_task3'
[0.414s] INFO:colcon.colcon_core.package_selection:Skipping not selected package 'iti_lab7_task1' in 'src/iti_lab7_task1'
[0.417s] Level 5:colcon.colcon_core.verb:set package 'iti_lab7_task2' build argument 'cmake_args' from command line to 'None'
[0.417s] Level 5:colcon.colcon_core.verb:set package 'iti_lab7_task2' build argument 'cmake_target' from command line to 'None'
[0.417s] Level 5:colcon.colcon_core.verb:set package 'iti_lab7_task2' build argument 'cmake_target_skip_unavailable' from command line to 'False'
[0.417s] Level 5:colcon.colcon_core.verb:set package 'iti_lab7_task2' build argument 'cmake_clean_cache' from command line to 'False'
[0.418s] Level 5:colcon.colcon_core.verb:set package 'iti_lab7_task2' build argument 'cmake_clean_first' from command line to 'False'
[0.418s] Level 5:colcon.colcon_core.verb:set package 'iti_lab7_task2' build argument 'cmake_force_configure' from command line to 'False'
[0.418s] Level 5:colcon.colcon_core.verb:set package 'iti_lab7_task2' build argument 'ament_cmake_args' from command line to 'None'
[0.418s] Level 5:colcon.colcon_core.verb:set package 'iti_lab7_task2' build argument 'catkin_cmake_args' from command line to 'None'
[0.418s] Level 5:colcon.colcon_core.verb:set package 'iti_lab7_task2' build argument 'catkin_skip_building_tests' from command line to 'False'
[0.418s] DEBUG:colcon.colcon_core.verb:Building package 'iti_lab7_task2' with the following arguments: {'ament_cmake_args': None, 'build_base': '/home/ahmed/Documents/ITI_LSSD/ROS/ROS_WS/LAB7_Tasks/build/iti_lab7_task2', 'catkin_cmake_args': None, 'catkin_skip_building_tests': False, 'cmake_args': None, 'cmake_clean_cache': False, 'cmake_clean_first': False, 'cmake_force_configure': False, 'cmake_target': None, 'cmake_target_skip_unavailable': False, 'install_base': '/home/ahmed/Documents/ITI_LSSD/ROS/ROS_WS/LAB7_Tasks/install/iti_lab7_task2', 'merge_install': False, 'path': '/home/ahmed/Documents/ITI_LSSD/ROS/ROS_WS/LAB7_Tasks/src/iti_lab7_task2', 'symlink_install': False, 'test_result_base': None}
[0.418s] INFO:colcon.colcon_core.executor:Executing jobs using 'parallel' executor
[0.421s] DEBUG:colcon.colcon_parallel_executor.executor.parallel:run_until_complete
[0.421s] INFO:colcon.colcon_ros.task.ament_python.build:Building ROS package in '/home/ahmed/Documents/ITI_LSSD/ROS/ROS_WS/LAB7_Tasks/src/iti_lab7_task2' with build type 'ament_python'
[0.422s] Level 1:colcon.colcon_core.shell:create_environment_hook('iti_lab7_task2', 'ament_prefix_path')
[0.426s] INFO:colcon.colcon_core.plugin_system:Skipping extension 'colcon_core.shell.bat': Not used on non-Windows systems
[0.426s] INFO:colcon.colcon_core.shell:Creating environment hook '/home/ahmed/Documents/ITI_LSSD/ROS/ROS_WS/LAB7_Tasks/install/iti_lab7_task2/share/iti_lab7_task2/hook/ament_prefix_path.ps1'
[0.428s] INFO:colcon.colcon_core.shell:Creating environment descriptor '/home/ahmed/Documents/ITI_LSSD/ROS/ROS_WS/LAB7_Tasks/install/iti_lab7_task2/share/iti_lab7_task2/hook/ament_prefix_path.dsv'
[0.428s] INFO:colcon.colcon_core.shell:Creating environment hook '/home/ahmed/Documents/ITI_LSSD/ROS/ROS_WS/LAB7_Tasks/install/iti_lab7_task2/share/iti_lab7_task2/hook/ament_prefix_path.sh'
[0.430s] INFO:colcon.colcon_core.shell:Skip shell extension 'powershell' for command environment: Not usable outside of PowerShell
[0.430s] DEBUG:colcon.colcon_core.shell:Skip shell extension 'dsv' for command environment
[0.433s] DEBUG:colcon.colcon_core.shell:Ignoring prefix path '/opt/ros/foxy'
[0.778s] INFO:colcon.colcon_core.task.python.build:Building Python package in '/home/ahmed/Documents/ITI_LSSD/ROS/ROS_WS/LAB7_Tasks/src/iti_lab7_task2'
[0.780s] INFO:colcon.colcon_core.shell:Skip shell extension 'powershell' for command environment: Not usable outside of PowerShell
[0.780s] DEBUG:colcon.colcon_core.shell:Skip shell extension 'dsv' for command environment
[0.782s] DEBUG:colcon.colcon_core.shell:Ignoring prefix path '/opt/ros/foxy'
[0.789s] DEBUG:colcon.colcon_core.event_handler.log_command:Invoking command in '/home/ahmed/Documents/ITI_LSSD/ROS/ROS_WS/LAB7_Tasks/src/iti_lab7_task2': CONDA_PROMPT_MODIFIER=(base) PYTHONPATH=/home/ahmed/Documents/ITI_LSSD/ROS/ROS_WS/LAB7_Tasks/install/iti_lab7_task2/lib/python3.8/site-packages:${PYTHONPATH} /usr/bin/python3 setup.py egg_info --egg-base ../../build/iti_lab7_task2 build --build-base /home/ahmed/Documents/ITI_LSSD/ROS/ROS_WS/LAB7_Tasks/build/iti_lab7_task2/build install --prefix /home/ahmed/Documents/ITI_LSSD/ROS/ROS_WS/LAB7_Tasks/install/iti_lab7_task2 --record /home/ahmed/Documents/ITI_LSSD/ROS/ROS_WS/LAB7_Tasks/build/iti_lab7_task2/install.log --single-version-externally-managed
[1.208s] Level 1:colcon.colcon_core.environment:checking '/home/ahmed/Documents/ITI_LSSD/ROS/ROS_WS/LAB7_Tasks/install/iti_lab7_task2' for CMake module files
[1.209s] Level 1:colcon.colcon_core.environment:checking '/home/ahmed/Documents/ITI_LSSD/ROS/ROS_WS/LAB7_Tasks/install/iti_lab7_task2' for CMake config files
[1.211s] Level 1:colcon.colcon_core.environment:checking '/home/ahmed/Documents/ITI_LSSD/ROS/ROS_WS/LAB7_Tasks/install/iti_lab7_task2/lib'
[1.211s] Level 1:colcon.colcon_core.environment:checking '/home/ahmed/Documents/ITI_LSSD/ROS/ROS_WS/LAB7_Tasks/install/iti_lab7_task2/bin'
[1.211s] Level 1:colcon.colcon_core.environment:checking '/home/ahmed/Documents/ITI_LSSD/ROS/ROS_WS/LAB7_Tasks/install/iti_lab7_task2/lib/pkgconfig/iti_lab7_task2.pc'
[1.211s] Level 1:colcon.colcon_core.environment:checking '/home/ahmed/Documents/ITI_LSSD/ROS/ROS_WS/LAB7_Tasks/install/iti_lab7_task2/lib/python3.8/site-packages'
[1.211s] Level 1:colcon.colcon_core.shell:create_environment_hook('iti_lab7_task2', 'pythonpath')
[1.213s] INFO:colcon.colcon_core.shell:Creating environment hook '/home/ahmed/Documents/ITI_LSSD/ROS/ROS_WS/LAB7_Tasks/install/iti_lab7_task2/share/iti_lab7_task2/hook/pythonpath.ps1'
[1.213s] INFO:colcon.colcon_core.shell:Creating environment descriptor '/home/ahmed/Documents/ITI_LSSD/ROS/ROS_WS/LAB7_Tasks/install/iti_lab7_task2/share/iti_lab7_task2/hook/pythonpath.dsv'
[1.214s] INFO:colcon.colcon_core.shell:Creating environment hook '/home/ahmed/Documents/ITI_LSSD/ROS/ROS_WS/LAB7_Tasks/install/iti_lab7_task2/share/iti_lab7_task2/hook/pythonpath.sh'
[1.215s] Level 1:colcon.colcon_core.environment:create_environment_scripts_only(iti_lab7_task2)
[1.216s] INFO:colcon.colcon_core.shell:Creating package script '/home/ahmed/Documents/ITI_LSSD/ROS/ROS_WS/LAB7_Tasks/install/iti_lab7_task2/share/iti_lab7_task2/package.ps1'
[1.218s] DEBUG:colcon.colcon_core.event_handler.log_command:Invoked command in '/home/ahmed/Documents/ITI_LSSD/ROS/ROS_WS/LAB7_Tasks/src/iti_lab7_task2' returned '0': CONDA_PROMPT_MODIFIER=(base) PYTHONPATH=/home/ahmed/Documents/ITI_LSSD/ROS/ROS_WS/LAB7_Tasks/install/iti_lab7_task2/lib/python3.8/site-packages:${PYTHONPATH} /usr/bin/python3 setup.py egg_info --egg-base ../../build/iti_lab7_task2 build --build-base /home/ahmed/Documents/ITI_LSSD/ROS/ROS_WS/LAB7_Tasks/build/iti_lab7_task2/build install --prefix /home/ahmed/Documents/ITI_LSSD/ROS/ROS_WS/LAB7_Tasks/install/iti_lab7_task2 --record /home/ahmed/Documents/ITI_LSSD/ROS/ROS_WS/LAB7_Tasks/build/iti_lab7_task2/install.log --single-version-externally-managed
[1.221s] INFO:colcon.colcon_core.shell:Creating package descriptor '/home/ahmed/Documents/ITI_LSSD/ROS/ROS_WS/LAB7_Tasks/install/iti_lab7_task2/share/iti_lab7_task2/package.dsv'
[1.222s] INFO:colcon.colcon_core.shell:Creating package script '/home/ahmed/Documents/ITI_LSSD/ROS/ROS_WS/LAB7_Tasks/install/iti_lab7_task2/share/iti_lab7_task2/package.sh'
[1.224s] INFO:colcon.colcon_core.shell:Creating package script '/home/ahmed/Documents/ITI_LSSD/ROS/ROS_WS/LAB7_Tasks/install/iti_lab7_task2/share/iti_lab7_task2/package.bash'
[1.225s] INFO:colcon.colcon_core.shell:Creating package script '/home/ahmed/Documents/ITI_LSSD/ROS/ROS_WS/LAB7_Tasks/install/iti_lab7_task2/share/iti_lab7_task2/package.zsh'
[1.226s] Level 1:colcon.colcon_core.environment:create_file_with_runtime_dependencies(/home/ahmed/Documents/ITI_LSSD/ROS/ROS_WS/LAB7_Tasks/install/iti_lab7_task2/share/colcon-core/packages/iti_lab7_task2)
[1.228s] DEBUG:colcon.colcon_parallel_executor.executor.parallel:closing loop
[1.228s] DEBUG:colcon.colcon_parallel_executor.executor.parallel:loop closed
[1.228s] DEBUG:colcon.colcon_parallel_executor.executor.parallel:run_until_complete finished with '0'
[1.228s] DEBUG:colcon.colcon_core.event_reactor:joining thread
[1.242s] INFO:colcon.colcon_core.plugin_system:Skipping extension 'colcon_notification.desktop_notification.terminal_notifier': Not used on non-Darwin systems
[1.242s] INFO:colcon.colcon_core.plugin_system:Skipping extension 'colcon_notification.desktop_notification.win32': Not used on non-Windows systems
[1.242s] INFO:colcon.colcon_notification.desktop_notification:Sending desktop notification using 'notify2'
[1.266s] DEBUG:colcon.colcon_core.event_reactor:joined thread
[1.268s] INFO:colcon.colcon_core.shell:Creating prefix script '/home/ahmed/Documents/ITI_LSSD/ROS/ROS_WS/LAB7_Tasks/install/local_setup.ps1'
[1.269s] INFO:colcon.colcon_core.shell:Creating prefix util module '/home/ahmed/Documents/ITI_LSSD/ROS/ROS_WS/LAB7_Tasks/install/_local_setup_util_ps1.py'
[1.272s] INFO:colcon.colcon_core.shell:Creating prefix chain script '/home/ahmed/Documents/ITI_LSSD/ROS/ROS_WS/LAB7_Tasks/install/setup.ps1'
[1.277s] INFO:colcon.colcon_core.shell:Creating prefix script '/home/ahmed/Documents/ITI_LSSD/ROS/ROS_WS/LAB7_Tasks/install/local_setup.sh'
[1.279s] INFO:colcon.colcon_core.shell:Creating prefix util module '/home/ahmed/Documents/ITI_LSSD/ROS/ROS_WS/LAB7_Tasks/install/_local_setup_util_sh.py'
[1.280s] INFO:colcon.colcon_core.shell:Creating prefix chain script '/home/ahmed/Documents/ITI_LSSD/ROS/ROS_WS/LAB7_Tasks/install/setup.sh'
[1.285s] INFO:colcon.colcon_core.shell:Creating prefix script '/home/ahmed/Documents/ITI_LSSD/ROS/ROS_WS/LAB7_Tasks/install/local_setup.bash'
[1.286s] INFO:colcon.colcon_core.shell:Creating prefix chain script '/home/ahmed/Documents/ITI_LSSD/ROS/ROS_WS/LAB7_Tasks/install/setup.bash'
[1.290s] INFO:colcon.colcon_core.shell:Creating prefix script '/home/ahmed/Documents/ITI_LSSD/ROS/ROS_WS/LAB7_Tasks/install/local_setup.zsh'
[1.291s] INFO:colcon.colcon_core.shell:Creating prefix chain script '/home/ahmed/Documents/ITI_LSSD/ROS/ROS_WS/LAB7_Tasks/install/setup.zsh'
