[0.430s] Invoking command in '/home/ahmed/Documents/ITI_LSSD/ROS/ROS_WS/LAB8_Task/src/iti_lab_8': CONDA_PROMPT_MODIFIER=(base) PYTHONPATH=/home/ahmed/Documents/ITI_LSSD/ROS/ROS_WS/LAB8_Task/install/iti_lab_8/lib/python3.8/site-packages:${PYTHONPATH} /usr/bin/python3 setup.py egg_info --egg-base ../../build/iti_lab_8 build --build-base /home/ahmed/Documents/ITI_LSSD/ROS/ROS_WS/LAB8_Task/build/iti_lab_8/build install --prefix /home/ahmed/Documents/ITI_LSSD/ROS/ROS_WS/LAB8_Task/install/iti_lab_8 --record /home/ahmed/Documents/ITI_LSSD/ROS/ROS_WS/LAB8_Task/build/iti_lab_8/install.log --single-version-externally-managed
[1.082s] running egg_info
[1.083s] creating ../../build/iti_lab_8/iti_lab_8.egg-info
[1.083s] writing ../../build/iti_lab_8/iti_lab_8.egg-info/PKG-INFO
[1.083s] writing dependency_links to ../../build/iti_lab_8/iti_lab_8.egg-info/dependency_links.txt
[1.084s] writing entry points to ../../build/iti_lab_8/iti_lab_8.egg-info/entry_points.txt
[1.084s] writing requirements to ../../build/iti_lab_8/iti_lab_8.egg-info/requires.txt
[1.084s] writing top-level names to ../../build/iti_lab_8/iti_lab_8.egg-info/top_level.txt
[1.132s] writing manifest file '../../build/iti_lab_8/iti_lab_8.egg-info/SOURCES.txt'
[1.249s] reading manifest file '../../build/iti_lab_8/iti_lab_8.egg-info/SOURCES.txt'
[1.250s] writing manifest file '../../build/iti_lab_8/iti_lab_8.egg-info/SOURCES.txt'
[1.250s] running build
[1.251s] running build_py
[1.251s] creating /home/ahmed/Documents/ITI_LSSD/ROS/ROS_WS/LAB8_Task/build/iti_lab_8/build
[1.251s] creating /home/ahmed/Documents/ITI_LSSD/ROS/ROS_WS/LAB8_Task/build/iti_lab_8/build/lib
[1.251s] creating /home/ahmed/Documents/ITI_LSSD/ROS/ROS_WS/LAB8_Task/build/iti_lab_8/build/lib/iti_lab_8
[1.251s] copying iti_lab_8/__init__.py -> /home/ahmed/Documents/ITI_LSSD/ROS/ROS_WS/LAB8_Task/build/iti_lab_8/build/lib/iti_lab_8
[1.251s] running install
[1.263s] running install_lib
[1.280s] creating /home/ahmed/Documents/ITI_LSSD/ROS/ROS_WS/LAB8_Task/install/iti_lab_8/lib/python3.8/site-packages/iti_lab_8
[1.280s] copying /home/ahmed/Documents/ITI_LSSD/ROS/ROS_WS/LAB8_Task/build/iti_lab_8/build/lib/iti_lab_8/__init__.py -> /home/ahmed/Documents/ITI_LSSD/ROS/ROS_WS/LAB8_Task/install/iti_lab_8/lib/python3.8/site-packages/iti_lab_8
[1.281s] byte-compiling /home/ahmed/Documents/ITI_LSSD/ROS/ROS_WS/LAB8_Task/install/iti_lab_8/lib/python3.8/site-packages/iti_lab_8/__init__.py to __init__.cpython-38.pyc
[1.282s] running install_data
[1.295s] creating /home/ahmed/Documents/ITI_LSSD/ROS/ROS_WS/LAB8_Task/install/iti_lab_8/share/ament_index
[1.295s] creating /home/ahmed/Documents/ITI_LSSD/ROS/ROS_WS/LAB8_Task/install/iti_lab_8/share/ament_index/resource_index
[1.295s] creating /home/ahmed/Documents/ITI_LSSD/ROS/ROS_WS/LAB8_Task/install/iti_lab_8/share/ament_index/resource_index/packages
[1.295s] copying resource/iti_lab_8 -> /home/ahmed/Documents/ITI_LSSD/ROS/ROS_WS/LAB8_Task/install/iti_lab_8/share/ament_index/resource_index/packages
[1.295s] copying package.xml -> /home/ahmed/Documents/ITI_LSSD/ROS/ROS_WS/LAB8_Task/install/iti_lab_8/share/iti_lab_8
[1.296s] running install_egg_info
[1.310s] Copying ../../build/iti_lab_8/iti_lab_8.egg-info to /home/ahmed/Documents/ITI_LSSD/ROS/ROS_WS/LAB8_Task/install/iti_lab_8/lib/python3.8/site-packages/iti_lab_8-0.0.0-py3.8.egg-info
[1.311s] running install_scripts
[1.365s] writing list of installed files to '/home/ahmed/Documents/ITI_LSSD/ROS/ROS_WS/LAB8_Task/build/iti_lab_8/install.log'
[1.402s] Invoked command in '/home/ahmed/Documents/ITI_LSSD/ROS/ROS_WS/LAB8_Task/src/iti_lab_8' returned '0': CONDA_PROMPT_MODIFIER=(base) PYTHONPATH=/home/ahmed/Documents/ITI_LSSD/ROS/ROS_WS/LAB8_Task/install/iti_lab_8/lib/python3.8/site-packages:${PYTHONPATH} /usr/bin/python3 setup.py egg_info --egg-base ../../build/iti_lab_8 build --build-base /home/ahmed/Documents/ITI_LSSD/ROS/ROS_WS/LAB8_Task/build/iti_lab_8/build install --prefix /home/ahmed/Documents/ITI_LSSD/ROS/ROS_WS/LAB8_Task/install/iti_lab_8 --record /home/ahmed/Documents/ITI_LSSD/ROS/ROS_WS/LAB8_Task/build/iti_lab_8/install.log --single-version-externally-managed
