running egg_info
writing ../../build/iti_lab_8/iti_lab_8.egg-info/PKG-INFO
writing dependency_links to ../../build/iti_lab_8/iti_lab_8.egg-info/dependency_links.txt
writing entry points to ../../build/iti_lab_8/iti_lab_8.egg-info/entry_points.txt
writing requirements to ../../build/iti_lab_8/iti_lab_8.egg-info/requires.txt
writing top-level names to ../../build/iti_lab_8/iti_lab_8.egg-info/top_level.txt
reading manifest file '../../build/iti_lab_8/iti_lab_8.egg-info/SOURCES.txt'
writing manifest file '../../build/iti_lab_8/iti_lab_8.egg-info/SOURCES.txt'
running build
running build_py
copying iti_lab_8/sub_node.py -> /home/ahmed/Documents/ITI_LSSD/ROS/ROS_WS/LAB8_Task/build/iti_lab_8/build/lib/iti_lab_8
copying iti_lab_8/pub_node.py -> /home/ahmed/Documents/ITI_LSSD/ROS/ROS_WS/LAB8_Task/build/iti_lab_8/build/lib/iti_lab_8
running install
running install_lib
copying /home/ahmed/Documents/ITI_LSSD/ROS/ROS_WS/LAB8_Task/build/iti_lab_8/build/lib/iti_lab_8/sub_node.py -> /home/ahmed/Documents/ITI_LSSD/ROS/ROS_WS/LAB8_Task/install/iti_lab_8/lib/python3.8/site-packages/iti_lab_8
copying /home/ahmed/Documents/ITI_LSSD/ROS/ROS_WS/LAB8_Task/build/iti_lab_8/build/lib/iti_lab_8/pub_node.py -> /home/ahmed/Documents/ITI_LSSD/ROS/ROS_WS/LAB8_Task/install/iti_lab_8/lib/python3.8/site-packages/iti_lab_8
byte-compiling /home/ahmed/Documents/ITI_LSSD/ROS/ROS_WS/LAB8_Task/install/iti_lab_8/lib/python3.8/site-packages/iti_lab_8/sub_node.py to sub_node.cpython-38.pyc
byte-compiling /home/ahmed/Documents/ITI_LSSD/ROS/ROS_WS/LAB8_Task/install/iti_lab_8/lib/python3.8/site-packages/iti_lab_8/pub_node.py to pub_node.cpython-38.pyc
running install_data
running install_egg_info
removing '/home/ahmed/Documents/ITI_LSSD/ROS/ROS_WS/LAB8_Task/install/iti_lab_8/lib/python3.8/site-packages/iti_lab_8-0.0.0-py3.8.egg-info' (and everything under it)
Copying ../../build/iti_lab_8/iti_lab_8.egg-info to /home/ahmed/Documents/ITI_LSSD/ROS/ROS_WS/LAB8_Task/install/iti_lab_8/lib/python3.8/site-packages/iti_lab_8-0.0.0-py3.8.egg-info
running install_scripts
writing list of installed files to '/home/ahmed/Documents/ITI_LSSD/ROS/ROS_WS/LAB8_Task/build/iti_lab_8/install.log'
