-- The C compiler identification is GNU 9.3.0
-- The CXX compiler identification is GNU 9.3.0
-- Check for working C compiler: /usr/bin/cc
-- Check for working C compiler: /usr/bin/cc -- works
-- Detecting C compiler ABI info
-- Detecting C compiler ABI info - done
-- Detecting C compile features
-- Detecting C compile features - done
-- Check for working CXX compiler: /usr/bin/c++
-- Check for working CXX compiler: /usr/bin/c++ -- works
-- Detecting CXX compiler ABI info
-- Detecting CXX compiler ABI info - done
-- Detecting CXX compile features
-- Detecting CXX compile features - done
-- Found ament_cmake: 0.9.8 (/opt/ros/foxy/share/ament_cmake/cmake)
-- Found PythonInterp: /usr/bin/python3 (found suitable version "3.8.5", minimum required is "3") 
-- Using PYTHON_EXECUTABLE: /usr/bin/python3
-- Found ament_lint_auto: 0.9.6 (/opt/ros/foxy/share/ament_lint_auto/cmake)
-- Found rosidl_default_generators: 1.0.1 (/opt/ros/foxy/share/rosidl_default_generators/cmake)
-- Using all available rosidl_typesupport_c: rosidl_typesupport_fastrtps_c;rosidl_typesupport_introspection_c
-- Found rosidl_adapter: 1.2.1 (/opt/ros/foxy/share/rosidl_adapter/cmake)
-- Found OpenSSL: /usr/lib/x86_64-linux-gnu/libcrypto.so (found version "1.1.1f")  
-- Found FastRTPS: /opt/ros/foxy/include  
-- Using all available rosidl_typesupport_cpp: rosidl_typesupport_fastrtps_cpp;rosidl_typesupport_introspection_cpp
-- Found PythonInterp: /usr/bin/python3 (found version "3.8.5") 
-- Found ament_cmake_ros: 0.9.1 (/opt/ros/foxy/share/ament_cmake_ros/cmake)
-- Using all available rosidl_typesupport_c: rosidl_typesupport_fastrtps_c;rosidl_typesupport_introspection_c
-- Using all available rosidl_typesupport_cpp: rosidl_typesupport_fastrtps_cpp;rosidl_typesupport_introspection_cpp
-- Found PythonInterp: /usr/bin/python3 (found suitable version "3.8.5", minimum required is "3.5") 
-- Found python_cmake_module: 0.8.1 (/opt/ros/foxy/share/python_cmake_module/cmake)
-- Found PythonLibs: /usr/lib/x86_64-linux-gnu/libpython3.8.so (found suitable version "3.8.5", minimum required is "3.5") 
-- Using PYTHON_EXECUTABLE: /usr/bin/python3
-- Using PYTHON_INCLUDE_DIRS: /usr/include/python3.8
-- Using PYTHON_LIBRARIES: /usr/lib/x86_64-linux-gnu/libpython3.8.so
-- Found PythonExtra: .so  
-- Added test 'copyright' to check source files copyright and LICENSE
-- Added test 'lint_cmake' to check CMake code style
-- Added test 'xmllint' to check XML markup files
-- Configuring done
-- Generating done
-- Build files have been written to: /home/ahmed/Documents/ITI_LSSD/ROS/custom_msg_ws/iti_lab3/build/my_msgs
[35m[1mScanning dependencies of target my_msgs__cpp[0m
[  2%] [34m[1mGenerating C code for ROS interfaces[0m
[  5%] [34m[1mGenerating C++ code for ROS interfaces[0m
[35m[1mScanning dependencies of target my_msgs__rosidl_generator_c[0m
[  5%] Built target my_msgs__cpp
[  7%] [34m[1mGenerating C++ introspection for ROS interfaces[0m
[ 10%] [34m[1mGenerating C++ type support dispatch for ROS interfaces[0m
[ 12%] [34m[1mGenerating C++ type support for eProsima Fast-RTPS[0m
[ 15%] [32mBuilding C object CMakeFiles/my_msgs__rosidl_generator_c.dir/rosidl_generator_c/my_msgs/msg/detail/string_and_num__functions.c.o[0m
[ 17%] [32mBuilding C object CMakeFiles/my_msgs__rosidl_generator_c.dir/rosidl_generator_c/my_msgs/srv/detail/reset_num__functions.c.o[0m
[ 20%] [32m[1mLinking C shared library libmy_msgs__rosidl_generator_c.so[0m
[ 20%] Built target my_msgs__rosidl_generator_c
[ 23%] [34m[1mGenerating C introspection for ROS interfaces[0m
[35m[1mScanning dependencies of target my_msgs__rosidl_typesupport_fastrtps_cpp[0m
[35m[1mScanning dependencies of target my_msgs__rosidl_typesupport_introspection_cpp[0m
[ 25%] [32mBuilding CXX object CMakeFiles/my_msgs__rosidl_typesupport_fastrtps_cpp.dir/rosidl_typesupport_fastrtps_cpp/my_msgs/msg/detail/dds_fastrtps/string_and_num__type_support.cpp.o[0m
[ 28%] [32mBuilding CXX object CMakeFiles/my_msgs__rosidl_typesupport_introspection_cpp.dir/rosidl_typesupport_introspection_cpp/my_msgs/msg/detail/string_and_num__type_support.cpp.o[0m
[35m[1mScanning dependencies of target my_msgs__rosidl_typesupport_cpp[0m
[ 30%] [32mBuilding CXX object CMakeFiles/my_msgs__rosidl_typesupport_cpp.dir/rosidl_typesupport_cpp/my_msgs/msg/string_and_num__type_support.cpp.o[0m
[35m[1mScanning dependencies of target my_msgs__rosidl_typesupport_introspection_c[0m
[ 33%] [32mBuilding C object CMakeFiles/my_msgs__rosidl_typesupport_introspection_c.dir/rosidl_typesupport_introspection_c/my_msgs/msg/detail/string_and_num__type_support.c.o[0m
[ 35%] [32mBuilding C object CMakeFiles/my_msgs__rosidl_typesupport_introspection_c.dir/rosidl_typesupport_introspection_c/my_msgs/srv/detail/reset_num__type_support.c.o[0m
[ 38%] [32m[1mLinking C shared library libmy_msgs__rosidl_typesupport_introspection_c.so[0m
[ 38%] Built target my_msgs__rosidl_typesupport_introspection_c
[ 41%] [32mBuilding CXX object CMakeFiles/my_msgs__rosidl_typesupport_introspection_cpp.dir/rosidl_typesupport_introspection_cpp/my_msgs/srv/detail/reset_num__type_support.cpp.o[0m
[ 43%] [32mBuilding CXX object CMakeFiles/my_msgs__rosidl_typesupport_cpp.dir/rosidl_typesupport_cpp/my_msgs/srv/reset_num__type_support.cpp.o[0m
[ 46%] [34m[1mGenerating C type support dispatch for ROS interfaces[0m
[ 48%] [32m[1mLinking CXX shared library libmy_msgs__rosidl_typesupport_introspection_cpp.so[0m
[ 48%] Built target my_msgs__rosidl_typesupport_introspection_cpp
[ 51%] [32mBuilding CXX object CMakeFiles/my_msgs__rosidl_typesupport_fastrtps_cpp.dir/rosidl_typesupport_fastrtps_cpp/my_msgs/srv/detail/dds_fastrtps/reset_num__type_support.cpp.o[0m
[35m[1mScanning dependencies of target my_msgs__rosidl_typesupport_c[0m
[ 53%] [32mBuilding CXX object CMakeFiles/my_msgs__rosidl_typesupport_c.dir/rosidl_typesupport_c/my_msgs/srv/reset_num__type_support.cpp.o[0m
[ 56%] [32mBuilding CXX object CMakeFiles/my_msgs__rosidl_typesupport_c.dir/rosidl_typesupport_c/my_msgs/msg/string_and_num__type_support.cpp.o[0m
[ 58%] [32m[1mLinking CXX shared library libmy_msgs__rosidl_typesupport_c.so[0m
[ 61%] [32m[1mLinking CXX shared library libmy_msgs__rosidl_typesupport_cpp.so[0m
[ 61%] Built target my_msgs__rosidl_typesupport_c
[ 61%] Built target my_msgs__rosidl_typesupport_cpp
[ 64%] [32m[1mLinking CXX shared library libmy_msgs__rosidl_typesupport_fastrtps_cpp.so[0m
[ 64%] Built target my_msgs__rosidl_typesupport_fastrtps_cpp
[ 66%] [34m[1mGenerating C type support for eProsima Fast-RTPS[0m
[35m[1mScanning dependencies of target my_msgs__rosidl_typesupport_fastrtps_c[0m
[ 69%] [32mBuilding CXX object CMakeFiles/my_msgs__rosidl_typesupport_fastrtps_c.dir/rosidl_typesupport_fastrtps_c/my_msgs/msg/detail/string_and_num__type_support_c.cpp.o[0m
[ 71%] [32mBuilding CXX object CMakeFiles/my_msgs__rosidl_typesupport_fastrtps_c.dir/rosidl_typesupport_fastrtps_c/my_msgs/srv/detail/reset_num__type_support_c.cpp.o[0m
[ 74%] [32m[1mLinking CXX shared library libmy_msgs__rosidl_typesupport_fastrtps_c.so[0m
[ 74%] Built target my_msgs__rosidl_typesupport_fastrtps_c
[35m[1mScanning dependencies of target my_msgs[0m
[ 74%] Built target my_msgs
[35m[1mScanning dependencies of target my_msgs__py[0m
[ 76%] [34m[1mGenerating Python code for ROS interfaces[0m
[ 76%] Built target my_msgs__py
[35m[1mScanning dependencies of target my_msgs__python[0m
[ 79%] [32mBuilding C object CMakeFiles/my_msgs__python.dir/rosidl_generator_py/my_msgs/msg/_string_and_num_s.c.o[0m
[ 82%] [32mBuilding C object CMakeFiles/my_msgs__python.dir/rosidl_generator_py/my_msgs/srv/_reset_num_s.c.o[0m
[ 84%] [32m[1mLinking C shared library rosidl_generator_py/my_msgs/libmy_msgs__python.so[0m
[ 84%] Built target my_msgs__python
[35m[1mScanning dependencies of target my_msgs__rosidl_typesupport_fastrtps_c__pyext[0m
[35m[1mScanning dependencies of target my_msgs__rosidl_typesupport_introspection_c__pyext[0m
[35m[1mScanning dependencies of target my_msgs__rosidl_typesupport_c__pyext[0m
[ 87%] [32mBuilding C object CMakeFiles/my_msgs__rosidl_typesupport_introspection_c__pyext.dir/rosidl_generator_py/my_msgs/_my_msgs_s.ep.rosidl_typesupport_introspection_c.c.o[0m
[ 89%] [32mBuilding C object CMakeFiles/my_msgs__rosidl_typesupport_c__pyext.dir/rosidl_generator_py/my_msgs/_my_msgs_s.ep.rosidl_typesupport_c.c.o[0m
[ 92%] [32mBuilding C object CMakeFiles/my_msgs__rosidl_typesupport_fastrtps_c__pyext.dir/rosidl_generator_py/my_msgs/_my_msgs_s.ep.rosidl_typesupport_fastrtps_c.c.o[0m
[ 94%] [32m[1mLinking C shared library rosidl_generator_py/my_msgs/my_msgs_s__rosidl_typesupport_c.cpython-38-x86_64-linux-gnu.so[0m
[ 97%] [32m[1mLinking C shared library rosidl_generator_py/my_msgs/my_msgs_s__rosidl_typesupport_introspection_c.cpython-38-x86_64-linux-gnu.so[0m
[100%] [32m[1mLinking CXX shared library rosidl_generator_py/my_msgs/my_msgs_s__rosidl_typesupport_fastrtps_c.cpython-38-x86_64-linux-gnu.so[0m
[100%] Built target my_msgs__rosidl_typesupport_c__pyext
[100%] Built target my_msgs__rosidl_typesupport_introspection_c__pyext
[100%] Built target my_msgs__rosidl_typesupport_fastrtps_c__pyext
-- Install configuration: ""
-- Installing: /home/ahmed/Documents/ITI_LSSD/ROS/custom_msg_ws/iti_lab3/install/my_msgs/share/ament_index/resource_index/rosidl_interfaces/my_msgs
-- Installing: /home/ahmed/Documents/ITI_LSSD/ROS/custom_msg_ws/iti_lab3/install/my_msgs/include/my_msgs
-- Installing: /home/ahmed/Documents/ITI_LSSD/ROS/custom_msg_ws/iti_lab3/install/my_msgs/include/my_msgs/msg
-- Installing: /home/ahmed/Documents/ITI_LSSD/ROS/custom_msg_ws/iti_lab3/install/my_msgs/include/my_msgs/msg/string_and_num.h
-- Installing: /home/ahmed/Documents/ITI_LSSD/ROS/custom_msg_ws/iti_lab3/install/my_msgs/include/my_msgs/msg/detail
-- Installing: /home/ahmed/Documents/ITI_LSSD/ROS/custom_msg_ws/iti_lab3/install/my_msgs/include/my_msgs/msg/detail/string_and_num__type_support.h
-- Installing: /home/ahmed/Documents/ITI_LSSD/ROS/custom_msg_ws/iti_lab3/install/my_msgs/include/my_msgs/msg/detail/string_and_num__functions.c
-- Installing: /home/ahmed/Documents/ITI_LSSD/ROS/custom_msg_ws/iti_lab3/install/my_msgs/include/my_msgs/msg/detail/string_and_num__functions.h
-- Installing: /home/ahmed/Documents/ITI_LSSD/ROS/custom_msg_ws/iti_lab3/install/my_msgs/include/my_msgs/msg/detail/string_and_num__struct.h
-- Installing: /home/ahmed/Documents/ITI_LSSD/ROS/custom_msg_ws/iti_lab3/install/my_msgs/include/my_msgs/msg/rosidl_generator_c__visibility_control.h
-- Installing: /home/ahmed/Documents/ITI_LSSD/ROS/custom_msg_ws/iti_lab3/install/my_msgs/include/my_msgs/srv
-- Installing: /home/ahmed/Documents/ITI_LSSD/ROS/custom_msg_ws/iti_lab3/install/my_msgs/include/my_msgs/srv/reset_num.h
-- Installing: /home/ahmed/Documents/ITI_LSSD/ROS/custom_msg_ws/iti_lab3/install/my_msgs/include/my_msgs/srv/detail
-- Installing: /home/ahmed/Documents/ITI_LSSD/ROS/custom_msg_ws/iti_lab3/install/my_msgs/include/my_msgs/srv/detail/reset_num__type_support.h
-- Installing: /home/ahmed/Documents/ITI_LSSD/ROS/custom_msg_ws/iti_lab3/install/my_msgs/include/my_msgs/srv/detail/reset_num__struct.h
-- Installing: /home/ahmed/Documents/ITI_LSSD/ROS/custom_msg_ws/iti_lab3/install/my_msgs/include/my_msgs/srv/detail/reset_num__functions.h
-- Installing: /home/ahmed/Documents/ITI_LSSD/ROS/custom_msg_ws/iti_lab3/install/my_msgs/include/my_msgs/srv/detail/reset_num__functions.c
-- Installing: /home/ahmed/Documents/ITI_LSSD/ROS/custom_msg_ws/iti_lab3/install/my_msgs/share/my_msgs/environment/library_path.sh
-- Installing: /home/ahmed/Documents/ITI_LSSD/ROS/custom_msg_ws/iti_lab3/install/my_msgs/share/my_msgs/environment/library_path.dsv
-- Installing: /home/ahmed/Documents/ITI_LSSD/ROS/custom_msg_ws/iti_lab3/install/my_msgs/lib/libmy_msgs__rosidl_generator_c.so
-- Set runtime path of "/home/ahmed/Documents/ITI_LSSD/ROS/custom_msg_ws/iti_lab3/install/my_msgs/lib/libmy_msgs__rosidl_generator_c.so" to ""
-- Up-to-date: /home/ahmed/Documents/ITI_LSSD/ROS/custom_msg_ws/iti_lab3/install/my_msgs/include/my_msgs
-- Up-to-date: /home/ahmed/Documents/ITI_LSSD/ROS/custom_msg_ws/iti_lab3/install/my_msgs/include/my_msgs/msg
-- Installing: /home/ahmed/Documents/ITI_LSSD/ROS/custom_msg_ws/iti_lab3/install/my_msgs/include/my_msgs/msg/rosidl_typesupport_fastrtps_c__visibility_control.h
-- Up-to-date: /home/ahmed/Documents/ITI_LSSD/ROS/custom_msg_ws/iti_lab3/install/my_msgs/include/my_msgs/msg/detail
-- Installing: /home/ahmed/Documents/ITI_LSSD/ROS/custom_msg_ws/iti_lab3/install/my_msgs/include/my_msgs/msg/detail/string_and_num__rosidl_typesupport_fastrtps_c.h
-- Up-to-date: /home/ahmed/Documents/ITI_LSSD/ROS/custom_msg_ws/iti_lab3/install/my_msgs/include/my_msgs/srv
-- Up-to-date: /home/ahmed/Documents/ITI_LSSD/ROS/custom_msg_ws/iti_lab3/install/my_msgs/include/my_msgs/srv/detail
-- Installing: /home/ahmed/Documents/ITI_LSSD/ROS/custom_msg_ws/iti_lab3/install/my_msgs/include/my_msgs/srv/detail/reset_num__rosidl_typesupport_fastrtps_c.h
-- Installing: /home/ahmed/Documents/ITI_LSSD/ROS/custom_msg_ws/iti_lab3/install/my_msgs/lib/libmy_msgs__rosidl_typesupport_fastrtps_c.so
-- Set runtime path of "/home/ahmed/Documents/ITI_LSSD/ROS/custom_msg_ws/iti_lab3/install/my_msgs/lib/libmy_msgs__rosidl_typesupport_fastrtps_c.so" to ""
-- Up-to-date: /home/ahmed/Documents/ITI_LSSD/ROS/custom_msg_ws/iti_lab3/install/my_msgs/include/my_msgs
-- Up-to-date: /home/ahmed/Documents/ITI_LSSD/ROS/custom_msg_ws/iti_lab3/install/my_msgs/include/my_msgs/msg
-- Installing: /home/ahmed/Documents/ITI_LSSD/ROS/custom_msg_ws/iti_lab3/install/my_msgs/include/my_msgs/msg/rosidl_typesupport_fastrtps_cpp__visibility_control.h
-- Up-to-date: /home/ahmed/Documents/ITI_LSSD/ROS/custom_msg_ws/iti_lab3/install/my_msgs/include/my_msgs/msg/detail
-- Installing: /home/ahmed/Documents/ITI_LSSD/ROS/custom_msg_ws/iti_lab3/install/my_msgs/include/my_msgs/msg/detail/dds_fastrtps
-- Installing: /home/ahmed/Documents/ITI_LSSD/ROS/custom_msg_ws/iti_lab3/install/my_msgs/include/my_msgs/msg/detail/string_and_num__rosidl_typesupport_fastrtps_cpp.hpp
-- Up-to-date: /home/ahmed/Documents/ITI_LSSD/ROS/custom_msg_ws/iti_lab3/install/my_msgs/include/my_msgs/srv
-- Up-to-date: /home/ahmed/Documents/ITI_LSSD/ROS/custom_msg_ws/iti_lab3/install/my_msgs/include/my_msgs/srv/detail
-- Installing: /home/ahmed/Documents/ITI_LSSD/ROS/custom_msg_ws/iti_lab3/install/my_msgs/include/my_msgs/srv/detail/dds_fastrtps
-- Installing: /home/ahmed/Documents/ITI_LSSD/ROS/custom_msg_ws/iti_lab3/install/my_msgs/include/my_msgs/srv/detail/reset_num__rosidl_typesupport_fastrtps_cpp.hpp
-- Installing: /home/ahmed/Documents/ITI_LSSD/ROS/custom_msg_ws/iti_lab3/install/my_msgs/lib/libmy_msgs__rosidl_typesupport_fastrtps_cpp.so
-- Set runtime path of "/home/ahmed/Documents/ITI_LSSD/ROS/custom_msg_ws/iti_lab3/install/my_msgs/lib/libmy_msgs__rosidl_typesupport_fastrtps_cpp.so" to ""
-- Up-to-date: /home/ahmed/Documents/ITI_LSSD/ROS/custom_msg_ws/iti_lab3/install/my_msgs/include/my_msgs
-- Up-to-date: /home/ahmed/Documents/ITI_LSSD/ROS/custom_msg_ws/iti_lab3/install/my_msgs/include/my_msgs/msg
-- Installing: /home/ahmed/Documents/ITI_LSSD/ROS/custom_msg_ws/iti_lab3/install/my_msgs/include/my_msgs/msg/rosidl_typesupport_introspection_c__visibility_control.h
-- Up-to-date: /home/ahmed/Documents/ITI_LSSD/ROS/custom_msg_ws/iti_lab3/install/my_msgs/include/my_msgs/msg/detail
-- Installing: /home/ahmed/Documents/ITI_LSSD/ROS/custom_msg_ws/iti_lab3/install/my_msgs/include/my_msgs/msg/detail/string_and_num__type_support.c
-- Installing: /home/ahmed/Documents/ITI_LSSD/ROS/custom_msg_ws/iti_lab3/install/my_msgs/include/my_msgs/msg/detail/string_and_num__rosidl_typesupport_introspection_c.h
-- Up-to-date: /home/ahmed/Documents/ITI_LSSD/ROS/custom_msg_ws/iti_lab3/install/my_msgs/include/my_msgs/srv
-- Up-to-date: /home/ahmed/Documents/ITI_LSSD/ROS/custom_msg_ws/iti_lab3/install/my_msgs/include/my_msgs/srv/detail
-- Installing: /home/ahmed/Documents/ITI_LSSD/ROS/custom_msg_ws/iti_lab3/install/my_msgs/include/my_msgs/srv/detail/reset_num__rosidl_typesupport_introspection_c.h
-- Installing: /home/ahmed/Documents/ITI_LSSD/ROS/custom_msg_ws/iti_lab3/install/my_msgs/include/my_msgs/srv/detail/reset_num__type_support.c
-- Installing: /home/ahmed/Documents/ITI_LSSD/ROS/custom_msg_ws/iti_lab3/install/my_msgs/lib/libmy_msgs__rosidl_typesupport_introspection_c.so
-- Set runtime path of "/home/ahmed/Documents/ITI_LSSD/ROS/custom_msg_ws/iti_lab3/install/my_msgs/lib/libmy_msgs__rosidl_typesupport_introspection_c.so" to ""
-- Installing: /home/ahmed/Documents/ITI_LSSD/ROS/custom_msg_ws/iti_lab3/install/my_msgs/lib/libmy_msgs__rosidl_typesupport_c.so
-- Set runtime path of "/home/ahmed/Documents/ITI_LSSD/ROS/custom_msg_ws/iti_lab3/install/my_msgs/lib/libmy_msgs__rosidl_typesupport_c.so" to ""
-- Up-to-date: /home/ahmed/Documents/ITI_LSSD/ROS/custom_msg_ws/iti_lab3/install/my_msgs/include/my_msgs
-- Up-to-date: /home/ahmed/Documents/ITI_LSSD/ROS/custom_msg_ws/iti_lab3/install/my_msgs/include/my_msgs/msg
-- Installing: /home/ahmed/Documents/ITI_LSSD/ROS/custom_msg_ws/iti_lab3/install/my_msgs/include/my_msgs/msg/string_and_num.hpp
-- Up-to-date: /home/ahmed/Documents/ITI_LSSD/ROS/custom_msg_ws/iti_lab3/install/my_msgs/include/my_msgs/msg/detail
-- Installing: /home/ahmed/Documents/ITI_LSSD/ROS/custom_msg_ws/iti_lab3/install/my_msgs/include/my_msgs/msg/detail/string_and_num__traits.hpp
-- Installing: /home/ahmed/Documents/ITI_LSSD/ROS/custom_msg_ws/iti_lab3/install/my_msgs/include/my_msgs/msg/detail/string_and_num__builder.hpp
-- Installing: /home/ahmed/Documents/ITI_LSSD/ROS/custom_msg_ws/iti_lab3/install/my_msgs/include/my_msgs/msg/detail/string_and_num__struct.hpp
-- Up-to-date: /home/ahmed/Documents/ITI_LSSD/ROS/custom_msg_ws/iti_lab3/install/my_msgs/include/my_msgs/srv
-- Installing: /home/ahmed/Documents/ITI_LSSD/ROS/custom_msg_ws/iti_lab3/install/my_msgs/include/my_msgs/srv/reset_num.hpp
-- Up-to-date: /home/ahmed/Documents/ITI_LSSD/ROS/custom_msg_ws/iti_lab3/install/my_msgs/include/my_msgs/srv/detail
-- Installing: /home/ahmed/Documents/ITI_LSSD/ROS/custom_msg_ws/iti_lab3/install/my_msgs/include/my_msgs/srv/detail/reset_num__builder.hpp
-- Installing: /home/ahmed/Documents/ITI_LSSD/ROS/custom_msg_ws/iti_lab3/install/my_msgs/include/my_msgs/srv/detail/reset_num__traits.hpp
-- Installing: /home/ahmed/Documents/ITI_LSSD/ROS/custom_msg_ws/iti_lab3/install/my_msgs/include/my_msgs/srv/detail/reset_num__struct.hpp
-- Up-to-date: /home/ahmed/Documents/ITI_LSSD/ROS/custom_msg_ws/iti_lab3/install/my_msgs/include/my_msgs
-- Up-to-date: /home/ahmed/Documents/ITI_LSSD/ROS/custom_msg_ws/iti_lab3/install/my_msgs/include/my_msgs/msg
-- Up-to-date: /home/ahmed/Documents/ITI_LSSD/ROS/custom_msg_ws/iti_lab3/install/my_msgs/include/my_msgs/msg/detail
-- Installing: /home/ahmed/Documents/ITI_LSSD/ROS/custom_msg_ws/iti_lab3/install/my_msgs/include/my_msgs/msg/detail/string_and_num__rosidl_typesupport_introspection_cpp.hpp
-- Installing: /home/ahmed/Documents/ITI_LSSD/ROS/custom_msg_ws/iti_lab3/install/my_msgs/include/my_msgs/msg/detail/string_and_num__type_support.cpp
-- Up-to-date: /home/ahmed/Documents/ITI_LSSD/ROS/custom_msg_ws/iti_lab3/install/my_msgs/include/my_msgs/srv
-- Up-to-date: /home/ahmed/Documents/ITI_LSSD/ROS/custom_msg_ws/iti_lab3/install/my_msgs/include/my_msgs/srv/detail
-- Installing: /home/ahmed/Documents/ITI_LSSD/ROS/custom_msg_ws/iti_lab3/install/my_msgs/include/my_msgs/srv/detail/reset_num__rosidl_typesupport_introspection_cpp.hpp
-- Installing: /home/ahmed/Documents/ITI_LSSD/ROS/custom_msg_ws/iti_lab3/install/my_msgs/include/my_msgs/srv/detail/reset_num__type_support.cpp
-- Installing: /home/ahmed/Documents/ITI_LSSD/ROS/custom_msg_ws/iti_lab3/install/my_msgs/lib/libmy_msgs__rosidl_typesupport_introspection_cpp.so
-- Set runtime path of "/home/ahmed/Documents/ITI_LSSD/ROS/custom_msg_ws/iti_lab3/install/my_msgs/lib/libmy_msgs__rosidl_typesupport_introspection_cpp.so" to ""
-- Installing: /home/ahmed/Documents/ITI_LSSD/ROS/custom_msg_ws/iti_lab3/install/my_msgs/lib/libmy_msgs__rosidl_typesupport_cpp.so
-- Set runtime path of "/home/ahmed/Documents/ITI_LSSD/ROS/custom_msg_ws/iti_lab3/install/my_msgs/lib/libmy_msgs__rosidl_typesupport_cpp.so" to ""
-- Installing: /home/ahmed/Documents/ITI_LSSD/ROS/custom_msg_ws/iti_lab3/install/my_msgs/share/my_msgs/environment/pythonpath.sh
-- Installing: /home/ahmed/Documents/ITI_LSSD/ROS/custom_msg_ws/iti_lab3/install/my_msgs/share/my_msgs/environment/pythonpath.dsv
-- Installing: /home/ahmed/Documents/ITI_LSSD/ROS/custom_msg_ws/iti_lab3/install/my_msgs/lib/python3.8/site-packages/my_msgs/__init__.py
Compiling '/home/ahmed/Documents/ITI_LSSD/ROS/custom_msg_ws/iti_lab3/install/my_msgs/lib/python3.8/site-packages/my_msgs/__init__.py'...
-- Installing: /home/ahmed/Documents/ITI_LSSD/ROS/custom_msg_ws/iti_lab3/install/my_msgs/lib/python3.8/site-packages/my_msgs/msg
-- Installing: /home/ahmed/Documents/ITI_LSSD/ROS/custom_msg_ws/iti_lab3/install/my_msgs/lib/python3.8/site-packages/my_msgs/msg/_string_and_num_s.c
-- Installing: /home/ahmed/Documents/ITI_LSSD/ROS/custom_msg_ws/iti_lab3/install/my_msgs/lib/python3.8/site-packages/my_msgs/msg/_string_and_num.py
-- Installing: /home/ahmed/Documents/ITI_LSSD/ROS/custom_msg_ws/iti_lab3/install/my_msgs/lib/python3.8/site-packages/my_msgs/msg/__init__.py
-- Installing: /home/ahmed/Documents/ITI_LSSD/ROS/custom_msg_ws/iti_lab3/install/my_msgs/lib/python3.8/site-packages/my_msgs/srv
-- Installing: /home/ahmed/Documents/ITI_LSSD/ROS/custom_msg_ws/iti_lab3/install/my_msgs/lib/python3.8/site-packages/my_msgs/srv/_reset_num_s.c
-- Installing: /home/ahmed/Documents/ITI_LSSD/ROS/custom_msg_ws/iti_lab3/install/my_msgs/lib/python3.8/site-packages/my_msgs/srv/__init__.py
-- Installing: /home/ahmed/Documents/ITI_LSSD/ROS/custom_msg_ws/iti_lab3/install/my_msgs/lib/python3.8/site-packages/my_msgs/srv/_reset_num.py
-- Installing: /home/ahmed/Documents/ITI_LSSD/ROS/custom_msg_ws/iti_lab3/install/my_msgs/lib/python3.8/site-packages/my_msgs/my_msgs_s__rosidl_typesupport_fastrtps_c.cpython-38-x86_64-linux-gnu.so
-- Set runtime path of "/home/ahmed/Documents/ITI_LSSD/ROS/custom_msg_ws/iti_lab3/install/my_msgs/lib/python3.8/site-packages/my_msgs/my_msgs_s__rosidl_typesupport_fastrtps_c.cpython-38-x86_64-linux-gnu.so" to ""
-- Installing: /home/ahmed/Documents/ITI_LSSD/ROS/custom_msg_ws/iti_lab3/install/my_msgs/lib/python3.8/site-packages/my_msgs/my_msgs_s__rosidl_typesupport_introspection_c.cpython-38-x86_64-linux-gnu.so
-- Set runtime path of "/home/ahmed/Documents/ITI_LSSD/ROS/custom_msg_ws/iti_lab3/install/my_msgs/lib/python3.8/site-packages/my_msgs/my_msgs_s__rosidl_typesupport_introspection_c.cpython-38-x86_64-linux-gnu.so" to ""
-- Installing: /home/ahmed/Documents/ITI_LSSD/ROS/custom_msg_ws/iti_lab3/install/my_msgs/lib/python3.8/site-packages/my_msgs/my_msgs_s__rosidl_typesupport_c.cpython-38-x86_64-linux-gnu.so
-- Set runtime path of "/home/ahmed/Documents/ITI_LSSD/ROS/custom_msg_ws/iti_lab3/install/my_msgs/lib/python3.8/site-packages/my_msgs/my_msgs_s__rosidl_typesupport_c.cpython-38-x86_64-linux-gnu.so" to ""
-- Installing: /home/ahmed/Documents/ITI_LSSD/ROS/custom_msg_ws/iti_lab3/install/my_msgs/lib/libmy_msgs__python.so
-- Set runtime path of "/home/ahmed/Documents/ITI_LSSD/ROS/custom_msg_ws/iti_lab3/install/my_msgs/lib/libmy_msgs__python.so" to ""
-- Installing: /home/ahmed/Documents/ITI_LSSD/ROS/custom_msg_ws/iti_lab3/install/my_msgs/share/my_msgs/msg/StringAndNum.idl
-- Installing: /home/ahmed/Documents/ITI_LSSD/ROS/custom_msg_ws/iti_lab3/install/my_msgs/share/my_msgs/srv/ResetNum.idl
-- Installing: /home/ahmed/Documents/ITI_LSSD/ROS/custom_msg_ws/iti_lab3/install/my_msgs/share/my_msgs/msg/StringAndNum.msg
-- Installing: /home/ahmed/Documents/ITI_LSSD/ROS/custom_msg_ws/iti_lab3/install/my_msgs/share/my_msgs/srv/ResetNum.srv
-- Installing: /home/ahmed/Documents/ITI_LSSD/ROS/custom_msg_ws/iti_lab3/install/my_msgs/share/my_msgs/srv/ResetNum_Request.msg
-- Installing: /home/ahmed/Documents/ITI_LSSD/ROS/custom_msg_ws/iti_lab3/install/my_msgs/share/my_msgs/srv/ResetNum_Response.msg
-- Installing: /home/ahmed/Documents/ITI_LSSD/ROS/custom_msg_ws/iti_lab3/install/my_msgs/share/ament_index/resource_index/package_run_dependencies/my_msgs
-- Installing: /home/ahmed/Documents/ITI_LSSD/ROS/custom_msg_ws/iti_lab3/install/my_msgs/share/ament_index/resource_index/parent_prefix_path/my_msgs
-- Installing: /home/ahmed/Documents/ITI_LSSD/ROS/custom_msg_ws/iti_lab3/install/my_msgs/share/my_msgs/environment/ament_prefix_path.sh
-- Installing: /home/ahmed/Documents/ITI_LSSD/ROS/custom_msg_ws/iti_lab3/install/my_msgs/share/my_msgs/environment/ament_prefix_path.dsv
-- Installing: /home/ahmed/Documents/ITI_LSSD/ROS/custom_msg_ws/iti_lab3/install/my_msgs/share/my_msgs/environment/path.sh
-- Installing: /home/ahmed/Documents/ITI_LSSD/ROS/custom_msg_ws/iti_lab3/install/my_msgs/share/my_msgs/environment/path.dsv
-- Installing: /home/ahmed/Documents/ITI_LSSD/ROS/custom_msg_ws/iti_lab3/install/my_msgs/share/my_msgs/local_setup.bash
-- Installing: /home/ahmed/Documents/ITI_LSSD/ROS/custom_msg_ws/iti_lab3/install/my_msgs/share/my_msgs/local_setup.sh
-- Installing: /home/ahmed/Documents/ITI_LSSD/ROS/custom_msg_ws/iti_lab3/install/my_msgs/share/my_msgs/local_setup.zsh
-- Installing: /home/ahmed/Documents/ITI_LSSD/ROS/custom_msg_ws/iti_lab3/install/my_msgs/share/my_msgs/local_setup.dsv
-- Installing: /home/ahmed/Documents/ITI_LSSD/ROS/custom_msg_ws/iti_lab3/install/my_msgs/share/my_msgs/package.dsv
-- Installing: /home/ahmed/Documents/ITI_LSSD/ROS/custom_msg_ws/iti_lab3/install/my_msgs/share/ament_index/resource_index/packages/my_msgs
-- Installing: /home/ahmed/Documents/ITI_LSSD/ROS/custom_msg_ws/iti_lab3/install/my_msgs/share/my_msgs/cmake/my_msgs__rosidl_generator_cExport.cmake
-- Installing: /home/ahmed/Documents/ITI_LSSD/ROS/custom_msg_ws/iti_lab3/install/my_msgs/share/my_msgs/cmake/my_msgs__rosidl_generator_cExport-noconfig.cmake
-- Installing: /home/ahmed/Documents/ITI_LSSD/ROS/custom_msg_ws/iti_lab3/install/my_msgs/share/my_msgs/cmake/my_msgs__rosidl_typesupport_introspection_cExport.cmake
-- Installing: /home/ahmed/Documents/ITI_LSSD/ROS/custom_msg_ws/iti_lab3/install/my_msgs/share/my_msgs/cmake/my_msgs__rosidl_typesupport_introspection_cExport-noconfig.cmake
-- Installing: /home/ahmed/Documents/ITI_LSSD/ROS/custom_msg_ws/iti_lab3/install/my_msgs/share/my_msgs/cmake/my_msgs__rosidl_typesupport_cExport.cmake
-- Installing: /home/ahmed/Documents/ITI_LSSD/ROS/custom_msg_ws/iti_lab3/install/my_msgs/share/my_msgs/cmake/my_msgs__rosidl_typesupport_cExport-noconfig.cmake
-- Installing: /home/ahmed/Documents/ITI_LSSD/ROS/custom_msg_ws/iti_lab3/install/my_msgs/share/my_msgs/cmake/my_msgs__rosidl_generator_cppExport.cmake
-- Installing: /home/ahmed/Documents/ITI_LSSD/ROS/custom_msg_ws/iti_lab3/install/my_msgs/share/my_msgs/cmake/my_msgs__rosidl_typesupport_introspection_cppExport.cmake
-- Installing: /home/ahmed/Documents/ITI_LSSD/ROS/custom_msg_ws/iti_lab3/install/my_msgs/share/my_msgs/cmake/my_msgs__rosidl_typesupport_introspection_cppExport-noconfig.cmake
-- Installing: /home/ahmed/Documents/ITI_LSSD/ROS/custom_msg_ws/iti_lab3/install/my_msgs/share/my_msgs/cmake/my_msgs__rosidl_typesupport_cppExport.cmake
-- Installing: /home/ahmed/Documents/ITI_LSSD/ROS/custom_msg_ws/iti_lab3/install/my_msgs/share/my_msgs/cmake/my_msgs__rosidl_typesupport_cppExport-noconfig.cmake
-- Installing: /home/ahmed/Documents/ITI_LSSD/ROS/custom_msg_ws/iti_lab3/install/my_msgs/share/my_msgs/cmake/rosidl_cmake-extras.cmake
-- Installing: /home/ahmed/Documents/ITI_LSSD/ROS/custom_msg_ws/iti_lab3/install/my_msgs/share/my_msgs/cmake/ament_cmake_export_dependencies-extras.cmake
-- Installing: /home/ahmed/Documents/ITI_LSSD/ROS/custom_msg_ws/iti_lab3/install/my_msgs/share/my_msgs/cmake/ament_cmake_export_libraries-extras.cmake
-- Installing: /home/ahmed/Documents/ITI_LSSD/ROS/custom_msg_ws/iti_lab3/install/my_msgs/share/my_msgs/cmake/ament_cmake_export_targets-extras.cmake
-- Installing: /home/ahmed/Documents/ITI_LSSD/ROS/custom_msg_ws/iti_lab3/install/my_msgs/share/my_msgs/cmake/ament_cmake_export_include_directories-extras.cmake
-- Installing: /home/ahmed/Documents/ITI_LSSD/ROS/custom_msg_ws/iti_lab3/install/my_msgs/share/my_msgs/cmake/rosidl_cmake_export_typesupport_libraries-extras.cmake
-- Installing: /home/ahmed/Documents/ITI_LSSD/ROS/custom_msg_ws/iti_lab3/install/my_msgs/share/my_msgs/cmake/rosidl_cmake_export_typesupport_targets-extras.cmake
-- Installing: /home/ahmed/Documents/ITI_LSSD/ROS/custom_msg_ws/iti_lab3/install/my_msgs/share/my_msgs/cmake/my_msgsConfig.cmake
-- Installing: /home/ahmed/Documents/ITI_LSSD/ROS/custom_msg_ws/iti_lab3/install/my_msgs/share/my_msgs/cmake/my_msgsConfig-version.cmake
-- Installing: /home/ahmed/Documents/ITI_LSSD/ROS/custom_msg_ws/iti_lab3/install/my_msgs/share/my_msgs/package.xml
