[0.022s] Invoking command in '/home/ahmed/Documents/ITI_LSSD/ROS/custom_msg_ws/iti_lab3/build/my_msgs': CMAKE_PREFIX_PATH=/opt/ros/foxy /usr/bin/cmake /home/ahmed/Documents/ITI_LSSD/ROS/custom_msg_ws/iti_lab3/src/my_msgs -DCMAKE_INSTALL_PREFIX=/home/ahmed/Documents/ITI_LSSD/ROS/custom_msg_ws/iti_lab3/install/my_msgs
[0.115s] -- The C compiler identification is GNU 9.3.0
[0.218s] -- The CXX compiler identification is GNU 9.3.0
[0.225s] -- Check for working C compiler: /usr/bin/cc
[0.321s] -- Check for working C compiler: /usr/bin/cc -- works
[0.326s] -- Detecting C compiler ABI info
[0.421s] -- Detecting C compiler ABI info - done
[0.442s] -- Detecting C compile features
[0.442s] -- Detecting C compile features - done
[0.451s] -- Check for working CXX compiler: /usr/bin/c++
[0.563s] -- Check for working CXX compiler: /usr/bin/c++ -- works
[0.564s] -- Detecting CXX compiler ABI info
[0.693s] -- Detecting CXX compiler ABI info - done
[0.720s] -- Detecting CXX compile features
[0.720s] -- Detecting CXX compile features - done
[0.724s] -- Found ament_cmake: 0.9.8 (/opt/ros/foxy/share/ament_cmake/cmake)
[0.758s] -- Found PythonInterp: /usr/bin/python3 (found suitable version "3.8.5", minimum required is "3") 
[0.758s] -- Using PYTHON_EXECUTABLE: /usr/bin/python3
[1.022s] -- Found ament_lint_auto: 0.9.6 (/opt/ros/foxy/share/ament_lint_auto/cmake)
[1.125s] -- Found rosidl_default_generators: 1.0.1 (/opt/ros/foxy/share/rosidl_default_generators/cmake)
[1.129s] -- Using all available rosidl_typesupport_c: rosidl_typesupport_fastrtps_c;rosidl_typesupport_introspection_c
[1.137s] -- Found rosidl_adapter: 1.2.1 (/opt/ros/foxy/share/rosidl_adapter/cmake)
[1.255s] -- Found OpenSSL: /usr/lib/x86_64-linux-gnu/libcrypto.so (found version "1.1.1f")  
[1.291s] -- Found FastRTPS: /opt/ros/foxy/include  
[1.393s] -- Using all available rosidl_typesupport_cpp: rosidl_typesupport_fastrtps_cpp;rosidl_typesupport_introspection_cpp
[1.465s] -- Found PythonInterp: /usr/bin/python3 (found version "3.8.5") 
[1.552s] -- Found ament_cmake_ros: 0.9.1 (/opt/ros/foxy/share/ament_cmake_ros/cmake)
[1.696s] -- Using all available rosidl_typesupport_c: rosidl_typesupport_fastrtps_c;rosidl_typesupport_introspection_c
[1.706s] -- Using all available rosidl_typesupport_cpp: rosidl_typesupport_fastrtps_cpp;rosidl_typesupport_introspection_cpp
[1.749s] -- Found PythonInterp: /usr/bin/python3 (found suitable version "3.8.5", minimum required is "3.5") 
[1.751s] -- Found python_cmake_module: 0.8.1 (/opt/ros/foxy/share/python_cmake_module/cmake)
[1.827s] -- Found PythonLibs: /usr/lib/x86_64-linux-gnu/libpython3.8.so (found suitable version "3.8.5", minimum required is "3.5") 
[1.827s] -- Using PYTHON_EXECUTABLE: /usr/bin/python3
[1.828s] -- Using PYTHON_INCLUDE_DIRS: /usr/include/python3.8
[1.828s] -- Using PYTHON_LIBRARIES: /usr/lib/x86_64-linux-gnu/libpython3.8.so
[1.865s] -- Found PythonExtra: .so  
[1.927s] -- Added test 'copyright' to check source files copyright and LICENSE
[1.930s] -- Added test 'lint_cmake' to check CMake code style
[1.932s] -- Added test 'xmllint' to check XML markup files
[1.943s] -- Configuring done
[2.043s] -- Generating done
[2.048s] -- Build files have been written to: /home/ahmed/Documents/ITI_LSSD/ROS/custom_msg_ws/iti_lab3/build/my_msgs
[2.060s] Invoked command in '/home/ahmed/Documents/ITI_LSSD/ROS/custom_msg_ws/iti_lab3/build/my_msgs' returned '0': CMAKE_PREFIX_PATH=/opt/ros/foxy /usr/bin/cmake /home/ahmed/Documents/ITI_LSSD/ROS/custom_msg_ws/iti_lab3/src/my_msgs -DCMAKE_INSTALL_PREFIX=/home/ahmed/Documents/ITI_LSSD/ROS/custom_msg_ws/iti_lab3/install/my_msgs
[2.065s] Invoking command in '/home/ahmed/Documents/ITI_LSSD/ROS/custom_msg_ws/iti_lab3/build/my_msgs': CMAKE_PREFIX_PATH=/opt/ros/foxy /usr/bin/cmake --build /home/ahmed/Documents/ITI_LSSD/ROS/custom_msg_ws/iti_lab3/build/my_msgs -- -j4 -l4
[2.123s] [35m[1mScanning dependencies of target my_msgs__cpp[0m
[2.139s] [  2%] [34m[1mGenerating C code for ROS interfaces[0m
[2.140s] [  5%] [34m[1mGenerating C++ code for ROS interfaces[0m
[3.082s] [35m[1mScanning dependencies of target my_msgs__rosidl_generator_c[0m
[3.109s] [  5%] Built target my_msgs__cpp
[3.134s] [  7%] [34m[1mGenerating C++ introspection for ROS interfaces[0m
[3.134s] [ 10%] [34m[1mGenerating C++ type support dispatch for ROS interfaces[0m
[3.170s] [ 12%] [34m[1mGenerating C++ type support for eProsima Fast-RTPS[0m
[3.170s] [ 15%] [32mBuilding C object CMakeFiles/my_msgs__rosidl_generator_c.dir/rosidl_generator_c/my_msgs/msg/detail/string_and_num__functions.c.o[0m
[3.678s] [ 17%] [32mBuilding C object CMakeFiles/my_msgs__rosidl_generator_c.dir/rosidl_generator_c/my_msgs/srv/detail/reset_num__functions.c.o[0m
[3.828s] [ 20%] [32m[1mLinking C shared library libmy_msgs__rosidl_generator_c.so[0m
[3.974s] [ 20%] Built target my_msgs__rosidl_generator_c
[4.008s] [ 23%] [34m[1mGenerating C introspection for ROS interfaces[0m
[4.087s] [35m[1mScanning dependencies of target my_msgs__rosidl_typesupport_fastrtps_cpp[0m
[4.132s] [35m[1mScanning dependencies of target my_msgs__rosidl_typesupport_introspection_cpp[0m
[4.159s] [ 25%] [32mBuilding CXX object CMakeFiles/my_msgs__rosidl_typesupport_fastrtps_cpp.dir/rosidl_typesupport_fastrtps_cpp/my_msgs/msg/detail/dds_fastrtps/string_and_num__type_support.cpp.o[0m
[4.178s] [ 28%] [32mBuilding CXX object CMakeFiles/my_msgs__rosidl_typesupport_introspection_cpp.dir/rosidl_typesupport_introspection_cpp/my_msgs/msg/detail/string_and_num__type_support.cpp.o[0m
[4.179s] [35m[1mScanning dependencies of target my_msgs__rosidl_typesupport_cpp[0m
[4.236s] [ 30%] [32mBuilding CXX object CMakeFiles/my_msgs__rosidl_typesupport_cpp.dir/rosidl_typesupport_cpp/my_msgs/msg/string_and_num__type_support.cpp.o[0m
[4.587s] [35m[1mScanning dependencies of target my_msgs__rosidl_typesupport_introspection_c[0m
[4.617s] [ 33%] [32mBuilding C object CMakeFiles/my_msgs__rosidl_typesupport_introspection_c.dir/rosidl_typesupport_introspection_c/my_msgs/msg/detail/string_and_num__type_support.c.o[0m
[4.685s] [ 35%] [32mBuilding C object CMakeFiles/my_msgs__rosidl_typesupport_introspection_c.dir/rosidl_typesupport_introspection_c/my_msgs/srv/detail/reset_num__type_support.c.o[0m
[4.791s] [ 38%] [32m[1mLinking C shared library libmy_msgs__rosidl_typesupport_introspection_c.so[0m
[4.879s] [ 38%] Built target my_msgs__rosidl_typesupport_introspection_c
[4.896s] [ 41%] [32mBuilding CXX object CMakeFiles/my_msgs__rosidl_typesupport_introspection_cpp.dir/rosidl_typesupport_introspection_cpp/my_msgs/srv/detail/reset_num__type_support.cpp.o[0m
[6.291s] [ 43%] [32mBuilding CXX object CMakeFiles/my_msgs__rosidl_typesupport_cpp.dir/rosidl_typesupport_cpp/my_msgs/srv/reset_num__type_support.cpp.o[0m
[6.353s] [ 46%] [34m[1mGenerating C type support dispatch for ROS interfaces[0m
[6.390s] [ 48%] [32m[1mLinking CXX shared library libmy_msgs__rosidl_typesupport_introspection_cpp.so[0m
[6.630s] [ 48%] Built target my_msgs__rosidl_typesupport_introspection_cpp
[6.654s] [ 51%] [32mBuilding CXX object CMakeFiles/my_msgs__rosidl_typesupport_fastrtps_cpp.dir/rosidl_typesupport_fastrtps_cpp/my_msgs/srv/detail/dds_fastrtps/reset_num__type_support.cpp.o[0m
[6.955s] [35m[1mScanning dependencies of target my_msgs__rosidl_typesupport_c[0m
[6.992s] [ 53%] [32mBuilding CXX object CMakeFiles/my_msgs__rosidl_typesupport_c.dir/rosidl_typesupport_c/my_msgs/srv/reset_num__type_support.cpp.o[0m
[6.993s] [ 56%] [32mBuilding CXX object CMakeFiles/my_msgs__rosidl_typesupport_c.dir/rosidl_typesupport_c/my_msgs/msg/string_and_num__type_support.cpp.o[0m
[7.083s] [ 58%] [32m[1mLinking CXX shared library libmy_msgs__rosidl_typesupport_c.so[0m
[7.111s] [ 61%] [32m[1mLinking CXX shared library libmy_msgs__rosidl_typesupport_cpp.so[0m
[7.172s] [ 61%] Built target my_msgs__rosidl_typesupport_c
[7.199s] [ 61%] Built target my_msgs__rosidl_typesupport_cpp
[7.669s] [ 64%] [32m[1mLinking CXX shared library libmy_msgs__rosidl_typesupport_fastrtps_cpp.so[0m
[7.795s] [ 64%] Built target my_msgs__rosidl_typesupport_fastrtps_cpp
[7.809s] [ 66%] [34m[1mGenerating C type support for eProsima Fast-RTPS[0m
[8.217s] [35m[1mScanning dependencies of target my_msgs__rosidl_typesupport_fastrtps_c[0m
[8.242s] [ 69%] [32mBuilding CXX object CMakeFiles/my_msgs__rosidl_typesupport_fastrtps_c.dir/rosidl_typesupport_fastrtps_c/my_msgs/msg/detail/string_and_num__type_support_c.cpp.o[0m
[8.242s] [ 71%] [32mBuilding CXX object CMakeFiles/my_msgs__rosidl_typesupport_fastrtps_c.dir/rosidl_typesupport_fastrtps_c/my_msgs/srv/detail/reset_num__type_support_c.cpp.o[0m
[8.849s] [ 74%] [32m[1mLinking CXX shared library libmy_msgs__rosidl_typesupport_fastrtps_c.so[0m
[8.978s] [ 74%] Built target my_msgs__rosidl_typesupport_fastrtps_c
[8.996s] [35m[1mScanning dependencies of target my_msgs[0m
[9.010s] [ 74%] Built target my_msgs
[9.023s] [35m[1mScanning dependencies of target my_msgs__py[0m
[9.035s] [ 76%] [34m[1mGenerating Python code for ROS interfaces[0m
[11.037s] [ 76%] Built target my_msgs__py
[11.050s] [35m[1mScanning dependencies of target my_msgs__python[0m
[11.187s] [ 79%] [32mBuilding C object CMakeFiles/my_msgs__python.dir/rosidl_generator_py/my_msgs/msg/_string_and_num_s.c.o[0m
[11.191s] [ 82%] [32mBuilding C object CMakeFiles/my_msgs__python.dir/rosidl_generator_py/my_msgs/srv/_reset_num_s.c.o[0m
[11.598s] [ 84%] [32m[1mLinking C shared library rosidl_generator_py/my_msgs/libmy_msgs__python.so[0m
[11.687s] [ 84%] Built target my_msgs__python
[11.705s] [35m[1mScanning dependencies of target my_msgs__rosidl_typesupport_fastrtps_c__pyext[0m
[11.713s] [35m[1mScanning dependencies of target my_msgs__rosidl_typesupport_introspection_c__pyext[0m
[11.713s] [35m[1mScanning dependencies of target my_msgs__rosidl_typesupport_c__pyext[0m
[11.748s] [ 87%] [32mBuilding C object CMakeFiles/my_msgs__rosidl_typesupport_introspection_c__pyext.dir/rosidl_generator_py/my_msgs/_my_msgs_s.ep.rosidl_typesupport_introspection_c.c.o[0m
[11.763s] [ 89%] [32mBuilding C object CMakeFiles/my_msgs__rosidl_typesupport_c__pyext.dir/rosidl_generator_py/my_msgs/_my_msgs_s.ep.rosidl_typesupport_c.c.o[0m
[11.764s] [ 92%] [32mBuilding C object CMakeFiles/my_msgs__rosidl_typesupport_fastrtps_c__pyext.dir/rosidl_generator_py/my_msgs/_my_msgs_s.ep.rosidl_typesupport_fastrtps_c.c.o[0m
[11.956s] [ 94%] [32m[1mLinking C shared library rosidl_generator_py/my_msgs/my_msgs_s__rosidl_typesupport_c.cpython-38-x86_64-linux-gnu.so[0m
[12.019s] [ 97%] [32m[1mLinking C shared library rosidl_generator_py/my_msgs/my_msgs_s__rosidl_typesupport_introspection_c.cpython-38-x86_64-linux-gnu.so[0m
[12.020s] [100%] [32m[1mLinking CXX shared library rosidl_generator_py/my_msgs/my_msgs_s__rosidl_typesupport_fastrtps_c.cpython-38-x86_64-linux-gnu.so[0m
[12.037s] [100%] Built target my_msgs__rosidl_typesupport_c__pyext
[12.091s] [100%] Built target my_msgs__rosidl_typesupport_introspection_c__pyext
[12.133s] [100%] Built target my_msgs__rosidl_typesupport_fastrtps_c__pyext
[12.149s] Invoked command in '/home/ahmed/Documents/ITI_LSSD/ROS/custom_msg_ws/iti_lab3/build/my_msgs' returned '0': CMAKE_PREFIX_PATH=/opt/ros/foxy /usr/bin/cmake --build /home/ahmed/Documents/ITI_LSSD/ROS/custom_msg_ws/iti_lab3/build/my_msgs -- -j4 -l4
[12.249s] Invoking command in '/home/ahmed/Documents/ITI_LSSD/ROS/custom_msg_ws/iti_lab3/build/my_msgs': CMAKE_PREFIX_PATH=/opt/ros/foxy /usr/bin/cmake --install /home/ahmed/Documents/ITI_LSSD/ROS/custom_msg_ws/iti_lab3/build/my_msgs
[12.266s] -- Install configuration: ""
[12.266s] -- Installing: /home/ahmed/Documents/ITI_LSSD/ROS/custom_msg_ws/iti_lab3/install/my_msgs/share/ament_index/resource_index/rosidl_interfaces/my_msgs
[12.266s] -- Installing: /home/ahmed/Documents/ITI_LSSD/ROS/custom_msg_ws/iti_lab3/install/my_msgs/include/my_msgs
[12.266s] -- Installing: /home/ahmed/Documents/ITI_LSSD/ROS/custom_msg_ws/iti_lab3/install/my_msgs/include/my_msgs/msg
[12.267s] -- Installing: /home/ahmed/Documents/ITI_LSSD/ROS/custom_msg_ws/iti_lab3/install/my_msgs/include/my_msgs/msg/string_and_num.h
[12.267s] -- Installing: /home/ahmed/Documents/ITI_LSSD/ROS/custom_msg_ws/iti_lab3/install/my_msgs/include/my_msgs/msg/detail
[12.267s] -- Installing: /home/ahmed/Documents/ITI_LSSD/ROS/custom_msg_ws/iti_lab3/install/my_msgs/include/my_msgs/msg/detail/string_and_num__type_support.h
[12.267s] -- Installing: /home/ahmed/Documents/ITI_LSSD/ROS/custom_msg_ws/iti_lab3/install/my_msgs/include/my_msgs/msg/detail/string_and_num__functions.c
[12.267s] -- Installing: /home/ahmed/Documents/ITI_LSSD/ROS/custom_msg_ws/iti_lab3/install/my_msgs/include/my_msgs/msg/detail/string_and_num__functions.h
[12.267s] -- Installing: /home/ahmed/Documents/ITI_LSSD/ROS/custom_msg_ws/iti_lab3/install/my_msgs/include/my_msgs/msg/detail/string_and_num__struct.h
[12.267s] -- Installing: /home/ahmed/Documents/ITI_LSSD/ROS/custom_msg_ws/iti_lab3/install/my_msgs/include/my_msgs/msg/rosidl_generator_c__visibility_control.h
[12.267s] -- Installing: /home/ahmed/Documents/ITI_LSSD/ROS/custom_msg_ws/iti_lab3/install/my_msgs/include/my_msgs/srv
[12.268s] -- Installing: /home/ahmed/Documents/ITI_LSSD/ROS/custom_msg_ws/iti_lab3/install/my_msgs/include/my_msgs/srv/reset_num.h
[12.268s] -- Installing: /home/ahmed/Documents/ITI_LSSD/ROS/custom_msg_ws/iti_lab3/install/my_msgs/include/my_msgs/srv/detail
[12.268s] -- Installing: /home/ahmed/Documents/ITI_LSSD/ROS/custom_msg_ws/iti_lab3/install/my_msgs/include/my_msgs/srv/detail/reset_num__type_support.h
[12.268s] -- Installing: /home/ahmed/Documents/ITI_LSSD/ROS/custom_msg_ws/iti_lab3/install/my_msgs/include/my_msgs/srv/detail/reset_num__struct.h
[12.268s] -- Installing: /home/ahmed/Documents/ITI_LSSD/ROS/custom_msg_ws/iti_lab3/install/my_msgs/include/my_msgs/srv/detail/reset_num__functions.h
[12.268s] -- Installing: /home/ahmed/Documents/ITI_LSSD/ROS/custom_msg_ws/iti_lab3/install/my_msgs/include/my_msgs/srv/detail/reset_num__functions.c
[12.268s] -- Installing: /home/ahmed/Documents/ITI_LSSD/ROS/custom_msg_ws/iti_lab3/install/my_msgs/share/my_msgs/environment/library_path.sh
[12.268s] -- Installing: /home/ahmed/Documents/ITI_LSSD/ROS/custom_msg_ws/iti_lab3/install/my_msgs/share/my_msgs/environment/library_path.dsv
[12.269s] -- Installing: /home/ahmed/Documents/ITI_LSSD/ROS/custom_msg_ws/iti_lab3/install/my_msgs/lib/libmy_msgs__rosidl_generator_c.so
[12.269s] -- Set runtime path of "/home/ahmed/Documents/ITI_LSSD/ROS/custom_msg_ws/iti_lab3/install/my_msgs/lib/libmy_msgs__rosidl_generator_c.so" to ""
[12.269s] -- Up-to-date: /home/ahmed/Documents/ITI_LSSD/ROS/custom_msg_ws/iti_lab3/install/my_msgs/include/my_msgs
[12.269s] -- Up-to-date: /home/ahmed/Documents/ITI_LSSD/ROS/custom_msg_ws/iti_lab3/install/my_msgs/include/my_msgs/msg
[12.269s] -- Installing: /home/ahmed/Documents/ITI_LSSD/ROS/custom_msg_ws/iti_lab3/install/my_msgs/include/my_msgs/msg/rosidl_typesupport_fastrtps_c__visibility_control.h
[12.269s] -- Up-to-date: /home/ahmed/Documents/ITI_LSSD/ROS/custom_msg_ws/iti_lab3/install/my_msgs/include/my_msgs/msg/detail
[12.270s] -- Installing: /home/ahmed/Documents/ITI_LSSD/ROS/custom_msg_ws/iti_lab3/install/my_msgs/include/my_msgs/msg/detail/string_and_num__rosidl_typesupport_fastrtps_c.h
[12.270s] -- Up-to-date: /home/ahmed/Documents/ITI_LSSD/ROS/custom_msg_ws/iti_lab3/install/my_msgs/include/my_msgs/srv
[12.270s] -- Up-to-date: /home/ahmed/Documents/ITI_LSSD/ROS/custom_msg_ws/iti_lab3/install/my_msgs/include/my_msgs/srv/detail
[12.270s] -- Installing: /home/ahmed/Documents/ITI_LSSD/ROS/custom_msg_ws/iti_lab3/install/my_msgs/include/my_msgs/srv/detail/reset_num__rosidl_typesupport_fastrtps_c.h
[12.270s] -- Installing: /home/ahmed/Documents/ITI_LSSD/ROS/custom_msg_ws/iti_lab3/install/my_msgs/lib/libmy_msgs__rosidl_typesupport_fastrtps_c.so
[12.270s] -- Set runtime path of "/home/ahmed/Documents/ITI_LSSD/ROS/custom_msg_ws/iti_lab3/install/my_msgs/lib/libmy_msgs__rosidl_typesupport_fastrtps_c.so" to ""
[12.270s] -- Up-to-date: /home/ahmed/Documents/ITI_LSSD/ROS/custom_msg_ws/iti_lab3/install/my_msgs/include/my_msgs
[12.271s] -- Up-to-date: /home/ahmed/Documents/ITI_LSSD/ROS/custom_msg_ws/iti_lab3/install/my_msgs/include/my_msgs/msg
[12.271s] -- Installing: /home/ahmed/Documents/ITI_LSSD/ROS/custom_msg_ws/iti_lab3/install/my_msgs/include/my_msgs/msg/rosidl_typesupport_fastrtps_cpp__visibility_control.h
[12.271s] -- Up-to-date: /home/ahmed/Documents/ITI_LSSD/ROS/custom_msg_ws/iti_lab3/install/my_msgs/include/my_msgs/msg/detail
[12.271s] -- Installing: /home/ahmed/Documents/ITI_LSSD/ROS/custom_msg_ws/iti_lab3/install/my_msgs/include/my_msgs/msg/detail/dds_fastrtps
[12.271s] -- Installing: /home/ahmed/Documents/ITI_LSSD/ROS/custom_msg_ws/iti_lab3/install/my_msgs/include/my_msgs/msg/detail/string_and_num__rosidl_typesupport_fastrtps_cpp.hpp
[12.271s] -- Up-to-date: /home/ahmed/Documents/ITI_LSSD/ROS/custom_msg_ws/iti_lab3/install/my_msgs/include/my_msgs/srv
[12.272s] -- Up-to-date: /home/ahmed/Documents/ITI_LSSD/ROS/custom_msg_ws/iti_lab3/install/my_msgs/include/my_msgs/srv/detail
[12.272s] -- Installing: /home/ahmed/Documents/ITI_LSSD/ROS/custom_msg_ws/iti_lab3/install/my_msgs/include/my_msgs/srv/detail/dds_fastrtps
[12.272s] -- Installing: /home/ahmed/Documents/ITI_LSSD/ROS/custom_msg_ws/iti_lab3/install/my_msgs/include/my_msgs/srv/detail/reset_num__rosidl_typesupport_fastrtps_cpp.hpp
[12.272s] -- Installing: /home/ahmed/Documents/ITI_LSSD/ROS/custom_msg_ws/iti_lab3/install/my_msgs/lib/libmy_msgs__rosidl_typesupport_fastrtps_cpp.so
[12.272s] -- Set runtime path of "/home/ahmed/Documents/ITI_LSSD/ROS/custom_msg_ws/iti_lab3/install/my_msgs/lib/libmy_msgs__rosidl_typesupport_fastrtps_cpp.so" to ""
[12.272s] -- Up-to-date: /home/ahmed/Documents/ITI_LSSD/ROS/custom_msg_ws/iti_lab3/install/my_msgs/include/my_msgs
[12.272s] -- Up-to-date: /home/ahmed/Documents/ITI_LSSD/ROS/custom_msg_ws/iti_lab3/install/my_msgs/include/my_msgs/msg
[12.272s] -- Installing: /home/ahmed/Documents/ITI_LSSD/ROS/custom_msg_ws/iti_lab3/install/my_msgs/include/my_msgs/msg/rosidl_typesupport_introspection_c__visibility_control.h
[12.273s] -- Up-to-date: /home/ahmed/Documents/ITI_LSSD/ROS/custom_msg_ws/iti_lab3/install/my_msgs/include/my_msgs/msg/detail
[12.273s] -- Installing: /home/ahmed/Documents/ITI_LSSD/ROS/custom_msg_ws/iti_lab3/install/my_msgs/include/my_msgs/msg/detail/string_and_num__type_support.c
[12.273s] -- Installing: /home/ahmed/Documents/ITI_LSSD/ROS/custom_msg_ws/iti_lab3/install/my_msgs/include/my_msgs/msg/detail/string_and_num__rosidl_typesupport_introspection_c.h
[12.273s] -- Up-to-date: /home/ahmed/Documents/ITI_LSSD/ROS/custom_msg_ws/iti_lab3/install/my_msgs/include/my_msgs/srv
[12.273s] -- Up-to-date: /home/ahmed/Documents/ITI_LSSD/ROS/custom_msg_ws/iti_lab3/install/my_msgs/include/my_msgs/srv/detail
[12.273s] -- Installing: /home/ahmed/Documents/ITI_LSSD/ROS/custom_msg_ws/iti_lab3/install/my_msgs/include/my_msgs/srv/detail/reset_num__rosidl_typesupport_introspection_c.h
[12.273s] -- Installing: /home/ahmed/Documents/ITI_LSSD/ROS/custom_msg_ws/iti_lab3/install/my_msgs/include/my_msgs/srv/detail/reset_num__type_support.c
[12.273s] -- Installing: /home/ahmed/Documents/ITI_LSSD/ROS/custom_msg_ws/iti_lab3/install/my_msgs/lib/libmy_msgs__rosidl_typesupport_introspection_c.so
[12.274s] -- Set runtime path of "/home/ahmed/Documents/ITI_LSSD/ROS/custom_msg_ws/iti_lab3/install/my_msgs/lib/libmy_msgs__rosidl_typesupport_introspection_c.so" to ""
[12.274s] -- Installing: /home/ahmed/Documents/ITI_LSSD/ROS/custom_msg_ws/iti_lab3/install/my_msgs/lib/libmy_msgs__rosidl_typesupport_c.so
[12.274s] -- Set runtime path of "/home/ahmed/Documents/ITI_LSSD/ROS/custom_msg_ws/iti_lab3/install/my_msgs/lib/libmy_msgs__rosidl_typesupport_c.so" to ""
[12.274s] -- Up-to-date: /home/ahmed/Documents/ITI_LSSD/ROS/custom_msg_ws/iti_lab3/install/my_msgs/include/my_msgs
[12.274s] -- Up-to-date: /home/ahmed/Documents/ITI_LSSD/ROS/custom_msg_ws/iti_lab3/install/my_msgs/include/my_msgs/msg
[12.275s] -- Installing: /home/ahmed/Documents/ITI_LSSD/ROS/custom_msg_ws/iti_lab3/install/my_msgs/include/my_msgs/msg/string_and_num.hpp
[12.275s] -- Up-to-date: /home/ahmed/Documents/ITI_LSSD/ROS/custom_msg_ws/iti_lab3/install/my_msgs/include/my_msgs/msg/detail
[12.275s] -- Installing: /home/ahmed/Documents/ITI_LSSD/ROS/custom_msg_ws/iti_lab3/install/my_msgs/include/my_msgs/msg/detail/string_and_num__traits.hpp
[12.275s] -- Installing: /home/ahmed/Documents/ITI_LSSD/ROS/custom_msg_ws/iti_lab3/install/my_msgs/include/my_msgs/msg/detail/string_and_num__builder.hpp
[12.276s] -- Installing: /home/ahmed/Documents/ITI_LSSD/ROS/custom_msg_ws/iti_lab3/install/my_msgs/include/my_msgs/msg/detail/string_and_num__struct.hpp
[12.276s] -- Up-to-date: /home/ahmed/Documents/ITI_LSSD/ROS/custom_msg_ws/iti_lab3/install/my_msgs/include/my_msgs/srv
[12.276s] -- Installing: /home/ahmed/Documents/ITI_LSSD/ROS/custom_msg_ws/iti_lab3/install/my_msgs/include/my_msgs/srv/reset_num.hpp
[12.276s] -- Up-to-date: /home/ahmed/Documents/ITI_LSSD/ROS/custom_msg_ws/iti_lab3/install/my_msgs/include/my_msgs/srv/detail
[12.276s] -- Installing: /home/ahmed/Documents/ITI_LSSD/ROS/custom_msg_ws/iti_lab3/install/my_msgs/include/my_msgs/srv/detail/reset_num__builder.hpp
[12.276s] -- Installing: /home/ahmed/Documents/ITI_LSSD/ROS/custom_msg_ws/iti_lab3/install/my_msgs/include/my_msgs/srv/detail/reset_num__traits.hpp
[12.276s] -- Installing: /home/ahmed/Documents/ITI_LSSD/ROS/custom_msg_ws/iti_lab3/install/my_msgs/include/my_msgs/srv/detail/reset_num__struct.hpp
[12.277s] -- Up-to-date: /home/ahmed/Documents/ITI_LSSD/ROS/custom_msg_ws/iti_lab3/install/my_msgs/include/my_msgs
[12.277s] -- Up-to-date: /home/ahmed/Documents/ITI_LSSD/ROS/custom_msg_ws/iti_lab3/install/my_msgs/include/my_msgs/msg
[12.277s] -- Up-to-date: /home/ahmed/Documents/ITI_LSSD/ROS/custom_msg_ws/iti_lab3/install/my_msgs/include/my_msgs/msg/detail
[12.277s] -- Installing: /home/ahmed/Documents/ITI_LSSD/ROS/custom_msg_ws/iti_lab3/install/my_msgs/include/my_msgs/msg/detail/string_and_num__rosidl_typesupport_introspection_cpp.hpp
[12.277s] -- Installing: /home/ahmed/Documents/ITI_LSSD/ROS/custom_msg_ws/iti_lab3/install/my_msgs/include/my_msgs/msg/detail/string_and_num__type_support.cpp
[12.277s] -- Up-to-date: /home/ahmed/Documents/ITI_LSSD/ROS/custom_msg_ws/iti_lab3/install/my_msgs/include/my_msgs/srv
[12.277s] -- Up-to-date: /home/ahmed/Documents/ITI_LSSD/ROS/custom_msg_ws/iti_lab3/install/my_msgs/include/my_msgs/srv/detail
[12.278s] -- Installing: /home/ahmed/Documents/ITI_LSSD/ROS/custom_msg_ws/iti_lab3/install/my_msgs/include/my_msgs/srv/detail/reset_num__rosidl_typesupport_introspection_cpp.hpp
[12.278s] -- Installing: /home/ahmed/Documents/ITI_LSSD/ROS/custom_msg_ws/iti_lab3/install/my_msgs/include/my_msgs/srv/detail/reset_num__type_support.cpp
[12.278s] -- Installing: /home/ahmed/Documents/ITI_LSSD/ROS/custom_msg_ws/iti_lab3/install/my_msgs/lib/libmy_msgs__rosidl_typesupport_introspection_cpp.so
[12.278s] -- Set runtime path of "/home/ahmed/Documents/ITI_LSSD/ROS/custom_msg_ws/iti_lab3/install/my_msgs/lib/libmy_msgs__rosidl_typesupport_introspection_cpp.so" to ""
[12.278s] -- Installing: /home/ahmed/Documents/ITI_LSSD/ROS/custom_msg_ws/iti_lab3/install/my_msgs/lib/libmy_msgs__rosidl_typesupport_cpp.so
[12.279s] -- Set runtime path of "/home/ahmed/Documents/ITI_LSSD/ROS/custom_msg_ws/iti_lab3/install/my_msgs/lib/libmy_msgs__rosidl_typesupport_cpp.so" to ""
[12.279s] -- Installing: /home/ahmed/Documents/ITI_LSSD/ROS/custom_msg_ws/iti_lab3/install/my_msgs/share/my_msgs/environment/pythonpath.sh
[12.279s] -- Installing: /home/ahmed/Documents/ITI_LSSD/ROS/custom_msg_ws/iti_lab3/install/my_msgs/share/my_msgs/environment/pythonpath.dsv
[12.279s] -- Installing: /home/ahmed/Documents/ITI_LSSD/ROS/custom_msg_ws/iti_lab3/install/my_msgs/lib/python3.8/site-packages/my_msgs/__init__.py
[12.334s] Compiling '/home/ahmed/Documents/ITI_LSSD/ROS/custom_msg_ws/iti_lab3/install/my_msgs/lib/python3.8/site-packages/my_msgs/__init__.py'...
[12.342s] -- Installing: /home/ahmed/Documents/ITI_LSSD/ROS/custom_msg_ws/iti_lab3/install/my_msgs/lib/python3.8/site-packages/my_msgs/msg
[12.343s] -- Installing: /home/ahmed/Documents/ITI_LSSD/ROS/custom_msg_ws/iti_lab3/install/my_msgs/lib/python3.8/site-packages/my_msgs/msg/_string_and_num_s.c
[12.343s] -- Installing: /home/ahmed/Documents/ITI_LSSD/ROS/custom_msg_ws/iti_lab3/install/my_msgs/lib/python3.8/site-packages/my_msgs/msg/_string_and_num.py
[12.343s] -- Installing: /home/ahmed/Documents/ITI_LSSD/ROS/custom_msg_ws/iti_lab3/install/my_msgs/lib/python3.8/site-packages/my_msgs/msg/__init__.py
[12.343s] -- Installing: /home/ahmed/Documents/ITI_LSSD/ROS/custom_msg_ws/iti_lab3/install/my_msgs/lib/python3.8/site-packages/my_msgs/srv
[12.343s] -- Installing: /home/ahmed/Documents/ITI_LSSD/ROS/custom_msg_ws/iti_lab3/install/my_msgs/lib/python3.8/site-packages/my_msgs/srv/_reset_num_s.c
[12.344s] -- Installing: /home/ahmed/Documents/ITI_LSSD/ROS/custom_msg_ws/iti_lab3/install/my_msgs/lib/python3.8/site-packages/my_msgs/srv/__init__.py
[12.344s] -- Installing: /home/ahmed/Documents/ITI_LSSD/ROS/custom_msg_ws/iti_lab3/install/my_msgs/lib/python3.8/site-packages/my_msgs/srv/_reset_num.py
[12.344s] -- Installing: /home/ahmed/Documents/ITI_LSSD/ROS/custom_msg_ws/iti_lab3/install/my_msgs/lib/python3.8/site-packages/my_msgs/my_msgs_s__rosidl_typesupport_fastrtps_c.cpython-38-x86_64-linux-gnu.so
[12.344s] -- Set runtime path of "/home/ahmed/Documents/ITI_LSSD/ROS/custom_msg_ws/iti_lab3/install/my_msgs/lib/python3.8/site-packages/my_msgs/my_msgs_s__rosidl_typesupport_fastrtps_c.cpython-38-x86_64-linux-gnu.so" to ""
[12.344s] -- Installing: /home/ahmed/Documents/ITI_LSSD/ROS/custom_msg_ws/iti_lab3/install/my_msgs/lib/python3.8/site-packages/my_msgs/my_msgs_s__rosidl_typesupport_introspection_c.cpython-38-x86_64-linux-gnu.so
[12.345s] -- Set runtime path of "/home/ahmed/Documents/ITI_LSSD/ROS/custom_msg_ws/iti_lab3/install/my_msgs/lib/python3.8/site-packages/my_msgs/my_msgs_s__rosidl_typesupport_introspection_c.cpython-38-x86_64-linux-gnu.so" to ""
[12.346s] -- Installing: /home/ahmed/Documents/ITI_LSSD/ROS/custom_msg_ws/iti_lab3/install/my_msgs/lib/python3.8/site-packages/my_msgs/my_msgs_s__rosidl_typesupport_c.cpython-38-x86_64-linux-gnu.so
[12.346s] -- Set runtime path of "/home/ahmed/Documents/ITI_LSSD/ROS/custom_msg_ws/iti_lab3/install/my_msgs/lib/python3.8/site-packages/my_msgs/my_msgs_s__rosidl_typesupport_c.cpython-38-x86_64-linux-gnu.so" to ""
[12.346s] -- Installing: /home/ahmed/Documents/ITI_LSSD/ROS/custom_msg_ws/iti_lab3/install/my_msgs/lib/libmy_msgs__python.so
[12.347s] -- Set runtime path of "/home/ahmed/Documents/ITI_LSSD/ROS/custom_msg_ws/iti_lab3/install/my_msgs/lib/libmy_msgs__python.so" to ""
[12.347s] -- Installing: /home/ahmed/Documents/ITI_LSSD/ROS/custom_msg_ws/iti_lab3/install/my_msgs/share/my_msgs/msg/StringAndNum.idl
[12.347s] -- Installing: /home/ahmed/Documents/ITI_LSSD/ROS/custom_msg_ws/iti_lab3/install/my_msgs/share/my_msgs/srv/ResetNum.idl
[12.347s] -- Installing: /home/ahmed/Documents/ITI_LSSD/ROS/custom_msg_ws/iti_lab3/install/my_msgs/share/my_msgs/msg/StringAndNum.msg
[12.348s] -- Installing: /home/ahmed/Documents/ITI_LSSD/ROS/custom_msg_ws/iti_lab3/install/my_msgs/share/my_msgs/srv/ResetNum.srv
[12.348s] -- Installing: /home/ahmed/Documents/ITI_LSSD/ROS/custom_msg_ws/iti_lab3/install/my_msgs/share/my_msgs/srv/ResetNum_Request.msg
[12.348s] -- Installing: /home/ahmed/Documents/ITI_LSSD/ROS/custom_msg_ws/iti_lab3/install/my_msgs/share/my_msgs/srv/ResetNum_Response.msg
[12.348s] -- Installing: /home/ahmed/Documents/ITI_LSSD/ROS/custom_msg_ws/iti_lab3/install/my_msgs/share/ament_index/resource_index/package_run_dependencies/my_msgs
[12.349s] -- Installing: /home/ahmed/Documents/ITI_LSSD/ROS/custom_msg_ws/iti_lab3/install/my_msgs/share/ament_index/resource_index/parent_prefix_path/my_msgs
[12.349s] -- Installing: /home/ahmed/Documents/ITI_LSSD/ROS/custom_msg_ws/iti_lab3/install/my_msgs/share/my_msgs/environment/ament_prefix_path.sh
[12.349s] -- Installing: /home/ahmed/Documents/ITI_LSSD/ROS/custom_msg_ws/iti_lab3/install/my_msgs/share/my_msgs/environment/ament_prefix_path.dsv
[12.349s] -- Installing: /home/ahmed/Documents/ITI_LSSD/ROS/custom_msg_ws/iti_lab3/install/my_msgs/share/my_msgs/environment/path.sh
[12.349s] -- Installing: /home/ahmed/Documents/ITI_LSSD/ROS/custom_msg_ws/iti_lab3/install/my_msgs/share/my_msgs/environment/path.dsv
[12.350s] -- Installing: /home/ahmed/Documents/ITI_LSSD/ROS/custom_msg_ws/iti_lab3/install/my_msgs/share/my_msgs/local_setup.bash
[12.350s] -- Installing: /home/ahmed/Documents/ITI_LSSD/ROS/custom_msg_ws/iti_lab3/install/my_msgs/share/my_msgs/local_setup.sh
[12.350s] -- Installing: /home/ahmed/Documents/ITI_LSSD/ROS/custom_msg_ws/iti_lab3/install/my_msgs/share/my_msgs/local_setup.zsh
[12.350s] -- Installing: /home/ahmed/Documents/ITI_LSSD/ROS/custom_msg_ws/iti_lab3/install/my_msgs/share/my_msgs/local_setup.dsv
[12.351s] -- Installing: /home/ahmed/Documents/ITI_LSSD/ROS/custom_msg_ws/iti_lab3/install/my_msgs/share/my_msgs/package.dsv
[12.351s] -- Installing: /home/ahmed/Documents/ITI_LSSD/ROS/custom_msg_ws/iti_lab3/install/my_msgs/share/ament_index/resource_index/packages/my_msgs
[12.351s] -- Installing: /home/ahmed/Documents/ITI_LSSD/ROS/custom_msg_ws/iti_lab3/install/my_msgs/share/my_msgs/cmake/my_msgs__rosidl_generator_cExport.cmake
[12.351s] -- Installing: /home/ahmed/Documents/ITI_LSSD/ROS/custom_msg_ws/iti_lab3/install/my_msgs/share/my_msgs/cmake/my_msgs__rosidl_generator_cExport-noconfig.cmake
[12.352s] -- Installing: /home/ahmed/Documents/ITI_LSSD/ROS/custom_msg_ws/iti_lab3/install/my_msgs/share/my_msgs/cmake/my_msgs__rosidl_typesupport_introspection_cExport.cmake
[12.352s] -- Installing: /home/ahmed/Documents/ITI_LSSD/ROS/custom_msg_ws/iti_lab3/install/my_msgs/share/my_msgs/cmake/my_msgs__rosidl_typesupport_introspection_cExport-noconfig.cmake
[12.352s] -- Installing: /home/ahmed/Documents/ITI_LSSD/ROS/custom_msg_ws/iti_lab3/install/my_msgs/share/my_msgs/cmake/my_msgs__rosidl_typesupport_cExport.cmake
[12.352s] -- Installing: /home/ahmed/Documents/ITI_LSSD/ROS/custom_msg_ws/iti_lab3/install/my_msgs/share/my_msgs/cmake/my_msgs__rosidl_typesupport_cExport-noconfig.cmake
[12.353s] -- Installing: /home/ahmed/Documents/ITI_LSSD/ROS/custom_msg_ws/iti_lab3/install/my_msgs/share/my_msgs/cmake/my_msgs__rosidl_generator_cppExport.cmake
[12.353s] -- Installing: /home/ahmed/Documents/ITI_LSSD/ROS/custom_msg_ws/iti_lab3/install/my_msgs/share/my_msgs/cmake/my_msgs__rosidl_typesupport_introspection_cppExport.cmake
[12.353s] -- Installing: /home/ahmed/Documents/ITI_LSSD/ROS/custom_msg_ws/iti_lab3/install/my_msgs/share/my_msgs/cmake/my_msgs__rosidl_typesupport_introspection_cppExport-noconfig.cmake
[12.353s] -- Installing: /home/ahmed/Documents/ITI_LSSD/ROS/custom_msg_ws/iti_lab3/install/my_msgs/share/my_msgs/cmake/my_msgs__rosidl_typesupport_cppExport.cmake
[12.353s] -- Installing: /home/ahmed/Documents/ITI_LSSD/ROS/custom_msg_ws/iti_lab3/install/my_msgs/share/my_msgs/cmake/my_msgs__rosidl_typesupport_cppExport-noconfig.cmake
[12.354s] -- Installing: /home/ahmed/Documents/ITI_LSSD/ROS/custom_msg_ws/iti_lab3/install/my_msgs/share/my_msgs/cmake/rosidl_cmake-extras.cmake
[12.354s] -- Installing: /home/ahmed/Documents/ITI_LSSD/ROS/custom_msg_ws/iti_lab3/install/my_msgs/share/my_msgs/cmake/ament_cmake_export_dependencies-extras.cmake
[12.354s] -- Installing: /home/ahmed/Documents/ITI_LSSD/ROS/custom_msg_ws/iti_lab3/install/my_msgs/share/my_msgs/cmake/ament_cmake_export_libraries-extras.cmake
[12.354s] -- Installing: /home/ahmed/Documents/ITI_LSSD/ROS/custom_msg_ws/iti_lab3/install/my_msgs/share/my_msgs/cmake/ament_cmake_export_targets-extras.cmake
[12.354s] -- Installing: /home/ahmed/Documents/ITI_LSSD/ROS/custom_msg_ws/iti_lab3/install/my_msgs/share/my_msgs/cmake/ament_cmake_export_include_directories-extras.cmake
[12.355s] -- Installing: /home/ahmed/Documents/ITI_LSSD/ROS/custom_msg_ws/iti_lab3/install/my_msgs/share/my_msgs/cmake/rosidl_cmake_export_typesupport_libraries-extras.cmake
[12.355s] -- Installing: /home/ahmed/Documents/ITI_LSSD/ROS/custom_msg_ws/iti_lab3/install/my_msgs/share/my_msgs/cmake/rosidl_cmake_export_typesupport_targets-extras.cmake
[12.355s] -- Installing: /home/ahmed/Documents/ITI_LSSD/ROS/custom_msg_ws/iti_lab3/install/my_msgs/share/my_msgs/cmake/my_msgsConfig.cmake
[12.355s] -- Installing: /home/ahmed/Documents/ITI_LSSD/ROS/custom_msg_ws/iti_lab3/install/my_msgs/share/my_msgs/cmake/my_msgsConfig-version.cmake
[12.355s] -- Installing: /home/ahmed/Documents/ITI_LSSD/ROS/custom_msg_ws/iti_lab3/install/my_msgs/share/my_msgs/package.xml
[12.361s] Invoked command in '/home/ahmed/Documents/ITI_LSSD/ROS/custom_msg_ws/iti_lab3/build/my_msgs' returned '0': CMAKE_PREFIX_PATH=/opt/ros/foxy /usr/bin/cmake --install /home/ahmed/Documents/ITI_LSSD/ROS/custom_msg_ws/iti_lab3/build/my_msgs
