[0.331s] Invoking command in '/home/ahmed/Documents/ITI_LSSD/ROS/service_client_ws/iti_lab2/src/lab2_pkg': CONDA_PROMPT_MODIFIER=(base) PYTHONPATH=/home/ahmed/Documents/ITI_LSSD/ROS/service_client_ws/iti_lab2/install/lab2_pkg/lib/python3.8/site-packages:${PYTHONPATH} /usr/bin/python3 setup.py egg_info --egg-base ../../build/lab2_pkg build --build-base /home/ahmed/Documents/ITI_LSSD/ROS/service_client_ws/iti_lab2/build/lab2_pkg/build install --prefix /home/ahmed/Documents/ITI_LSSD/ROS/service_client_ws/iti_lab2/install/lab2_pkg --record /home/ahmed/Documents/ITI_LSSD/ROS/service_client_ws/iti_lab2/build/lab2_pkg/install.log --single-version-externally-managed
[0.595s] running egg_info
[0.595s] creating ../../build/lab2_pkg/lab2_pkg.egg-info
[0.596s] writing ../../build/lab2_pkg/lab2_pkg.egg-info/PKG-INFO
[0.596s] writing dependency_links to ../../build/lab2_pkg/lab2_pkg.egg-info/dependency_links.txt
[0.596s] writing entry points to ../../build/lab2_pkg/lab2_pkg.egg-info/entry_points.txt
[0.597s] writing requirements to ../../build/lab2_pkg/lab2_pkg.egg-info/requires.txt
[0.597s] writing top-level names to ../../build/lab2_pkg/lab2_pkg.egg-info/top_level.txt
[0.598s] writing manifest file '../../build/lab2_pkg/lab2_pkg.egg-info/SOURCES.txt'
[0.639s] reading manifest file '../../build/lab2_pkg/lab2_pkg.egg-info/SOURCES.txt'
[0.640s] writing manifest file '../../build/lab2_pkg/lab2_pkg.egg-info/SOURCES.txt'
[0.640s] running build
[0.641s] running build_py
[0.641s] creating /home/ahmed/Documents/ITI_LSSD/ROS/service_client_ws/iti_lab2/build/lab2_pkg/build
[0.641s] creating /home/ahmed/Documents/ITI_LSSD/ROS/service_client_ws/iti_lab2/build/lab2_pkg/build/lib
[0.641s] creating /home/ahmed/Documents/ITI_LSSD/ROS/service_client_ws/iti_lab2/build/lab2_pkg/build/lib/lab2_pkg
[0.642s] copying lab2_pkg/__init__.py -> /home/ahmed/Documents/ITI_LSSD/ROS/service_client_ws/iti_lab2/build/lab2_pkg/build/lib/lab2_pkg
[0.642s] running install
[0.642s] running install_lib
[0.643s] creating /home/ahmed/Documents/ITI_LSSD/ROS/service_client_ws/iti_lab2/install/lab2_pkg/lib/python3.8/site-packages/lab2_pkg
[0.644s] copying /home/ahmed/Documents/ITI_LSSD/ROS/service_client_ws/iti_lab2/build/lab2_pkg/build/lib/lab2_pkg/__init__.py -> /home/ahmed/Documents/ITI_LSSD/ROS/service_client_ws/iti_lab2/install/lab2_pkg/lib/python3.8/site-packages/lab2_pkg
[0.644s] byte-compiling /home/ahmed/Documents/ITI_LSSD/ROS/service_client_ws/iti_lab2/install/lab2_pkg/lib/python3.8/site-packages/lab2_pkg/__init__.py to __init__.cpython-38.pyc
[0.646s] running install_data
[0.646s] creating /home/ahmed/Documents/ITI_LSSD/ROS/service_client_ws/iti_lab2/install/lab2_pkg/share/ament_index
[0.647s] creating /home/ahmed/Documents/ITI_LSSD/ROS/service_client_ws/iti_lab2/install/lab2_pkg/share/ament_index/resource_index
[0.647s] creating /home/ahmed/Documents/ITI_LSSD/ROS/service_client_ws/iti_lab2/install/lab2_pkg/share/ament_index/resource_index/packages
[0.647s] copying resource/lab2_pkg -> /home/ahmed/Documents/ITI_LSSD/ROS/service_client_ws/iti_lab2/install/lab2_pkg/share/ament_index/resource_index/packages
[0.647s] copying package.xml -> /home/ahmed/Documents/ITI_LSSD/ROS/service_client_ws/iti_lab2/install/lab2_pkg/share/lab2_pkg
[0.647s] running install_egg_info
[0.649s] Copying ../../build/lab2_pkg/lab2_pkg.egg-info to /home/ahmed/Documents/ITI_LSSD/ROS/service_client_ws/iti_lab2/install/lab2_pkg/lib/python3.8/site-packages/lab2_pkg-0.0.0-py3.8.egg-info
[0.650s] running install_scripts
[0.671s] writing list of installed files to '/home/ahmed/Documents/ITI_LSSD/ROS/service_client_ws/iti_lab2/build/lab2_pkg/install.log'
[0.702s] Invoked command in '/home/ahmed/Documents/ITI_LSSD/ROS/service_client_ws/iti_lab2/src/lab2_pkg' returned '0': CONDA_PROMPT_MODIFIER=(base) PYTHONPATH=/home/ahmed/Documents/ITI_LSSD/ROS/service_client_ws/iti_lab2/install/lab2_pkg/lib/python3.8/site-packages:${PYTHONPATH} /usr/bin/python3 setup.py egg_info --egg-base ../../build/lab2_pkg build --build-base /home/ahmed/Documents/ITI_LSSD/ROS/service_client_ws/iti_lab2/build/lab2_pkg/build install --prefix /home/ahmed/Documents/ITI_LSSD/ROS/service_client_ws/iti_lab2/install/lab2_pkg --record /home/ahmed/Documents/ITI_LSSD/ROS/service_client_ws/iti_lab2/build/lab2_pkg/install.log --single-version-externally-managed
