[0.313s] DEBUG:colcon:Command line arguments: ['/usr/bin/colcon', 'build']
[0.314s] DEBUG:colcon:Parsed command line arguments: Namespace(ament_cmake_args=None, base_paths=['.'], build_base='build', catkin_cmake_args=None, catkin_skip_building_tests=False, cmake_args=None, cmake_clean_cache=False, cmake_clean_first=False, cmake_force_configure=False, cmake_target=None, cmake_target_skip_unavailable=False, continue_on_error=False, event_handlers=None, executor='parallel', ignore_user_meta=False, install_base='install', log_base=None, log_level=None, main=<bound method BuildVerb.main of <colcon_core.verb.build.BuildVerb object at 0x7f2b170f47c0>>, merge_install=False, metas=['./colcon.meta'], packages_above=None, packages_above_and_dependencies=None, packages_above_depth=None, packages_end=None, packages_ignore=None, packages_ignore_regex=None, packages_select=None, packages_select_build_failed=False, packages_select_by_dep=None, packages_select_regex=None, packages_select_test_failures=False, packages_skip=None, packages_skip_build_finished=False, packages_skip_by_dep=None, packages_skip_regex=None, packages_skip_test_passed=False, packages_skip_up_to=None, packages_start=None, packages_up_to=None, packages_up_to_regex=None, parallel_workers=4, paths=None, symlink_install=False, test_result_base=None, verb_extension=<colcon_core.verb.build.BuildVerb object at 0x7f2b170f47c0>, verb_name='build', verb_parser=<colcon_defaults.argument_parser.defaults.DefaultArgumentsDecorator object at 0x7f2b1707f4c0>)
[0.325s] Level 1:colcon.colcon_core.package_discovery:discover_packages(colcon_meta) check parameters
[0.325s] Level 1:colcon.colcon_core.package_discovery:discover_packages(recursive) check parameters
[0.325s] Level 1:colcon.colcon_core.package_discovery:discover_packages(ignore) check parameters
[0.325s] Level 1:colcon.colcon_core.package_discovery:discover_packages(path) check parameters
[0.325s] Level 1:colcon.colcon_core.package_discovery:discover_packages(colcon_meta) discover
[0.325s] Level 1:colcon.colcon_core.package_discovery:discover_packages(recursive) discover
[0.326s] INFO:colcon.colcon_core.package_discovery:Crawling recursively for packages in '/home/ahmed/Documents/ITI_LSSD/ROS/Turtle_Project/turtle_custom_data'
[0.326s] Level 1:colcon.colcon_core.package_identification:_identify(.) by extensions ['ignore', 'ignore_ament_install']
[0.326s] Level 1:colcon.colcon_core.package_identification:_identify(.) by extension 'ignore'
[0.326s] Level 1:colcon.colcon_core.package_identification:_identify(.) by extension 'ignore_ament_install'
[0.327s] Level 1:colcon.colcon_core.package_identification:_identify(.) by extensions ['colcon_pkg']
[0.327s] Level 1:colcon.colcon_core.package_identification:_identify(.) by extension 'colcon_pkg'
[0.327s] Level 1:colcon.colcon_core.package_identification:_identify(.) by extensions ['colcon_meta']
[0.327s] Level 1:colcon.colcon_core.package_identification:_identify(.) by extension 'colcon_meta'
[0.327s] Level 1:colcon.colcon_core.package_identification:_identify(.) by extensions ['ros']
[0.327s] Level 1:colcon.colcon_core.package_identification:_identify(.) by extension 'ros'
[0.344s] Level 1:colcon.colcon_core.package_identification:_identify(.) by extensions ['cmake', 'python']
[0.344s] Level 1:colcon.colcon_core.package_identification:_identify(.) by extension 'cmake'
[0.344s] Level 1:colcon.colcon_core.package_identification:_identify(.) by extension 'python'
[0.344s] Level 1:colcon.colcon_core.package_identification:_identify(.) by extensions ['python_setup_py']
[0.344s] Level 1:colcon.colcon_core.package_identification:_identify(.) by extension 'python_setup_py'
[0.345s] Level 1:colcon.colcon_core.package_identification:_identify(build) by extensions ['ignore', 'ignore_ament_install']
[0.345s] Level 1:colcon.colcon_core.package_identification:_identify(build) by extension 'ignore'
[0.345s] Level 1:colcon.colcon_core.package_identification:_identify(build) ignored
[0.345s] Level 1:colcon.colcon_core.package_identification:_identify(install) by extensions ['ignore', 'ignore_ament_install']
[0.345s] Level 1:colcon.colcon_core.package_identification:_identify(install) by extension 'ignore'
[0.345s] Level 1:colcon.colcon_core.package_identification:_identify(install) ignored
[0.345s] Level 1:colcon.colcon_core.package_identification:_identify(log) by extensions ['ignore', 'ignore_ament_install']
[0.346s] Level 1:colcon.colcon_core.package_identification:_identify(log) by extension 'ignore'
[0.346s] Level 1:colcon.colcon_core.package_identification:_identify(log) ignored
[0.346s] Level 1:colcon.colcon_core.package_identification:_identify(src) by extensions ['ignore', 'ignore_ament_install']
[0.346s] Level 1:colcon.colcon_core.package_identification:_identify(src) by extension 'ignore'
[0.346s] Level 1:colcon.colcon_core.package_identification:_identify(src) by extension 'ignore_ament_install'
[0.346s] Level 1:colcon.colcon_core.package_identification:_identify(src) by extensions ['colcon_pkg']
[0.346s] Level 1:colcon.colcon_core.package_identification:_identify(src) by extension 'colcon_pkg'
[0.346s] Level 1:colcon.colcon_core.package_identification:_identify(src) by extensions ['colcon_meta']
[0.346s] Level 1:colcon.colcon_core.package_identification:_identify(src) by extension 'colcon_meta'
[0.346s] Level 1:colcon.colcon_core.package_identification:_identify(src) by extensions ['ros']
[0.346s] Level 1:colcon.colcon_core.package_identification:_identify(src) by extension 'ros'
[0.346s] Level 1:colcon.colcon_core.package_identification:_identify(src) by extensions ['cmake', 'python']
[0.346s] Level 1:colcon.colcon_core.package_identification:_identify(src) by extension 'cmake'
[0.347s] Level 1:colcon.colcon_core.package_identification:_identify(src) by extension 'python'
[0.347s] Level 1:colcon.colcon_core.package_identification:_identify(src) by extensions ['python_setup_py']
[0.347s] Level 1:colcon.colcon_core.package_identification:_identify(src) by extension 'python_setup_py'
[0.347s] Level 1:colcon.colcon_core.package_identification:_identify(src/turtle_custom_msgs) by extensions ['ignore', 'ignore_ament_install']
[0.347s] Level 1:colcon.colcon_core.package_identification:_identify(src/turtle_custom_msgs) by extension 'ignore'
[0.347s] Level 1:colcon.colcon_core.package_identification:_identify(src/turtle_custom_msgs) by extension 'ignore_ament_install'
[0.347s] Level 1:colcon.colcon_core.package_identification:_identify(src/turtle_custom_msgs) by extensions ['colcon_pkg']
[0.347s] Level 1:colcon.colcon_core.package_identification:_identify(src/turtle_custom_msgs) by extension 'colcon_pkg'
[0.347s] Level 1:colcon.colcon_core.package_identification:_identify(src/turtle_custom_msgs) by extensions ['colcon_meta']
[0.347s] Level 1:colcon.colcon_core.package_identification:_identify(src/turtle_custom_msgs) by extension 'colcon_meta'
[0.347s] Level 1:colcon.colcon_core.package_identification:_identify(src/turtle_custom_msgs) by extensions ['ros']
[0.347s] Level 1:colcon.colcon_core.package_identification:_identify(src/turtle_custom_msgs) by extension 'ros'
[0.353s] DEBUG:colcon.colcon_core.package_identification:Package 'src/turtle_custom_msgs' with type 'ros.ament_cmake' and name 'turtle_custom_msgs'
[0.353s] Level 1:colcon.colcon_core.package_discovery:discover_packages(recursive) using defaults
[0.353s] Level 1:colcon.colcon_core.package_discovery:discover_packages(ignore) discover
[0.353s] Level 1:colcon.colcon_core.package_discovery:discover_packages(ignore) using defaults
[0.353s] Level 1:colcon.colcon_core.package_discovery:discover_packages(path) discover
[0.353s] Level 1:colcon.colcon_core.package_discovery:discover_packages(path) using defaults
[0.380s] Level 5:colcon.colcon_core.verb:set package 'turtle_custom_msgs' build argument 'cmake_args' from command line to 'None'
[0.380s] Level 5:colcon.colcon_core.verb:set package 'turtle_custom_msgs' build argument 'cmake_target' from command line to 'None'
[0.380s] Level 5:colcon.colcon_core.verb:set package 'turtle_custom_msgs' build argument 'cmake_target_skip_unavailable' from command line to 'False'
[0.380s] Level 5:colcon.colcon_core.verb:set package 'turtle_custom_msgs' build argument 'cmake_clean_cache' from command line to 'False'
[0.380s] Level 5:colcon.colcon_core.verb:set package 'turtle_custom_msgs' build argument 'cmake_clean_first' from command line to 'False'
[0.380s] Level 5:colcon.colcon_core.verb:set package 'turtle_custom_msgs' build argument 'cmake_force_configure' from command line to 'False'
[0.380s] Level 5:colcon.colcon_core.verb:set package 'turtle_custom_msgs' build argument 'ament_cmake_args' from command line to 'None'
[0.380s] Level 5:colcon.colcon_core.verb:set package 'turtle_custom_msgs' build argument 'catkin_cmake_args' from command line to 'None'
[0.380s] Level 5:colcon.colcon_core.verb:set package 'turtle_custom_msgs' build argument 'catkin_skip_building_tests' from command line to 'False'
[0.380s] DEBUG:colcon.colcon_core.verb:Building package 'turtle_custom_msgs' with the following arguments: {'ament_cmake_args': None, 'build_base': '/home/ahmed/Documents/ITI_LSSD/ROS/Turtle_Project/turtle_custom_data/build/turtle_custom_msgs', 'catkin_cmake_args': None, 'catkin_skip_building_tests': False, 'cmake_args': None, 'cmake_clean_cache': False, 'cmake_clean_first': False, 'cmake_force_configure': False, 'cmake_target': None, 'cmake_target_skip_unavailable': False, 'install_base': '/home/ahmed/Documents/ITI_LSSD/ROS/Turtle_Project/turtle_custom_data/install/turtle_custom_msgs', 'merge_install': False, 'path': '/home/ahmed/Documents/ITI_LSSD/ROS/Turtle_Project/turtle_custom_data/src/turtle_custom_msgs', 'symlink_install': False, 'test_result_base': None}
[0.381s] INFO:colcon.colcon_core.executor:Executing jobs using 'parallel' executor
[0.384s] DEBUG:colcon.colcon_parallel_executor.executor.parallel:run_until_complete
[0.384s] INFO:colcon.colcon_ros.task.ament_cmake.build:Building ROS package in '/home/ahmed/Documents/ITI_LSSD/ROS/Turtle_Project/turtle_custom_data/src/turtle_custom_msgs' with build type 'ament_cmake'
[0.384s] INFO:colcon.colcon_cmake.task.cmake.build:Building CMake package in '/home/ahmed/Documents/ITI_LSSD/ROS/Turtle_Project/turtle_custom_data/src/turtle_custom_msgs'
[0.388s] INFO:colcon.colcon_core.plugin_system:Skipping extension 'colcon_core.shell.bat': Not used on non-Windows systems
[0.389s] INFO:colcon.colcon_core.shell:Skip shell extension 'powershell' for command environment: Not usable outside of PowerShell
[0.389s] DEBUG:colcon.colcon_core.shell:Skip shell extension 'dsv' for command environment
[0.392s] DEBUG:colcon.colcon_core.shell:Ignoring prefix path '/opt/ros/foxy'
[0.404s] DEBUG:colcon.colcon_core.event_handler.log_command:Invoking command in '/home/ahmed/Documents/ITI_LSSD/ROS/Turtle_Project/turtle_custom_data/build/turtle_custom_msgs': CMAKE_PREFIX_PATH=/opt/ros/foxy /usr/bin/cmake /home/ahmed/Documents/ITI_LSSD/ROS/Turtle_Project/turtle_custom_data/src/turtle_custom_msgs -DCMAKE_INSTALL_PREFIX=/home/ahmed/Documents/ITI_LSSD/ROS/Turtle_Project/turtle_custom_data/install/turtle_custom_msgs
[2.235s] DEBUG:colcon.colcon_core.event_handler.log_command:Invoked command in '/home/ahmed/Documents/ITI_LSSD/ROS/Turtle_Project/turtle_custom_data/build/turtle_custom_msgs' returned '0': CMAKE_PREFIX_PATH=/opt/ros/foxy /usr/bin/cmake /home/ahmed/Documents/ITI_LSSD/ROS/Turtle_Project/turtle_custom_data/src/turtle_custom_msgs -DCMAKE_INSTALL_PREFIX=/home/ahmed/Documents/ITI_LSSD/ROS/Turtle_Project/turtle_custom_data/install/turtle_custom_msgs
[2.237s] DEBUG:colcon.colcon_core.event_handler.log_command:Invoking command in '/home/ahmed/Documents/ITI_LSSD/ROS/Turtle_Project/turtle_custom_data/build/turtle_custom_msgs': CMAKE_PREFIX_PATH=/opt/ros/foxy /usr/bin/cmake --build /home/ahmed/Documents/ITI_LSSD/ROS/Turtle_Project/turtle_custom_data/build/turtle_custom_msgs -- -j4 -l4
[10.496s] DEBUG:colcon.colcon_core.event_handler.log_command:Invoked command in '/home/ahmed/Documents/ITI_LSSD/ROS/Turtle_Project/turtle_custom_data/build/turtle_custom_msgs' returned '0': CMAKE_PREFIX_PATH=/opt/ros/foxy /usr/bin/cmake --build /home/ahmed/Documents/ITI_LSSD/ROS/Turtle_Project/turtle_custom_data/build/turtle_custom_msgs -- -j4 -l4
[10.590s] DEBUG:colcon.colcon_core.event_handler.log_command:Invoking command in '/home/ahmed/Documents/ITI_LSSD/ROS/Turtle_Project/turtle_custom_data/build/turtle_custom_msgs': CMAKE_PREFIX_PATH=/opt/ros/foxy /usr/bin/cmake --install /home/ahmed/Documents/ITI_LSSD/ROS/Turtle_Project/turtle_custom_data/build/turtle_custom_msgs
[10.705s] Level 1:colcon.colcon_core.environment:create_environment_scripts_only(turtle_custom_msgs)
[10.711s] Level 1:colcon.colcon_core.environment:checking '/home/ahmed/Documents/ITI_LSSD/ROS/Turtle_Project/turtle_custom_data/install/turtle_custom_msgs' for CMake module files
[10.713s] Level 1:colcon.colcon_core.environment:checking '/home/ahmed/Documents/ITI_LSSD/ROS/Turtle_Project/turtle_custom_data/install/turtle_custom_msgs' for CMake config files
[10.714s] Level 1:colcon.colcon_core.shell:create_environment_hook('turtle_custom_msgs', 'cmake_prefix_path')
[10.715s] INFO:colcon.colcon_core.shell:Creating environment hook '/home/ahmed/Documents/ITI_LSSD/ROS/Turtle_Project/turtle_custom_data/install/turtle_custom_msgs/share/turtle_custom_msgs/hook/cmake_prefix_path.ps1'
[10.716s] INFO:colcon.colcon_core.shell:Creating environment descriptor '/home/ahmed/Documents/ITI_LSSD/ROS/Turtle_Project/turtle_custom_data/install/turtle_custom_msgs/share/turtle_custom_msgs/hook/cmake_prefix_path.dsv'
[10.717s] INFO:colcon.colcon_core.shell:Creating environment hook '/home/ahmed/Documents/ITI_LSSD/ROS/Turtle_Project/turtle_custom_data/install/turtle_custom_msgs/share/turtle_custom_msgs/hook/cmake_prefix_path.sh'
[10.719s] Level 1:colcon.colcon_core.environment:checking '/home/ahmed/Documents/ITI_LSSD/ROS/Turtle_Project/turtle_custom_data/install/turtle_custom_msgs/lib'
[10.720s] Level 1:colcon.colcon_core.shell:create_environment_hook('turtle_custom_msgs', 'ld_library_path_lib')
[10.724s] DEBUG:colcon.colcon_core.event_handler.log_command:Invoked command in '/home/ahmed/Documents/ITI_LSSD/ROS/Turtle_Project/turtle_custom_data/build/turtle_custom_msgs' returned '0': CMAKE_PREFIX_PATH=/opt/ros/foxy /usr/bin/cmake --install /home/ahmed/Documents/ITI_LSSD/ROS/Turtle_Project/turtle_custom_data/build/turtle_custom_msgs
[10.726s] INFO:colcon.colcon_core.shell:Creating environment hook '/home/ahmed/Documents/ITI_LSSD/ROS/Turtle_Project/turtle_custom_data/install/turtle_custom_msgs/share/turtle_custom_msgs/hook/ld_library_path_lib.ps1'
[10.737s] INFO:colcon.colcon_core.shell:Creating environment descriptor '/home/ahmed/Documents/ITI_LSSD/ROS/Turtle_Project/turtle_custom_data/install/turtle_custom_msgs/share/turtle_custom_msgs/hook/ld_library_path_lib.dsv'
[10.738s] INFO:colcon.colcon_core.shell:Creating environment hook '/home/ahmed/Documents/ITI_LSSD/ROS/Turtle_Project/turtle_custom_data/install/turtle_custom_msgs/share/turtle_custom_msgs/hook/ld_library_path_lib.sh'
[10.739s] Level 1:colcon.colcon_core.environment:checking '/home/ahmed/Documents/ITI_LSSD/ROS/Turtle_Project/turtle_custom_data/install/turtle_custom_msgs/bin'
[10.739s] Level 1:colcon.colcon_core.environment:checking '/home/ahmed/Documents/ITI_LSSD/ROS/Turtle_Project/turtle_custom_data/install/turtle_custom_msgs/lib/pkgconfig/turtle_custom_msgs.pc'
[10.739s] Level 1:colcon.colcon_core.environment:checking '/home/ahmed/Documents/ITI_LSSD/ROS/Turtle_Project/turtle_custom_data/install/turtle_custom_msgs/lib/python3.8/site-packages'
[10.739s] Level 1:colcon.colcon_core.shell:create_environment_hook('turtle_custom_msgs', 'pythonpath')
[10.740s] INFO:colcon.colcon_core.shell:Creating environment hook '/home/ahmed/Documents/ITI_LSSD/ROS/Turtle_Project/turtle_custom_data/install/turtle_custom_msgs/share/turtle_custom_msgs/hook/pythonpath.ps1'
[10.741s] INFO:colcon.colcon_core.shell:Creating environment descriptor '/home/ahmed/Documents/ITI_LSSD/ROS/Turtle_Project/turtle_custom_data/install/turtle_custom_msgs/share/turtle_custom_msgs/hook/pythonpath.dsv'
[10.742s] INFO:colcon.colcon_core.shell:Creating environment hook '/home/ahmed/Documents/ITI_LSSD/ROS/Turtle_Project/turtle_custom_data/install/turtle_custom_msgs/share/turtle_custom_msgs/hook/pythonpath.sh'
[10.744s] INFO:colcon.colcon_core.shell:Creating package script '/home/ahmed/Documents/ITI_LSSD/ROS/Turtle_Project/turtle_custom_data/install/turtle_custom_msgs/share/turtle_custom_msgs/package.ps1'
[10.747s] INFO:colcon.colcon_core.shell:Creating package descriptor '/home/ahmed/Documents/ITI_LSSD/ROS/Turtle_Project/turtle_custom_data/install/turtle_custom_msgs/share/turtle_custom_msgs/package.dsv'
[10.749s] INFO:colcon.colcon_core.shell:Creating package script '/home/ahmed/Documents/ITI_LSSD/ROS/Turtle_Project/turtle_custom_data/install/turtle_custom_msgs/share/turtle_custom_msgs/package.sh'
[10.750s] INFO:colcon.colcon_core.shell:Creating package script '/home/ahmed/Documents/ITI_LSSD/ROS/Turtle_Project/turtle_custom_data/install/turtle_custom_msgs/share/turtle_custom_msgs/package.bash'
[10.752s] INFO:colcon.colcon_core.shell:Creating package script '/home/ahmed/Documents/ITI_LSSD/ROS/Turtle_Project/turtle_custom_data/install/turtle_custom_msgs/share/turtle_custom_msgs/package.zsh'
[10.753s] Level 1:colcon.colcon_core.environment:create_file_with_runtime_dependencies(/home/ahmed/Documents/ITI_LSSD/ROS/Turtle_Project/turtle_custom_data/install/turtle_custom_msgs/share/colcon-core/packages/turtle_custom_msgs)
[10.859s] Level 1:colcon.colcon_core.environment:create_environment_scripts_only(turtle_custom_msgs)
[10.861s] Level 1:colcon.colcon_core.environment:checking '/home/ahmed/Documents/ITI_LSSD/ROS/Turtle_Project/turtle_custom_data/install/turtle_custom_msgs' for CMake module files
[10.863s] Level 1:colcon.colcon_core.environment:checking '/home/ahmed/Documents/ITI_LSSD/ROS/Turtle_Project/turtle_custom_data/install/turtle_custom_msgs' for CMake config files
[10.863s] Level 1:colcon.colcon_core.shell:create_environment_hook('turtle_custom_msgs', 'cmake_prefix_path')
[10.865s] INFO:colcon.colcon_core.shell:Creating environment hook '/home/ahmed/Documents/ITI_LSSD/ROS/Turtle_Project/turtle_custom_data/install/turtle_custom_msgs/share/turtle_custom_msgs/hook/cmake_prefix_path.ps1'
[10.866s] INFO:colcon.colcon_core.shell:Creating environment descriptor '/home/ahmed/Documents/ITI_LSSD/ROS/Turtle_Project/turtle_custom_data/install/turtle_custom_msgs/share/turtle_custom_msgs/hook/cmake_prefix_path.dsv'
[10.866s] INFO:colcon.colcon_core.shell:Creating environment hook '/home/ahmed/Documents/ITI_LSSD/ROS/Turtle_Project/turtle_custom_data/install/turtle_custom_msgs/share/turtle_custom_msgs/hook/cmake_prefix_path.sh'
[10.867s] Level 1:colcon.colcon_core.environment:checking '/home/ahmed/Documents/ITI_LSSD/ROS/Turtle_Project/turtle_custom_data/install/turtle_custom_msgs/lib'
[10.867s] Level 1:colcon.colcon_core.shell:create_environment_hook('turtle_custom_msgs', 'ld_library_path_lib')
[10.868s] INFO:colcon.colcon_core.shell:Creating environment hook '/home/ahmed/Documents/ITI_LSSD/ROS/Turtle_Project/turtle_custom_data/install/turtle_custom_msgs/share/turtle_custom_msgs/hook/ld_library_path_lib.ps1'
[10.869s] INFO:colcon.colcon_core.shell:Creating environment descriptor '/home/ahmed/Documents/ITI_LSSD/ROS/Turtle_Project/turtle_custom_data/install/turtle_custom_msgs/share/turtle_custom_msgs/hook/ld_library_path_lib.dsv'
[10.870s] INFO:colcon.colcon_core.shell:Creating environment hook '/home/ahmed/Documents/ITI_LSSD/ROS/Turtle_Project/turtle_custom_data/install/turtle_custom_msgs/share/turtle_custom_msgs/hook/ld_library_path_lib.sh'
[10.870s] Level 1:colcon.colcon_core.environment:checking '/home/ahmed/Documents/ITI_LSSD/ROS/Turtle_Project/turtle_custom_data/install/turtle_custom_msgs/bin'
[10.870s] Level 1:colcon.colcon_core.environment:checking '/home/ahmed/Documents/ITI_LSSD/ROS/Turtle_Project/turtle_custom_data/install/turtle_custom_msgs/lib/pkgconfig/turtle_custom_msgs.pc'
[10.871s] Level 1:colcon.colcon_core.environment:checking '/home/ahmed/Documents/ITI_LSSD/ROS/Turtle_Project/turtle_custom_data/install/turtle_custom_msgs/lib/python3.8/site-packages'
[10.871s] Level 1:colcon.colcon_core.shell:create_environment_hook('turtle_custom_msgs', 'pythonpath')
[10.872s] INFO:colcon.colcon_core.shell:Creating environment hook '/home/ahmed/Documents/ITI_LSSD/ROS/Turtle_Project/turtle_custom_data/install/turtle_custom_msgs/share/turtle_custom_msgs/hook/pythonpath.ps1'
[10.873s] INFO:colcon.colcon_core.shell:Creating environment descriptor '/home/ahmed/Documents/ITI_LSSD/ROS/Turtle_Project/turtle_custom_data/install/turtle_custom_msgs/share/turtle_custom_msgs/hook/pythonpath.dsv'
[10.873s] INFO:colcon.colcon_core.shell:Creating environment hook '/home/ahmed/Documents/ITI_LSSD/ROS/Turtle_Project/turtle_custom_data/install/turtle_custom_msgs/share/turtle_custom_msgs/hook/pythonpath.sh'
[10.875s] INFO:colcon.colcon_core.shell:Creating package script '/home/ahmed/Documents/ITI_LSSD/ROS/Turtle_Project/turtle_custom_data/install/turtle_custom_msgs/share/turtle_custom_msgs/package.ps1'
[10.876s] INFO:colcon.colcon_core.shell:Creating package descriptor '/home/ahmed/Documents/ITI_LSSD/ROS/Turtle_Project/turtle_custom_data/install/turtle_custom_msgs/share/turtle_custom_msgs/package.dsv'
[10.877s] INFO:colcon.colcon_core.shell:Creating package script '/home/ahmed/Documents/ITI_LSSD/ROS/Turtle_Project/turtle_custom_data/install/turtle_custom_msgs/share/turtle_custom_msgs/package.sh'
[10.878s] INFO:colcon.colcon_core.shell:Creating package script '/home/ahmed/Documents/ITI_LSSD/ROS/Turtle_Project/turtle_custom_data/install/turtle_custom_msgs/share/turtle_custom_msgs/package.bash'
[10.878s] INFO:colcon.colcon_core.shell:Creating package script '/home/ahmed/Documents/ITI_LSSD/ROS/Turtle_Project/turtle_custom_data/install/turtle_custom_msgs/share/turtle_custom_msgs/package.zsh'
[10.879s] Level 1:colcon.colcon_core.environment:create_file_with_runtime_dependencies(/home/ahmed/Documents/ITI_LSSD/ROS/Turtle_Project/turtle_custom_data/install/turtle_custom_msgs/share/colcon-core/packages/turtle_custom_msgs)
[10.880s] DEBUG:colcon.colcon_parallel_executor.executor.parallel:closing loop
[10.880s] DEBUG:colcon.colcon_parallel_executor.executor.parallel:loop closed
[10.880s] DEBUG:colcon.colcon_parallel_executor.executor.parallel:run_until_complete finished with '0'
[10.881s] DEBUG:colcon.colcon_core.event_reactor:joining thread
[10.894s] INFO:colcon.colcon_core.plugin_system:Skipping extension 'colcon_notification.desktop_notification.terminal_notifier': Not used on non-Darwin systems
[10.894s] INFO:colcon.colcon_core.plugin_system:Skipping extension 'colcon_notification.desktop_notification.win32': Not used on non-Windows systems
[10.894s] INFO:colcon.colcon_notification.desktop_notification:Sending desktop notification using 'notify2'
[10.916s] DEBUG:colcon.colcon_core.event_reactor:joined thread
[10.917s] INFO:colcon.colcon_core.shell:Creating prefix script '/home/ahmed/Documents/ITI_LSSD/ROS/Turtle_Project/turtle_custom_data/install/local_setup.ps1'
[10.919s] INFO:colcon.colcon_core.shell:Creating prefix util module '/home/ahmed/Documents/ITI_LSSD/ROS/Turtle_Project/turtle_custom_data/install/_local_setup_util_ps1.py'
[10.922s] INFO:colcon.colcon_core.shell:Creating prefix chain script '/home/ahmed/Documents/ITI_LSSD/ROS/Turtle_Project/turtle_custom_data/install/setup.ps1'
[10.927s] INFO:colcon.colcon_core.shell:Creating prefix script '/home/ahmed/Documents/ITI_LSSD/ROS/Turtle_Project/turtle_custom_data/install/local_setup.sh'
[10.928s] INFO:colcon.colcon_core.shell:Creating prefix util module '/home/ahmed/Documents/ITI_LSSD/ROS/Turtle_Project/turtle_custom_data/install/_local_setup_util_sh.py'
[10.929s] INFO:colcon.colcon_core.shell:Creating prefix chain script '/home/ahmed/Documents/ITI_LSSD/ROS/Turtle_Project/turtle_custom_data/install/setup.sh'
[10.932s] INFO:colcon.colcon_core.shell:Creating prefix script '/home/ahmed/Documents/ITI_LSSD/ROS/Turtle_Project/turtle_custom_data/install/local_setup.bash'
[10.933s] INFO:colcon.colcon_core.shell:Creating prefix chain script '/home/ahmed/Documents/ITI_LSSD/ROS/Turtle_Project/turtle_custom_data/install/setup.bash'
[10.936s] INFO:colcon.colcon_core.shell:Creating prefix script '/home/ahmed/Documents/ITI_LSSD/ROS/Turtle_Project/turtle_custom_data/install/local_setup.zsh'
[10.937s] INFO:colcon.colcon_core.shell:Creating prefix chain script '/home/ahmed/Documents/ITI_LSSD/ROS/Turtle_Project/turtle_custom_data/install/setup.zsh'
