running egg_info
writing ../../build/imu_subNode/imu_subNode.egg-info/PKG-INFO
writing dependency_links to ../../build/imu_subNode/imu_subNode.egg-info/dependency_links.txt
writing entry points to ../../build/imu_subNode/imu_subNode.egg-info/entry_points.txt
writing requirements to ../../build/imu_subNode/imu_subNode.egg-info/requires.txt
writing top-level names to ../../build/imu_subNode/imu_subNode.egg-info/top_level.txt
reading manifest file '../../build/imu_subNode/imu_subNode.egg-info/SOURCES.txt'
writing manifest file '../../build/imu_subNode/imu_subNode.egg-info/SOURCES.txt'
running build
running build_py
copying imu_subNode/imu_subscriber.py -> /home/ahmed/Documents/ITI_LSSD/ROS/ROS_WS/Sensors_LAB1_Tasks/build/imu_subNode/build/lib/imu_subNode
running install
running install_lib
copying /home/ahmed/Documents/ITI_LSSD/ROS/ROS_WS/Sensors_LAB1_Tasks/build/imu_subNode/build/lib/imu_subNode/imu_subscriber.py -> /home/ahmed/Documents/ITI_LSSD/ROS/ROS_WS/Sensors_LAB1_Tasks/install/imu_subNode/lib/python3.8/site-packages/imu_subNode
byte-compiling /home/ahmed/Documents/ITI_LSSD/ROS/ROS_WS/Sensors_LAB1_Tasks/install/imu_subNode/lib/python3.8/site-packages/imu_subNode/imu_subscriber.py to imu_subscriber.cpython-38.pyc
running install_data
running install_egg_info
removing '/home/ahmed/Documents/ITI_LSSD/ROS/ROS_WS/Sensors_LAB1_Tasks/install/imu_subNode/lib/python3.8/site-packages/imu_subNode-0.0.0-py3.8.egg-info' (and everything under it)
Copying ../../build/imu_subNode/imu_subNode.egg-info to /home/ahmed/Documents/ITI_LSSD/ROS/ROS_WS/Sensors_LAB1_Tasks/install/imu_subNode/lib/python3.8/site-packages/imu_subNode-0.0.0-py3.8.egg-info
running install_scripts
writing list of installed files to '/home/ahmed/Documents/ITI_LSSD/ROS/ROS_WS/Sensors_LAB1_Tasks/build/imu_subNode/install.log'
