[0.017s] Invoking command in '/home/ahmed/Documents/ITI_LSSD/ROS/ROS_WS/LAB7_Tasks/build/cpp': CMAKE_PREFIX_PATH=/opt/ros/foxy /usr/bin/cmake /home/ahmed/Documents/ITI_LSSD/ROS/ROS_WS/LAB7_Tasks/src/iti_lab7_task3 -DCMAKE_INSTALL_PREFIX=/home/ahmed/Documents/ITI_LSSD/ROS/ROS_WS/LAB7_Tasks/install/cpp
[0.139s] -- The C compiler identification is GNU 9.3.0
[0.245s] -- The CXX compiler identification is GNU 9.3.0
[0.251s] -- Check for working C compiler: /usr/bin/cc
[0.370s] -- Check for working C compiler: /usr/bin/cc -- works
[0.370s] -- Detecting C compiler ABI info
[0.479s] -- Detecting C compiler ABI info - done
[0.506s] -- Detecting C compile features
[0.506s] -- Detecting C compile features - done
[0.512s] -- Check for working CXX compiler: /usr/bin/c++
[0.673s] -- Check for working CXX compiler: /usr/bin/c++ -- works
[0.675s] -- Detecting CXX compiler ABI info
[0.803s] -- Detecting CXX compiler ABI info - done
[0.823s] -- Detecting CXX compile features
[0.824s] -- Detecting CXX compile features - done
[0.824s] -- Found ament_cmake: 0.9.8 (/opt/ros/foxy/share/ament_cmake/cmake)
[0.859s] -- Found PythonInterp: /usr/bin/python3 (found suitable version "3.8.5", minimum required is "3") 
[0.859s] -- Using PYTHON_EXECUTABLE: /usr/bin/python3
[1.155s] -- Found rclcpp: 2.3.1 (/opt/ros/foxy/share/rclcpp/cmake)
[1.209s] -- Using all available rosidl_typesupport_c: rosidl_typesupport_fastrtps_c;rosidl_typesupport_introspection_c
[1.222s] -- Found rosidl_adapter: 1.2.1 (/opt/ros/foxy/share/rosidl_adapter/cmake)
[1.331s] -- Found OpenSSL: /usr/lib/x86_64-linux-gnu/libcrypto.so (found version "1.1.1f")  
[1.371s] -- Found FastRTPS: /opt/ros/foxy/include  
[1.472s] -- Using all available rosidl_typesupport_cpp: rosidl_typesupport_fastrtps_cpp;rosidl_typesupport_introspection_cpp
[1.550s] -- Found rmw_implementation_cmake: 1.0.3 (/opt/ros/foxy/share/rmw_implementation_cmake/cmake)
[1.552s] -- Using RMW implementation 'rmw_fastrtps_cpp' as default
[1.553s] -- Looking for pthread.h
[1.649s] -- Looking for pthread.h - found
[1.649s] -- Performing Test CMAKE_HAVE_LIBC_PTHREAD
[1.775s] -- Performing Test CMAKE_HAVE_LIBC_PTHREAD - Failed
[1.776s] -- Looking for pthread_create in pthreads
[1.866s] -- Looking for pthread_create in pthreads - not found
[1.867s] -- Looking for pthread_create in pthread
[1.979s] -- Looking for pthread_create in pthread - found
[1.979s] -- Found Threads: TRUE  
[2.208s] -- Found ament_lint_auto: 0.9.6 (/opt/ros/foxy/share/ament_lint_auto/cmake)
[2.302s] -- Added test 'copyright' to check source files copyright and LICENSE
[2.306s] -- Added test 'cppcheck' to perform static code analysis on C / C++ code
[2.307s] -- Configured cppcheck include dirs: 
[2.307s] -- Configured cppcheck exclude dirs and/or files: 
[2.307s] -- Added test 'cpplint' to check C / C++ code against the Google style
[2.307s] -- Configured cpplint exclude dirs and/or files: 
[2.312s] -- Added test 'lint_cmake' to check CMake code style
[2.312s] -- Added test 'uncrustify' to check C / C++ code style
[2.313s] -- Configured uncrustify additional arguments: 
[2.313s] -- Added test 'xmllint' to check XML markup files
[2.315s] -- Configuring done
[2.334s] -- Generating done
[2.337s] -- Build files have been written to: /home/ahmed/Documents/ITI_LSSD/ROS/ROS_WS/LAB7_Tasks/build/cpp
[2.362s] Invoked command in '/home/ahmed/Documents/ITI_LSSD/ROS/ROS_WS/LAB7_Tasks/build/cpp' returned '0': CMAKE_PREFIX_PATH=/opt/ros/foxy /usr/bin/cmake /home/ahmed/Documents/ITI_LSSD/ROS/ROS_WS/LAB7_Tasks/src/iti_lab7_task3 -DCMAKE_INSTALL_PREFIX=/home/ahmed/Documents/ITI_LSSD/ROS/ROS_WS/LAB7_Tasks/install/cpp
[2.369s] Invoking command in '/home/ahmed/Documents/ITI_LSSD/ROS/ROS_WS/LAB7_Tasks/build/cpp': CMAKE_PREFIX_PATH=/opt/ros/foxy /usr/bin/cmake --build /home/ahmed/Documents/ITI_LSSD/ROS/ROS_WS/LAB7_Tasks/build/cpp -- -j4 -l4
[2.435s] [35m[1mScanning dependencies of target listener[0m
[2.435s] [35m[1mScanning dependencies of target talker[0m
[2.515s] [ 25%] [32mBuilding CXX object CMakeFiles/talker.dir/src/node1.cpp.o[0m
[2.534s] [ 50%] [32mBuilding CXX object CMakeFiles/listener.dir/src/node2.cpp.o[0m
[7.544s] [ 75%] [32m[1mLinking CXX executable talker[0m
[7.804s] [ 75%] Built target talker
[9.959s] [100%] [32m[1mLinking CXX executable listener[0m
[10.284s] [100%] Built target listener
[10.306s] Invoked command in '/home/ahmed/Documents/ITI_LSSD/ROS/ROS_WS/LAB7_Tasks/build/cpp' returned '0': CMAKE_PREFIX_PATH=/opt/ros/foxy /usr/bin/cmake --build /home/ahmed/Documents/ITI_LSSD/ROS/ROS_WS/LAB7_Tasks/build/cpp -- -j4 -l4
[10.353s] Invoking command in '/home/ahmed/Documents/ITI_LSSD/ROS/ROS_WS/LAB7_Tasks/build/cpp': CMAKE_PREFIX_PATH=/opt/ros/foxy /usr/bin/cmake --install /home/ahmed/Documents/ITI_LSSD/ROS/ROS_WS/LAB7_Tasks/build/cpp
[10.371s] -- Install configuration: ""
[10.373s] -- Installing: /home/ahmed/Documents/ITI_LSSD/ROS/ROS_WS/LAB7_Tasks/install/cpp/lib/cpp/listener
[10.379s] -- Set runtime path of "/home/ahmed/Documents/ITI_LSSD/ROS/ROS_WS/LAB7_Tasks/install/cpp/lib/cpp/listener" to ""
[10.380s] -- Installing: /home/ahmed/Documents/ITI_LSSD/ROS/ROS_WS/LAB7_Tasks/install/cpp/lib/cpp/talker
[10.382s] -- Set runtime path of "/home/ahmed/Documents/ITI_LSSD/ROS/ROS_WS/LAB7_Tasks/install/cpp/lib/cpp/talker" to ""
[10.382s] -- Installing: /home/ahmed/Documents/ITI_LSSD/ROS/ROS_WS/LAB7_Tasks/install/cpp/share/ament_index/resource_index/package_run_dependencies/cpp
[10.382s] -- Installing: /home/ahmed/Documents/ITI_LSSD/ROS/ROS_WS/LAB7_Tasks/install/cpp/share/ament_index/resource_index/parent_prefix_path/cpp
[10.383s] -- Installing: /home/ahmed/Documents/ITI_LSSD/ROS/ROS_WS/LAB7_Tasks/install/cpp/share/cpp/environment/ament_prefix_path.sh
[10.384s] -- Installing: /home/ahmed/Documents/ITI_LSSD/ROS/ROS_WS/LAB7_Tasks/install/cpp/share/cpp/environment/ament_prefix_path.dsv
[10.384s] -- Installing: /home/ahmed/Documents/ITI_LSSD/ROS/ROS_WS/LAB7_Tasks/install/cpp/share/cpp/environment/path.sh
[10.384s] -- Installing: /home/ahmed/Documents/ITI_LSSD/ROS/ROS_WS/LAB7_Tasks/install/cpp/share/cpp/environment/path.dsv
[10.384s] -- Installing: /home/ahmed/Documents/ITI_LSSD/ROS/ROS_WS/LAB7_Tasks/install/cpp/share/cpp/local_setup.bash
[10.385s] -- Installing: /home/ahmed/Documents/ITI_LSSD/ROS/ROS_WS/LAB7_Tasks/install/cpp/share/cpp/local_setup.sh
[10.385s] -- Installing: /home/ahmed/Documents/ITI_LSSD/ROS/ROS_WS/LAB7_Tasks/install/cpp/share/cpp/local_setup.zsh
[10.385s] -- Installing: /home/ahmed/Documents/ITI_LSSD/ROS/ROS_WS/LAB7_Tasks/install/cpp/share/cpp/local_setup.dsv
[10.385s] -- Installing: /home/ahmed/Documents/ITI_LSSD/ROS/ROS_WS/LAB7_Tasks/install/cpp/share/cpp/package.dsv
[10.385s] -- Installing: /home/ahmed/Documents/ITI_LSSD/ROS/ROS_WS/LAB7_Tasks/install/cpp/share/ament_index/resource_index/packages/cpp
[10.386s] -- Installing: /home/ahmed/Documents/ITI_LSSD/ROS/ROS_WS/LAB7_Tasks/install/cpp/share/cpp/cmake/cppConfig.cmake
[10.386s] -- Installing: /home/ahmed/Documents/ITI_LSSD/ROS/ROS_WS/LAB7_Tasks/install/cpp/share/cpp/cmake/cppConfig-version.cmake
[10.386s] -- Installing: /home/ahmed/Documents/ITI_LSSD/ROS/ROS_WS/LAB7_Tasks/install/cpp/share/cpp/package.xml
[10.386s] Invoked command in '/home/ahmed/Documents/ITI_LSSD/ROS/ROS_WS/LAB7_Tasks/build/cpp' returned '0': CMAKE_PREFIX_PATH=/opt/ros/foxy /usr/bin/cmake --install /home/ahmed/Documents/ITI_LSSD/ROS/ROS_WS/LAB7_Tasks/build/cpp
