[0.339s] DEBUG:colcon:Command line arguments: ['/usr/bin/colcon', 'build', '--packages-select', 'iti_lab7_task1']
[0.339s] DEBUG:colcon:Parsed command line arguments: Namespace(ament_cmake_args=None, base_paths=['.'], build_base='build', catkin_cmake_args=None, catkin_skip_building_tests=False, cmake_args=None, cmake_clean_cache=False, cmake_clean_first=False, cmake_force_configure=False, cmake_target=None, cmake_target_skip_unavailable=False, continue_on_error=False, event_handlers=None, executor='parallel', ignore_user_meta=False, install_base='install', log_base=None, log_level=None, main=<bound method BuildVerb.main of <colcon_core.verb.build.BuildVerb object at 0x7f0d271bd2e0>>, merge_install=False, metas=['./colcon.meta'], packages_above=None, packages_above_and_dependencies=None, packages_above_depth=None, packages_end=None, packages_ignore=None, packages_ignore_regex=None, packages_select=['iti_lab7_task1'], packages_select_build_failed=False, packages_select_by_dep=None, packages_select_regex=None, packages_select_test_failures=False, packages_skip=None, packages_skip_build_finished=False, packages_skip_by_dep=None, packages_skip_regex=None, packages_skip_test_passed=False, packages_skip_up_to=None, packages_start=None, packages_up_to=None, packages_up_to_regex=None, parallel_workers=4, paths=None, symlink_install=False, test_result_base=None, verb_extension=<colcon_core.verb.build.BuildVerb object at 0x7f0d271bd2e0>, verb_name='build', verb_parser=<colcon_defaults.argument_parser.defaults.DefaultArgumentsDecorator object at 0x7f0d271bd820>)
[0.347s] Level 1:colcon.colcon_core.package_discovery:discover_packages(colcon_meta) check parameters
[0.347s] Level 1:colcon.colcon_core.package_discovery:discover_packages(recursive) check parameters
[0.347s] Level 1:colcon.colcon_core.package_discovery:discover_packages(ignore) check parameters
[0.347s] Level 1:colcon.colcon_core.package_discovery:discover_packages(path) check parameters
[0.347s] Level 1:colcon.colcon_core.package_discovery:discover_packages(colcon_meta) discover
[0.348s] Level 1:colcon.colcon_core.package_discovery:discover_packages(recursive) discover
[0.348s] INFO:colcon.colcon_core.package_discovery:Crawling recursively for packages in '/home/ahmed/Documents/ITI_LSSD/ROS/ROS_WS/LAB7_Tasks'
[0.348s] Level 1:colcon.colcon_core.package_identification:_identify(.) by extensions ['ignore', 'ignore_ament_install']
[0.348s] Level 1:colcon.colcon_core.package_identification:_identify(.) by extension 'ignore'
[0.348s] Level 1:colcon.colcon_core.package_identification:_identify(.) by extension 'ignore_ament_install'
[0.348s] Level 1:colcon.colcon_core.package_identification:_identify(.) by extensions ['colcon_pkg']
[0.348s] Level 1:colcon.colcon_core.package_identification:_identify(.) by extension 'colcon_pkg'
[0.348s] Level 1:colcon.colcon_core.package_identification:_identify(.) by extensions ['colcon_meta']
[0.348s] Level 1:colcon.colcon_core.package_identification:_identify(.) by extension 'colcon_meta'
[0.348s] Level 1:colcon.colcon_core.package_identification:_identify(.) by extensions ['ros']
[0.348s] Level 1:colcon.colcon_core.package_identification:_identify(.) by extension 'ros'
[0.365s] Level 1:colcon.colcon_core.package_identification:_identify(.) by extensions ['cmake', 'python']
[0.365s] Level 1:colcon.colcon_core.package_identification:_identify(.) by extension 'cmake'
[0.365s] Level 1:colcon.colcon_core.package_identification:_identify(.) by extension 'python'
[0.366s] Level 1:colcon.colcon_core.package_identification:_identify(.) by extensions ['python_setup_py']
[0.366s] Level 1:colcon.colcon_core.package_identification:_identify(.) by extension 'python_setup_py'
[0.366s] Level 1:colcon.colcon_core.package_identification:_identify(build) by extensions ['ignore', 'ignore_ament_install']
[0.366s] Level 1:colcon.colcon_core.package_identification:_identify(build) by extension 'ignore'
[0.366s] Level 1:colcon.colcon_core.package_identification:_identify(build) ignored
[0.367s] Level 1:colcon.colcon_core.package_identification:_identify(install) by extensions ['ignore', 'ignore_ament_install']
[0.367s] Level 1:colcon.colcon_core.package_identification:_identify(install) by extension 'ignore'
[0.367s] Level 1:colcon.colcon_core.package_identification:_identify(install) ignored
[0.367s] Level 1:colcon.colcon_core.package_identification:_identify(log) by extensions ['ignore', 'ignore_ament_install']
[0.367s] Level 1:colcon.colcon_core.package_identification:_identify(log) by extension 'ignore'
[0.367s] Level 1:colcon.colcon_core.package_identification:_identify(log) ignored
[0.368s] Level 1:colcon.colcon_core.package_identification:_identify(src) by extensions ['ignore', 'ignore_ament_install']
[0.368s] Level 1:colcon.colcon_core.package_identification:_identify(src) by extension 'ignore'
[0.368s] Level 1:colcon.colcon_core.package_identification:_identify(src) by extension 'ignore_ament_install'
[0.368s] Level 1:colcon.colcon_core.package_identification:_identify(src) by extensions ['colcon_pkg']
[0.368s] Level 1:colcon.colcon_core.package_identification:_identify(src) by extension 'colcon_pkg'
[0.368s] Level 1:colcon.colcon_core.package_identification:_identify(src) by extensions ['colcon_meta']
[0.368s] Level 1:colcon.colcon_core.package_identification:_identify(src) by extension 'colcon_meta'
[0.368s] Level 1:colcon.colcon_core.package_identification:_identify(src) by extensions ['ros']
[0.368s] Level 1:colcon.colcon_core.package_identification:_identify(src) by extension 'ros'
[0.369s] Level 1:colcon.colcon_core.package_identification:_identify(src) by extensions ['cmake', 'python']
[0.369s] Level 1:colcon.colcon_core.package_identification:_identify(src) by extension 'cmake'
[0.369s] Level 1:colcon.colcon_core.package_identification:_identify(src) by extension 'python'
[0.369s] Level 1:colcon.colcon_core.package_identification:_identify(src) by extensions ['python_setup_py']
[0.369s] Level 1:colcon.colcon_core.package_identification:_identify(src) by extension 'python_setup_py'
[0.369s] Level 1:colcon.colcon_core.package_identification:_identify(src/iti_lab7_task1) by extensions ['ignore', 'ignore_ament_install']
[0.369s] Level 1:colcon.colcon_core.package_identification:_identify(src/iti_lab7_task1) by extension 'ignore'
[0.370s] Level 1:colcon.colcon_core.package_identification:_identify(src/iti_lab7_task1) by extension 'ignore_ament_install'
[0.370s] Level 1:colcon.colcon_core.package_identification:_identify(src/iti_lab7_task1) by extensions ['colcon_pkg']
[0.370s] Level 1:colcon.colcon_core.package_identification:_identify(src/iti_lab7_task1) by extension 'colcon_pkg'
[0.370s] Level 1:colcon.colcon_core.package_identification:_identify(src/iti_lab7_task1) by extensions ['colcon_meta']
[0.370s] Level 1:colcon.colcon_core.package_identification:_identify(src/iti_lab7_task1) by extension 'colcon_meta'
[0.370s] Level 1:colcon.colcon_core.package_identification:_identify(src/iti_lab7_task1) by extensions ['ros']
[0.370s] Level 1:colcon.colcon_core.package_identification:_identify(src/iti_lab7_task1) by extension 'ros'
[0.375s] DEBUG:colcon.colcon_core.package_identification:Package 'src/iti_lab7_task1' with type 'ros.ament_python' and name 'iti_lab7_task1'
[0.376s] Level 1:colcon.colcon_core.package_identification:_identify(src/iti_lab7_task2) by extensions ['ignore', 'ignore_ament_install']
[0.376s] Level 1:colcon.colcon_core.package_identification:_identify(src/iti_lab7_task2) by extension 'ignore'
[0.376s] Level 1:colcon.colcon_core.package_identification:_identify(src/iti_lab7_task2) by extension 'ignore_ament_install'
[0.376s] Level 1:colcon.colcon_core.package_identification:_identify(src/iti_lab7_task2) by extensions ['colcon_pkg']
[0.376s] Level 1:colcon.colcon_core.package_identification:_identify(src/iti_lab7_task2) by extension 'colcon_pkg'
[0.376s] Level 1:colcon.colcon_core.package_identification:_identify(src/iti_lab7_task2) by extensions ['colcon_meta']
[0.376s] Level 1:colcon.colcon_core.package_identification:_identify(src/iti_lab7_task2) by extension 'colcon_meta'
[0.376s] Level 1:colcon.colcon_core.package_identification:_identify(src/iti_lab7_task2) by extensions ['ros']
[0.377s] Level 1:colcon.colcon_core.package_identification:_identify(src/iti_lab7_task2) by extension 'ros'
[0.378s] DEBUG:colcon.colcon_core.package_identification:Package 'src/iti_lab7_task2' with type 'ros.ament_python' and name 'iti_lab7_task2'
[0.378s] Level 1:colcon.colcon_core.package_identification:_identify(src/iti_lab7_task3) by extensions ['ignore', 'ignore_ament_install']
[0.379s] Level 1:colcon.colcon_core.package_identification:_identify(src/iti_lab7_task3) by extension 'ignore'
[0.379s] Level 1:colcon.colcon_core.package_identification:_identify(src/iti_lab7_task3) by extension 'ignore_ament_install'
[0.379s] Level 1:colcon.colcon_core.package_identification:_identify(src/iti_lab7_task3) by extensions ['colcon_pkg']
[0.379s] Level 1:colcon.colcon_core.package_identification:_identify(src/iti_lab7_task3) by extension 'colcon_pkg'
[0.379s] Level 1:colcon.colcon_core.package_identification:_identify(src/iti_lab7_task3) by extensions ['colcon_meta']
[0.379s] Level 1:colcon.colcon_core.package_identification:_identify(src/iti_lab7_task3) by extension 'colcon_meta'
[0.379s] Level 1:colcon.colcon_core.package_identification:_identify(src/iti_lab7_task3) by extensions ['ros']
[0.379s] Level 1:colcon.colcon_core.package_identification:_identify(src/iti_lab7_task3) by extension 'ros'
[0.381s] DEBUG:colcon.colcon_core.package_identification:Package 'src/iti_lab7_task3' with type 'ros.ament_cmake' and name 'cpp'
[0.381s] Level 1:colcon.colcon_core.package_discovery:discover_packages(recursive) using defaults
[0.381s] Level 1:colcon.colcon_core.package_discovery:discover_packages(ignore) discover
[0.381s] Level 1:colcon.colcon_core.package_discovery:discover_packages(ignore) using defaults
[0.381s] Level 1:colcon.colcon_core.package_discovery:discover_packages(path) discover
[0.381s] Level 1:colcon.colcon_core.package_discovery:discover_packages(path) using defaults
[0.406s] INFO:colcon.colcon_core.package_selection:Skipping not selected package 'cpp' in 'src/iti_lab7_task3'
[0.406s] INFO:colcon.colcon_core.package_selection:Skipping not selected package 'iti_lab7_task2' in 'src/iti_lab7_task2'
[0.409s] Level 5:colcon.colcon_core.verb:set package 'iti_lab7_task1' build argument 'cmake_args' from command line to 'None'
[0.409s] Level 5:colcon.colcon_core.verb:set package 'iti_lab7_task1' build argument 'cmake_target' from command line to 'None'
[0.409s] Level 5:colcon.colcon_core.verb:set package 'iti_lab7_task1' build argument 'cmake_target_skip_unavailable' from command line to 'False'
[0.409s] Level 5:colcon.colcon_core.verb:set package 'iti_lab7_task1' build argument 'cmake_clean_cache' from command line to 'False'
[0.409s] Level 5:colcon.colcon_core.verb:set package 'iti_lab7_task1' build argument 'cmake_clean_first' from command line to 'False'
[0.409s] Level 5:colcon.colcon_core.verb:set package 'iti_lab7_task1' build argument 'cmake_force_configure' from command line to 'False'
[0.409s] Level 5:colcon.colcon_core.verb:set package 'iti_lab7_task1' build argument 'ament_cmake_args' from command line to 'None'
[0.409s] Level 5:colcon.colcon_core.verb:set package 'iti_lab7_task1' build argument 'catkin_cmake_args' from command line to 'None'
[0.410s] Level 5:colcon.colcon_core.verb:set package 'iti_lab7_task1' build argument 'catkin_skip_building_tests' from command line to 'False'
[0.410s] DEBUG:colcon.colcon_core.verb:Building package 'iti_lab7_task1' with the following arguments: {'ament_cmake_args': None, 'build_base': '/home/ahmed/Documents/ITI_LSSD/ROS/ROS_WS/LAB7_Tasks/build/iti_lab7_task1', 'catkin_cmake_args': None, 'catkin_skip_building_tests': False, 'cmake_args': None, 'cmake_clean_cache': False, 'cmake_clean_first': False, 'cmake_force_configure': False, 'cmake_target': None, 'cmake_target_skip_unavailable': False, 'install_base': '/home/ahmed/Documents/ITI_LSSD/ROS/ROS_WS/LAB7_Tasks/install/iti_lab7_task1', 'merge_install': False, 'path': '/home/ahmed/Documents/ITI_LSSD/ROS/ROS_WS/LAB7_Tasks/src/iti_lab7_task1', 'symlink_install': False, 'test_result_base': None}
[0.410s] INFO:colcon.colcon_core.executor:Executing jobs using 'parallel' executor
[0.417s] DEBUG:colcon.colcon_parallel_executor.executor.parallel:run_until_complete
[0.417s] INFO:colcon.colcon_ros.task.ament_python.build:Building ROS package in '/home/ahmed/Documents/ITI_LSSD/ROS/ROS_WS/LAB7_Tasks/src/iti_lab7_task1' with build type 'ament_python'
[0.418s] Level 1:colcon.colcon_core.shell:create_environment_hook('iti_lab7_task1', 'ament_prefix_path')
[0.422s] INFO:colcon.colcon_core.plugin_system:Skipping extension 'colcon_core.shell.bat': Not used on non-Windows systems
[0.423s] INFO:colcon.colcon_core.shell:Creating environment hook '/home/ahmed/Documents/ITI_LSSD/ROS/ROS_WS/LAB7_Tasks/install/iti_lab7_task1/share/iti_lab7_task1/hook/ament_prefix_path.ps1'
[0.424s] INFO:colcon.colcon_core.shell:Creating environment descriptor '/home/ahmed/Documents/ITI_LSSD/ROS/ROS_WS/LAB7_Tasks/install/iti_lab7_task1/share/iti_lab7_task1/hook/ament_prefix_path.dsv'
[0.426s] INFO:colcon.colcon_core.shell:Creating environment hook '/home/ahmed/Documents/ITI_LSSD/ROS/ROS_WS/LAB7_Tasks/install/iti_lab7_task1/share/iti_lab7_task1/hook/ament_prefix_path.sh'
[0.428s] INFO:colcon.colcon_core.shell:Skip shell extension 'powershell' for command environment: Not usable outside of PowerShell
[0.428s] DEBUG:colcon.colcon_core.shell:Skip shell extension 'dsv' for command environment
[0.432s] DEBUG:colcon.colcon_core.shell:Ignoring prefix path '/opt/ros/foxy'
[0.746s] INFO:colcon.colcon_core.task.python.build:Building Python package in '/home/ahmed/Documents/ITI_LSSD/ROS/ROS_WS/LAB7_Tasks/src/iti_lab7_task1'
[0.747s] INFO:colcon.colcon_core.shell:Skip shell extension 'powershell' for command environment: Not usable outside of PowerShell
[0.747s] DEBUG:colcon.colcon_core.shell:Skip shell extension 'dsv' for command environment
[0.749s] DEBUG:colcon.colcon_core.shell:Ignoring prefix path '/opt/ros/foxy'
[0.770s] DEBUG:colcon.colcon_core.event_handler.log_command:Invoking command in '/home/ahmed/Documents/ITI_LSSD/ROS/ROS_WS/LAB7_Tasks/src/iti_lab7_task1': CONDA_PROMPT_MODIFIER=(base) PYTHONPATH=/home/ahmed/Documents/ITI_LSSD/ROS/ROS_WS/LAB7_Tasks/install/iti_lab7_task1/lib/python3.8/site-packages:${PYTHONPATH} /usr/bin/python3 setup.py egg_info --egg-base ../../build/iti_lab7_task1 build --build-base /home/ahmed/Documents/ITI_LSSD/ROS/ROS_WS/LAB7_Tasks/build/iti_lab7_task1/build install --prefix /home/ahmed/Documents/ITI_LSSD/ROS/ROS_WS/LAB7_Tasks/install/iti_lab7_task1 --record /home/ahmed/Documents/ITI_LSSD/ROS/ROS_WS/LAB7_Tasks/build/iti_lab7_task1/install.log --single-version-externally-managed
[1.197s] DEBUG:colcon.colcon_core.event_handler.log_command:Invoked command in '/home/ahmed/Documents/ITI_LSSD/ROS/ROS_WS/LAB7_Tasks/src/iti_lab7_task1' returned '0': CONDA_PROMPT_MODIFIER=(base) PYTHONPATH=/home/ahmed/Documents/ITI_LSSD/ROS/ROS_WS/LAB7_Tasks/install/iti_lab7_task1/lib/python3.8/site-packages:${PYTHONPATH} /usr/bin/python3 setup.py egg_info --egg-base ../../build/iti_lab7_task1 build --build-base /home/ahmed/Documents/ITI_LSSD/ROS/ROS_WS/LAB7_Tasks/build/iti_lab7_task1/build install --prefix /home/ahmed/Documents/ITI_LSSD/ROS/ROS_WS/LAB7_Tasks/install/iti_lab7_task1 --record /home/ahmed/Documents/ITI_LSSD/ROS/ROS_WS/LAB7_Tasks/build/iti_lab7_task1/install.log --single-version-externally-managed
[1.201s] Level 1:colcon.colcon_core.environment:checking '/home/ahmed/Documents/ITI_LSSD/ROS/ROS_WS/LAB7_Tasks/install/iti_lab7_task1' for CMake module files
[1.202s] Level 1:colcon.colcon_core.environment:checking '/home/ahmed/Documents/ITI_LSSD/ROS/ROS_WS/LAB7_Tasks/install/iti_lab7_task1' for CMake config files
[1.202s] Level 1:colcon.colcon_core.environment:checking '/home/ahmed/Documents/ITI_LSSD/ROS/ROS_WS/LAB7_Tasks/install/iti_lab7_task1/lib'
[1.203s] Level 1:colcon.colcon_core.environment:checking '/home/ahmed/Documents/ITI_LSSD/ROS/ROS_WS/LAB7_Tasks/install/iti_lab7_task1/bin'
[1.203s] Level 1:colcon.colcon_core.environment:checking '/home/ahmed/Documents/ITI_LSSD/ROS/ROS_WS/LAB7_Tasks/install/iti_lab7_task1/lib/pkgconfig/iti_lab7_task1.pc'
[1.203s] Level 1:colcon.colcon_core.environment:checking '/home/ahmed/Documents/ITI_LSSD/ROS/ROS_WS/LAB7_Tasks/install/iti_lab7_task1/lib/python3.8/site-packages'
[1.203s] Level 1:colcon.colcon_core.shell:create_environment_hook('iti_lab7_task1', 'pythonpath')
[1.204s] INFO:colcon.colcon_core.shell:Creating environment hook '/home/ahmed/Documents/ITI_LSSD/ROS/ROS_WS/LAB7_Tasks/install/iti_lab7_task1/share/iti_lab7_task1/hook/pythonpath.ps1'
[1.204s] INFO:colcon.colcon_core.shell:Creating environment descriptor '/home/ahmed/Documents/ITI_LSSD/ROS/ROS_WS/LAB7_Tasks/install/iti_lab7_task1/share/iti_lab7_task1/hook/pythonpath.dsv'
[1.205s] INFO:colcon.colcon_core.shell:Creating environment hook '/home/ahmed/Documents/ITI_LSSD/ROS/ROS_WS/LAB7_Tasks/install/iti_lab7_task1/share/iti_lab7_task1/hook/pythonpath.sh'
[1.205s] Level 1:colcon.colcon_core.environment:create_environment_scripts_only(iti_lab7_task1)
[1.206s] INFO:colcon.colcon_core.shell:Creating package script '/home/ahmed/Documents/ITI_LSSD/ROS/ROS_WS/LAB7_Tasks/install/iti_lab7_task1/share/iti_lab7_task1/package.ps1'
[1.207s] INFO:colcon.colcon_core.shell:Creating package descriptor '/home/ahmed/Documents/ITI_LSSD/ROS/ROS_WS/LAB7_Tasks/install/iti_lab7_task1/share/iti_lab7_task1/package.dsv'
[1.208s] INFO:colcon.colcon_core.shell:Creating package script '/home/ahmed/Documents/ITI_LSSD/ROS/ROS_WS/LAB7_Tasks/install/iti_lab7_task1/share/iti_lab7_task1/package.sh'
[1.209s] INFO:colcon.colcon_core.shell:Creating package script '/home/ahmed/Documents/ITI_LSSD/ROS/ROS_WS/LAB7_Tasks/install/iti_lab7_task1/share/iti_lab7_task1/package.bash'
[1.210s] INFO:colcon.colcon_core.shell:Creating package script '/home/ahmed/Documents/ITI_LSSD/ROS/ROS_WS/LAB7_Tasks/install/iti_lab7_task1/share/iti_lab7_task1/package.zsh'
[1.211s] Level 1:colcon.colcon_core.environment:create_file_with_runtime_dependencies(/home/ahmed/Documents/ITI_LSSD/ROS/ROS_WS/LAB7_Tasks/install/iti_lab7_task1/share/colcon-core/packages/iti_lab7_task1)
[1.212s] DEBUG:colcon.colcon_parallel_executor.executor.parallel:closing loop
[1.212s] DEBUG:colcon.colcon_parallel_executor.executor.parallel:loop closed
[1.212s] DEBUG:colcon.colcon_parallel_executor.executor.parallel:run_until_complete finished with '0'
[1.213s] DEBUG:colcon.colcon_core.event_reactor:joining thread
[1.221s] INFO:colcon.colcon_core.plugin_system:Skipping extension 'colcon_notification.desktop_notification.terminal_notifier': Not used on non-Darwin systems
[1.221s] INFO:colcon.colcon_core.plugin_system:Skipping extension 'colcon_notification.desktop_notification.win32': Not used on non-Windows systems
[1.221s] INFO:colcon.colcon_notification.desktop_notification:Sending desktop notification using 'notify2'
[1.244s] DEBUG:colcon.colcon_core.event_reactor:joined thread
[1.245s] INFO:colcon.colcon_core.shell:Creating prefix script '/home/ahmed/Documents/ITI_LSSD/ROS/ROS_WS/LAB7_Tasks/install/local_setup.ps1'
[1.247s] INFO:colcon.colcon_core.shell:Creating prefix util module '/home/ahmed/Documents/ITI_LSSD/ROS/ROS_WS/LAB7_Tasks/install/_local_setup_util_ps1.py'
[1.250s] INFO:colcon.colcon_core.shell:Creating prefix chain script '/home/ahmed/Documents/ITI_LSSD/ROS/ROS_WS/LAB7_Tasks/install/setup.ps1'
[1.255s] INFO:colcon.colcon_core.shell:Creating prefix script '/home/ahmed/Documents/ITI_LSSD/ROS/ROS_WS/LAB7_Tasks/install/local_setup.sh'
[1.256s] INFO:colcon.colcon_core.shell:Creating prefix util module '/home/ahmed/Documents/ITI_LSSD/ROS/ROS_WS/LAB7_Tasks/install/_local_setup_util_sh.py'
[1.257s] INFO:colcon.colcon_core.shell:Creating prefix chain script '/home/ahmed/Documents/ITI_LSSD/ROS/ROS_WS/LAB7_Tasks/install/setup.sh'
[1.261s] INFO:colcon.colcon_core.shell:Creating prefix script '/home/ahmed/Documents/ITI_LSSD/ROS/ROS_WS/LAB7_Tasks/install/local_setup.bash'
[1.262s] INFO:colcon.colcon_core.shell:Creating prefix chain script '/home/ahmed/Documents/ITI_LSSD/ROS/ROS_WS/LAB7_Tasks/install/setup.bash'
[1.266s] INFO:colcon.colcon_core.shell:Creating prefix script '/home/ahmed/Documents/ITI_LSSD/ROS/ROS_WS/LAB7_Tasks/install/local_setup.zsh'
[1.267s] INFO:colcon.colcon_core.shell:Creating prefix chain script '/home/ahmed/Documents/ITI_LSSD/ROS/ROS_WS/LAB7_Tasks/install/setup.zsh'
