running egg_info
creating ../../build/task1_odom/task1_odom.egg-info
writing ../../build/task1_odom/task1_odom.egg-info/PKG-INFO
writing dependency_links to ../../build/task1_odom/task1_odom.egg-info/dependency_links.txt
writing entry points to ../../build/task1_odom/task1_odom.egg-info/entry_points.txt
writing requirements to ../../build/task1_odom/task1_odom.egg-info/requires.txt
writing top-level names to ../../build/task1_odom/task1_odom.egg-info/top_level.txt
writing manifest file '../../build/task1_odom/task1_odom.egg-info/SOURCES.txt'
reading manifest file '../../build/task1_odom/task1_odom.egg-info/SOURCES.txt'
writing manifest file '../../build/task1_odom/task1_odom.egg-info/SOURCES.txt'
running build
running build_py
creating /home/ahmed/Documents/ITI_LSSD/ROS/ROS_WS/Sensors_LAB2_Tasks/build/task1_odom/build
creating /home/ahmed/Documents/ITI_LSSD/ROS/ROS_WS/Sensors_LAB2_Tasks/build/task1_odom/build/lib
creating /home/ahmed/Documents/ITI_LSSD/ROS/ROS_WS/Sensors_LAB2_Tasks/build/task1_odom/build/lib/task1_odom
copying task1_odom/__init__.py -> /home/ahmed/Documents/ITI_LSSD/ROS/ROS_WS/Sensors_LAB2_Tasks/build/task1_odom/build/lib/task1_odom
running install
running install_lib
creating /home/ahmed/Documents/ITI_LSSD/ROS/ROS_WS/Sensors_LAB2_Tasks/install/task1_odom/lib/python3.8/site-packages/task1_odom
copying /home/ahmed/Documents/ITI_LSSD/ROS/ROS_WS/Sensors_LAB2_Tasks/build/task1_odom/build/lib/task1_odom/__init__.py -> /home/ahmed/Documents/ITI_LSSD/ROS/ROS_WS/Sensors_LAB2_Tasks/install/task1_odom/lib/python3.8/site-packages/task1_odom
byte-compiling /home/ahmed/Documents/ITI_LSSD/ROS/ROS_WS/Sensors_LAB2_Tasks/install/task1_odom/lib/python3.8/site-packages/task1_odom/__init__.py to __init__.cpython-38.pyc
running install_data
creating /home/ahmed/Documents/ITI_LSSD/ROS/ROS_WS/Sensors_LAB2_Tasks/install/task1_odom/share/ament_index
creating /home/ahmed/Documents/ITI_LSSD/ROS/ROS_WS/Sensors_LAB2_Tasks/install/task1_odom/share/ament_index/resource_index
creating /home/ahmed/Documents/ITI_LSSD/ROS/ROS_WS/Sensors_LAB2_Tasks/install/task1_odom/share/ament_index/resource_index/packages
copying resource/task1_odom -> /home/ahmed/Documents/ITI_LSSD/ROS/ROS_WS/Sensors_LAB2_Tasks/install/task1_odom/share/ament_index/resource_index/packages
copying package.xml -> /home/ahmed/Documents/ITI_LSSD/ROS/ROS_WS/Sensors_LAB2_Tasks/install/task1_odom/share/task1_odom
running install_egg_info
Copying ../../build/task1_odom/task1_odom.egg-info to /home/ahmed/Documents/ITI_LSSD/ROS/ROS_WS/Sensors_LAB2_Tasks/install/task1_odom/lib/python3.8/site-packages/task1_odom-0.0.0-py3.8.egg-info
running install_scripts
writing list of installed files to '/home/ahmed/Documents/ITI_LSSD/ROS/ROS_WS/Sensors_LAB2_Tasks/build/task1_odom/install.log'
