running egg_info
creating ../../build/ros2_project/ros2_project.egg-info
writing ../../build/ros2_project/ros2_project.egg-info/PKG-INFO
writing dependency_links to ../../build/ros2_project/ros2_project.egg-info/dependency_links.txt
writing entry points to ../../build/ros2_project/ros2_project.egg-info/entry_points.txt
writing requirements to ../../build/ros2_project/ros2_project.egg-info/requires.txt
writing top-level names to ../../build/ros2_project/ros2_project.egg-info/top_level.txt
writing manifest file '../../build/ros2_project/ros2_project.egg-info/SOURCES.txt'
reading manifest file '../../build/ros2_project/ros2_project.egg-info/SOURCES.txt'
writing manifest file '../../build/ros2_project/ros2_project.egg-info/SOURCES.txt'
running build
running build_py
creating /home/ahmed/Documents/ITI_LSSD/ROS/Turtle_Project/ros2_project/build/ros2_project/build
creating /home/ahmed/Documents/ITI_LSSD/ROS/Turtle_Project/ros2_project/build/ros2_project/build/lib
creating /home/ahmed/Documents/ITI_LSSD/ROS/Turtle_Project/ros2_project/build/ros2_project/build/lib/ros2_project
copying ros2_project/__init__.py -> /home/ahmed/Documents/ITI_LSSD/ROS/Turtle_Project/ros2_project/build/ros2_project/build/lib/ros2_project
copying ros2_project/spawn_node.py -> /home/ahmed/Documents/ITI_LSSD/ROS/Turtle_Project/ros2_project/build/ros2_project/build/lib/ros2_project
copying ros2_project/control_node.py -> /home/ahmed/Documents/ITI_LSSD/ROS/Turtle_Project/ros2_project/build/ros2_project/build/lib/ros2_project
running install
running install_lib
creating /home/ahmed/Documents/ITI_LSSD/ROS/Turtle_Project/ros2_project/install/ros2_project/lib/python3.8/site-packages/ros2_project
copying /home/ahmed/Documents/ITI_LSSD/ROS/Turtle_Project/ros2_project/build/ros2_project/build/lib/ros2_project/__init__.py -> /home/ahmed/Documents/ITI_LSSD/ROS/Turtle_Project/ros2_project/install/ros2_project/lib/python3.8/site-packages/ros2_project
copying /home/ahmed/Documents/ITI_LSSD/ROS/Turtle_Project/ros2_project/build/ros2_project/build/lib/ros2_project/spawn_node.py -> /home/ahmed/Documents/ITI_LSSD/ROS/Turtle_Project/ros2_project/install/ros2_project/lib/python3.8/site-packages/ros2_project
copying /home/ahmed/Documents/ITI_LSSD/ROS/Turtle_Project/ros2_project/build/ros2_project/build/lib/ros2_project/control_node.py -> /home/ahmed/Documents/ITI_LSSD/ROS/Turtle_Project/ros2_project/install/ros2_project/lib/python3.8/site-packages/ros2_project
byte-compiling /home/ahmed/Documents/ITI_LSSD/ROS/Turtle_Project/ros2_project/install/ros2_project/lib/python3.8/site-packages/ros2_project/__init__.py to __init__.cpython-38.pyc
byte-compiling /home/ahmed/Documents/ITI_LSSD/ROS/Turtle_Project/ros2_project/install/ros2_project/lib/python3.8/site-packages/ros2_project/spawn_node.py to spawn_node.cpython-38.pyc
byte-compiling /home/ahmed/Documents/ITI_LSSD/ROS/Turtle_Project/ros2_project/install/ros2_project/lib/python3.8/site-packages/ros2_project/control_node.py to control_node.cpython-38.pyc
running install_data
creating /home/ahmed/Documents/ITI_LSSD/ROS/Turtle_Project/ros2_project/install/ros2_project/share/ament_index
creating /home/ahmed/Documents/ITI_LSSD/ROS/Turtle_Project/ros2_project/install/ros2_project/share/ament_index/resource_index
creating /home/ahmed/Documents/ITI_LSSD/ROS/Turtle_Project/ros2_project/install/ros2_project/share/ament_index/resource_index/packages
copying resource/ros2_project -> /home/ahmed/Documents/ITI_LSSD/ROS/Turtle_Project/ros2_project/install/ros2_project/share/ament_index/resource_index/packages
copying package.xml -> /home/ahmed/Documents/ITI_LSSD/ROS/Turtle_Project/ros2_project/install/ros2_project/share/ros2_project
creating /home/ahmed/Documents/ITI_LSSD/ROS/Turtle_Project/ros2_project/install/ros2_project/share/ros2_project/launch
copying launch/ros2_project_launch.py -> /home/ahmed/Documents/ITI_LSSD/ROS/Turtle_Project/ros2_project/install/ros2_project/share/ros2_project/launch
running install_egg_info
Copying ../../build/ros2_project/ros2_project.egg-info to /home/ahmed/Documents/ITI_LSSD/ROS/Turtle_Project/ros2_project/install/ros2_project/lib/python3.8/site-packages/ros2_project-0.0.0-py3.8.egg-info
running install_scripts
Installing turtle_control script to /home/ahmed/Documents/ITI_LSSD/ROS/Turtle_Project/ros2_project/install/ros2_project/lib/ros2_project
Installing turtle_spawn script to /home/ahmed/Documents/ITI_LSSD/ROS/Turtle_Project/ros2_project/install/ros2_project/lib/ros2_project
writing list of installed files to '/home/ahmed/Documents/ITI_LSSD/ROS/Turtle_Project/ros2_project/build/ros2_project/install.log'
