[ 50%] Built target listener
[100%] Built target talker
-- Install configuration: ""
-- Up-to-date: /home/ahmed/Documents/ITI_LSSD/ROS/ROS_WS/LAB7_Tasks/install/cpp/lib/cpp/listener
-- Up-to-date: /home/ahmed/Documents/ITI_LSSD/ROS/ROS_WS/LAB7_Tasks/install/cpp/lib/cpp/talker
-- Up-to-date: /home/ahmed/Documents/ITI_LSSD/ROS/ROS_WS/LAB7_Tasks/install/cpp/share/ament_index/resource_index/package_run_dependencies/cpp
-- Up-to-date: /home/ahmed/Documents/ITI_LSSD/ROS/ROS_WS/LAB7_Tasks/install/cpp/share/ament_index/resource_index/parent_prefix_path/cpp
-- Up-to-date: /home/ahmed/Documents/ITI_LSSD/ROS/ROS_WS/LAB7_Tasks/install/cpp/share/cpp/environment/ament_prefix_path.sh
-- Up-to-date: /home/ahmed/Documents/ITI_LSSD/ROS/ROS_WS/LAB7_Tasks/install/cpp/share/cpp/environment/ament_prefix_path.dsv
-- Up-to-date: /home/ahmed/Documents/ITI_LSSD/ROS/ROS_WS/LAB7_Tasks/install/cpp/share/cpp/environment/path.sh
-- Up-to-date: /home/ahmed/Documents/ITI_LSSD/ROS/ROS_WS/LAB7_Tasks/install/cpp/share/cpp/environment/path.dsv
-- Up-to-date: /home/ahmed/Documents/ITI_LSSD/ROS/ROS_WS/LAB7_Tasks/install/cpp/share/cpp/local_setup.bash
-- Up-to-date: /home/ahmed/Documents/ITI_LSSD/ROS/ROS_WS/LAB7_Tasks/install/cpp/share/cpp/local_setup.sh
-- Up-to-date: /home/ahmed/Documents/ITI_LSSD/ROS/ROS_WS/LAB7_Tasks/install/cpp/share/cpp/local_setup.zsh
-- Up-to-date: /home/ahmed/Documents/ITI_LSSD/ROS/ROS_WS/LAB7_Tasks/install/cpp/share/cpp/local_setup.dsv
-- Installing: /home/ahmed/Documents/ITI_LSSD/ROS/ROS_WS/LAB7_Tasks/install/cpp/share/cpp/package.dsv
-- Up-to-date: /home/ahmed/Documents/ITI_LSSD/ROS/ROS_WS/LAB7_Tasks/install/cpp/share/ament_index/resource_index/packages/cpp
-- Up-to-date: /home/ahmed/Documents/ITI_LSSD/ROS/ROS_WS/LAB7_Tasks/install/cpp/share/cpp/cmake/cppConfig.cmake
-- Up-to-date: /home/ahmed/Documents/ITI_LSSD/ROS/ROS_WS/LAB7_Tasks/install/cpp/share/cpp/cmake/cppConfig-version.cmake
-- Up-to-date: /home/ahmed/Documents/ITI_LSSD/ROS/ROS_WS/LAB7_Tasks/install/cpp/share/cpp/package.xml
