[0.351s] Invoking command in '/home/ahmed/Documents/ITI_LSSD/ROS/ROS_WS/LAB7_Tasks/src/iti_lab7_task1': CONDA_PROMPT_MODIFIER=(base) PYTHONPATH=/home/ahmed/Documents/ITI_LSSD/ROS/ROS_WS/LAB7_Tasks/install/iti_lab7_task1/lib/python3.8/site-packages:${PYTHONPATH} /usr/bin/python3 setup.py egg_info --egg-base ../../build/iti_lab7_task1 build --build-base /home/ahmed/Documents/ITI_LSSD/ROS/ROS_WS/LAB7_Tasks/build/iti_lab7_task1/build install --prefix /home/ahmed/Documents/ITI_LSSD/ROS/ROS_WS/LAB7_Tasks/install/iti_lab7_task1 --record /home/ahmed/Documents/ITI_LSSD/ROS/ROS_WS/LAB7_Tasks/build/iti_lab7_task1/install.log --single-version-externally-managed
[0.634s] running egg_info
[0.637s] writing ../../build/iti_lab7_task1/iti_lab7_task1.egg-info/PKG-INFO
[0.637s] writing dependency_links to ../../build/iti_lab7_task1/iti_lab7_task1.egg-info/dependency_links.txt
[0.638s] writing entry points to ../../build/iti_lab7_task1/iti_lab7_task1.egg-info/entry_points.txt
[0.638s] writing requirements to ../../build/iti_lab7_task1/iti_lab7_task1.egg-info/requires.txt
[0.638s] writing top-level names to ../../build/iti_lab7_task1/iti_lab7_task1.egg-info/top_level.txt
[0.676s] reading manifest file '../../build/iti_lab7_task1/iti_lab7_task1.egg-info/SOURCES.txt'
[0.686s] writing manifest file '../../build/iti_lab7_task1/iti_lab7_task1.egg-info/SOURCES.txt'
[0.686s] running build
[0.686s] running build_py
[0.687s] running install
[0.688s] running install_lib
[0.690s] running install_data
[0.691s] running install_egg_info
[0.693s] removing '/home/ahmed/Documents/ITI_LSSD/ROS/ROS_WS/LAB7_Tasks/install/iti_lab7_task1/lib/python3.8/site-packages/iti_lab7_task1-0.0.0-py3.8.egg-info' (and everything under it)
[0.694s] Copying ../../build/iti_lab7_task1/iti_lab7_task1.egg-info to /home/ahmed/Documents/ITI_LSSD/ROS/ROS_WS/LAB7_Tasks/install/iti_lab7_task1/lib/python3.8/site-packages/iti_lab7_task1-0.0.0-py3.8.egg-info
[0.695s] running install_scripts
[0.722s] Installing bagFile_listener1 script to /home/ahmed/Documents/ITI_LSSD/ROS/ROS_WS/LAB7_Tasks/install/iti_lab7_task1/lib/iti_lab7_task1
[0.725s] writing list of installed files to '/home/ahmed/Documents/ITI_LSSD/ROS/ROS_WS/LAB7_Tasks/build/iti_lab7_task1/install.log'
[0.766s] Invoked command in '/home/ahmed/Documents/ITI_LSSD/ROS/ROS_WS/LAB7_Tasks/src/iti_lab7_task1' returned '0': CONDA_PROMPT_MODIFIER=(base) PYTHONPATH=/home/ahmed/Documents/ITI_LSSD/ROS/ROS_WS/LAB7_Tasks/install/iti_lab7_task1/lib/python3.8/site-packages:${PYTHONPATH} /usr/bin/python3 setup.py egg_info --egg-base ../../build/iti_lab7_task1 build --build-base /home/ahmed/Documents/ITI_LSSD/ROS/ROS_WS/LAB7_Tasks/build/iti_lab7_task1/build install --prefix /home/ahmed/Documents/ITI_LSSD/ROS/ROS_WS/LAB7_Tasks/install/iti_lab7_task1 --record /home/ahmed/Documents/ITI_LSSD/ROS/ROS_WS/LAB7_Tasks/build/iti_lab7_task1/install.log --single-version-externally-managed
