[0.301s] Invoking command in '/home/ahmed/Documents/ITI_LSSD/ROS/TF2_Static_publisher/iti_lab4/src/iti_lab4': CONDA_PROMPT_MODIFIER=(base) PYTHONPATH=/home/ahmed/Documents/ITI_LSSD/ROS/TF2_Static_publisher/iti_lab4/install/iti_lab4/lib/python3.8/site-packages:${PYTHONPATH} /usr/bin/python3 setup.py egg_info --egg-base ../../build/iti_lab4 build --build-base /home/ahmed/Documents/ITI_LSSD/ROS/TF2_Static_publisher/iti_lab4/build/iti_lab4/build install --prefix /home/ahmed/Documents/ITI_LSSD/ROS/TF2_Static_publisher/iti_lab4/install/iti_lab4 --record /home/ahmed/Documents/ITI_LSSD/ROS/TF2_Static_publisher/iti_lab4/build/iti_lab4/install.log --single-version-externally-managed
[0.555s] running egg_info
[0.555s] writing ../../build/iti_lab4/iti_lab4.egg-info/PKG-INFO
[0.556s] writing dependency_links to ../../build/iti_lab4/iti_lab4.egg-info/dependency_links.txt
[0.556s] writing entry points to ../../build/iti_lab4/iti_lab4.egg-info/entry_points.txt
[0.556s] writing requirements to ../../build/iti_lab4/iti_lab4.egg-info/requires.txt
[0.556s] writing top-level names to ../../build/iti_lab4/iti_lab4.egg-info/top_level.txt
[0.594s] reading manifest file '../../build/iti_lab4/iti_lab4.egg-info/SOURCES.txt'
[0.610s] writing manifest file '../../build/iti_lab4/iti_lab4.egg-info/SOURCES.txt'
[0.610s] running build
[0.610s] running build_py
[0.611s] running install
[0.612s] running install_lib
[0.614s] running install_data
[0.614s] copying launch/carkyo_static_tf_launch.py -> /home/ahmed/Documents/ITI_LSSD/ROS/TF2_Static_publisher/iti_lab4/install/iti_lab4/share/iti_lab4/launch
[0.637s] running install_egg_info
[0.639s] removing '/home/ahmed/Documents/ITI_LSSD/ROS/TF2_Static_publisher/iti_lab4/install/iti_lab4/lib/python3.8/site-packages/iti_lab4-0.0.0-py3.8.egg-info' (and everything under it)
[0.640s] Copying ../../build/iti_lab4/iti_lab4.egg-info to /home/ahmed/Documents/ITI_LSSD/ROS/TF2_Static_publisher/iti_lab4/install/iti_lab4/lib/python3.8/site-packages/iti_lab4-0.0.0-py3.8.egg-info
[0.641s] running install_scripts
[0.663s] writing list of installed files to '/home/ahmed/Documents/ITI_LSSD/ROS/TF2_Static_publisher/iti_lab4/build/iti_lab4/install.log'
[0.694s] Invoked command in '/home/ahmed/Documents/ITI_LSSD/ROS/TF2_Static_publisher/iti_lab4/src/iti_lab4' returned '0': CONDA_PROMPT_MODIFIER=(base) PYTHONPATH=/home/ahmed/Documents/ITI_LSSD/ROS/TF2_Static_publisher/iti_lab4/install/iti_lab4/lib/python3.8/site-packages:${PYTHONPATH} /usr/bin/python3 setup.py egg_info --egg-base ../../build/iti_lab4 build --build-base /home/ahmed/Documents/ITI_LSSD/ROS/TF2_Static_publisher/iti_lab4/build/iti_lab4/build install --prefix /home/ahmed/Documents/ITI_LSSD/ROS/TF2_Static_publisher/iti_lab4/install/iti_lab4 --record /home/ahmed/Documents/ITI_LSSD/ROS/TF2_Static_publisher/iti_lab4/build/iti_lab4/install.log --single-version-externally-managed
