[0.357s] DEBUG:colcon:Command line arguments: ['/usr/bin/colcon', 'build']
[0.357s] DEBUG:colcon:Parsed command line arguments: Namespace(ament_cmake_args=None, base_paths=['.'], build_base='build', catkin_cmake_args=None, catkin_skip_building_tests=False, cmake_args=None, cmake_clean_cache=False, cmake_clean_first=False, cmake_force_configure=False, cmake_target=None, cmake_target_skip_unavailable=False, continue_on_error=False, event_handlers=None, executor='parallel', ignore_user_meta=False, install_base='install', log_base=None, log_level=None, main=<bound method BuildVerb.main of <colcon_core.verb.build.BuildVerb object at 0x7fa5e288d7c0>>, merge_install=False, metas=['./colcon.meta'], packages_above=None, packages_above_and_dependencies=None, packages_above_depth=None, packages_end=None, packages_ignore=None, packages_ignore_regex=None, packages_select=None, packages_select_build_failed=False, packages_select_by_dep=None, packages_select_regex=None, packages_select_test_failures=False, packages_skip=None, packages_skip_build_finished=False, packages_skip_by_dep=None, packages_skip_regex=None, packages_skip_test_passed=False, packages_skip_up_to=None, packages_start=None, packages_up_to=None, packages_up_to_regex=None, parallel_workers=4, paths=None, symlink_install=False, test_result_base=None, verb_extension=<colcon_core.verb.build.BuildVerb object at 0x7fa5e288d7c0>, verb_name='build', verb_parser=<colcon_defaults.argument_parser.defaults.DefaultArgumentsDecorator object at 0x7fa5e288dd30>)
[0.367s] Level 1:colcon.colcon_core.package_discovery:discover_packages(colcon_meta) check parameters
[0.367s] Level 1:colcon.colcon_core.package_discovery:discover_packages(recursive) check parameters
[0.367s] Level 1:colcon.colcon_core.package_discovery:discover_packages(ignore) check parameters
[0.367s] Level 1:colcon.colcon_core.package_discovery:discover_packages(path) check parameters
[0.367s] Level 1:colcon.colcon_core.package_discovery:discover_packages(colcon_meta) discover
[0.367s] Level 1:colcon.colcon_core.package_discovery:discover_packages(recursive) discover
[0.367s] INFO:colcon.colcon_core.package_discovery:Crawling recursively for packages in '/home/ahmed/Documents/ITI_LSSD/ROS/custom_msg_ws/iti_lab3'
[0.368s] Level 1:colcon.colcon_core.package_identification:_identify(.) by extensions ['ignore', 'ignore_ament_install']
[0.368s] Level 1:colcon.colcon_core.package_identification:_identify(.) by extension 'ignore'
[0.368s] Level 1:colcon.colcon_core.package_identification:_identify(.) by extension 'ignore_ament_install'
[0.368s] Level 1:colcon.colcon_core.package_identification:_identify(.) by extensions ['colcon_pkg']
[0.368s] Level 1:colcon.colcon_core.package_identification:_identify(.) by extension 'colcon_pkg'
[0.368s] Level 1:colcon.colcon_core.package_identification:_identify(.) by extensions ['colcon_meta']
[0.368s] Level 1:colcon.colcon_core.package_identification:_identify(.) by extension 'colcon_meta'
[0.369s] Level 1:colcon.colcon_core.package_identification:_identify(.) by extensions ['ros']
[0.369s] Level 1:colcon.colcon_core.package_identification:_identify(.) by extension 'ros'
[0.387s] Level 1:colcon.colcon_core.package_identification:_identify(.) by extensions ['cmake', 'python']
[0.387s] Level 1:colcon.colcon_core.package_identification:_identify(.) by extension 'cmake'
[0.387s] Level 1:colcon.colcon_core.package_identification:_identify(.) by extension 'python'
[0.388s] Level 1:colcon.colcon_core.package_identification:_identify(.) by extensions ['python_setup_py']
[0.388s] Level 1:colcon.colcon_core.package_identification:_identify(.) by extension 'python_setup_py'
[0.388s] Level 1:colcon.colcon_core.package_identification:_identify(build) by extensions ['ignore', 'ignore_ament_install']
[0.388s] Level 1:colcon.colcon_core.package_identification:_identify(build) by extension 'ignore'
[0.388s] Level 1:colcon.colcon_core.package_identification:_identify(build) ignored
[0.388s] Level 1:colcon.colcon_core.package_identification:_identify(install) by extensions ['ignore', 'ignore_ament_install']
[0.388s] Level 1:colcon.colcon_core.package_identification:_identify(install) by extension 'ignore'
[0.388s] Level 1:colcon.colcon_core.package_identification:_identify(install) ignored
[0.389s] Level 1:colcon.colcon_core.package_identification:_identify(log) by extensions ['ignore', 'ignore_ament_install']
[0.389s] Level 1:colcon.colcon_core.package_identification:_identify(log) by extension 'ignore'
[0.389s] Level 1:colcon.colcon_core.package_identification:_identify(log) ignored
[0.389s] Level 1:colcon.colcon_core.package_identification:_identify(src) by extensions ['ignore', 'ignore_ament_install']
[0.389s] Level 1:colcon.colcon_core.package_identification:_identify(src) by extension 'ignore'
[0.389s] Level 1:colcon.colcon_core.package_identification:_identify(src) by extension 'ignore_ament_install'
[0.389s] Level 1:colcon.colcon_core.package_identification:_identify(src) by extensions ['colcon_pkg']
[0.389s] Level 1:colcon.colcon_core.package_identification:_identify(src) by extension 'colcon_pkg'
[0.389s] Level 1:colcon.colcon_core.package_identification:_identify(src) by extensions ['colcon_meta']
[0.389s] Level 1:colcon.colcon_core.package_identification:_identify(src) by extension 'colcon_meta'
[0.389s] Level 1:colcon.colcon_core.package_identification:_identify(src) by extensions ['ros']
[0.389s] Level 1:colcon.colcon_core.package_identification:_identify(src) by extension 'ros'
[0.390s] Level 1:colcon.colcon_core.package_identification:_identify(src) by extensions ['cmake', 'python']
[0.390s] Level 1:colcon.colcon_core.package_identification:_identify(src) by extension 'cmake'
[0.390s] Level 1:colcon.colcon_core.package_identification:_identify(src) by extension 'python'
[0.390s] Level 1:colcon.colcon_core.package_identification:_identify(src) by extensions ['python_setup_py']
[0.390s] Level 1:colcon.colcon_core.package_identification:_identify(src) by extension 'python_setup_py'
[0.390s] Level 1:colcon.colcon_core.package_identification:_identify(src/my_msgs) by extensions ['ignore', 'ignore_ament_install']
[0.390s] Level 1:colcon.colcon_core.package_identification:_identify(src/my_msgs) by extension 'ignore'
[0.390s] Level 1:colcon.colcon_core.package_identification:_identify(src/my_msgs) by extension 'ignore_ament_install'
[0.390s] Level 1:colcon.colcon_core.package_identification:_identify(src/my_msgs) by extensions ['colcon_pkg']
[0.390s] Level 1:colcon.colcon_core.package_identification:_identify(src/my_msgs) by extension 'colcon_pkg'
[0.390s] Level 1:colcon.colcon_core.package_identification:_identify(src/my_msgs) by extensions ['colcon_meta']
[0.390s] Level 1:colcon.colcon_core.package_identification:_identify(src/my_msgs) by extension 'colcon_meta'
[0.390s] Level 1:colcon.colcon_core.package_identification:_identify(src/my_msgs) by extensions ['ros']
[0.390s] Level 1:colcon.colcon_core.package_identification:_identify(src/my_msgs) by extension 'ros'
[0.393s] DEBUG:colcon.colcon_core.package_identification:Package 'src/my_msgs' with type 'ros.ament_cmake' and name 'my_msgs'
[0.393s] Level 1:colcon.colcon_core.package_discovery:discover_packages(recursive) using defaults
[0.393s] Level 1:colcon.colcon_core.package_discovery:discover_packages(ignore) discover
[0.394s] Level 1:colcon.colcon_core.package_discovery:discover_packages(ignore) using defaults
[0.394s] Level 1:colcon.colcon_core.package_discovery:discover_packages(path) discover
[0.394s] Level 1:colcon.colcon_core.package_discovery:discover_packages(path) using defaults
[0.428s] Level 5:colcon.colcon_core.verb:set package 'my_msgs' build argument 'cmake_args' from command line to 'None'
[0.428s] Level 5:colcon.colcon_core.verb:set package 'my_msgs' build argument 'cmake_target' from command line to 'None'
[0.428s] Level 5:colcon.colcon_core.verb:set package 'my_msgs' build argument 'cmake_target_skip_unavailable' from command line to 'False'
[0.428s] Level 5:colcon.colcon_core.verb:set package 'my_msgs' build argument 'cmake_clean_cache' from command line to 'False'
[0.428s] Level 5:colcon.colcon_core.verb:set package 'my_msgs' build argument 'cmake_clean_first' from command line to 'False'
[0.428s] Level 5:colcon.colcon_core.verb:set package 'my_msgs' build argument 'cmake_force_configure' from command line to 'False'
[0.428s] Level 5:colcon.colcon_core.verb:set package 'my_msgs' build argument 'ament_cmake_args' from command line to 'None'
[0.428s] Level 5:colcon.colcon_core.verb:set package 'my_msgs' build argument 'catkin_cmake_args' from command line to 'None'
[0.428s] Level 5:colcon.colcon_core.verb:set package 'my_msgs' build argument 'catkin_skip_building_tests' from command line to 'False'
[0.428s] DEBUG:colcon.colcon_core.verb:Building package 'my_msgs' with the following arguments: {'ament_cmake_args': None, 'build_base': '/home/ahmed/Documents/ITI_LSSD/ROS/custom_msg_ws/iti_lab3/build/my_msgs', 'catkin_cmake_args': None, 'catkin_skip_building_tests': False, 'cmake_args': None, 'cmake_clean_cache': False, 'cmake_clean_first': False, 'cmake_force_configure': False, 'cmake_target': None, 'cmake_target_skip_unavailable': False, 'install_base': '/home/ahmed/Documents/ITI_LSSD/ROS/custom_msg_ws/iti_lab3/install/my_msgs', 'merge_install': False, 'path': '/home/ahmed/Documents/ITI_LSSD/ROS/custom_msg_ws/iti_lab3/src/my_msgs', 'symlink_install': False, 'test_result_base': None}
[0.429s] INFO:colcon.colcon_core.executor:Executing jobs using 'parallel' executor
[0.433s] DEBUG:colcon.colcon_parallel_executor.executor.parallel:run_until_complete
[0.434s] INFO:colcon.colcon_ros.task.ament_cmake.build:Building ROS package in '/home/ahmed/Documents/ITI_LSSD/ROS/custom_msg_ws/iti_lab3/src/my_msgs' with build type 'ament_cmake'
[0.434s] INFO:colcon.colcon_cmake.task.cmake.build:Building CMake package in '/home/ahmed/Documents/ITI_LSSD/ROS/custom_msg_ws/iti_lab3/src/my_msgs'
[0.438s] INFO:colcon.colcon_core.plugin_system:Skipping extension 'colcon_core.shell.bat': Not used on non-Windows systems
[0.438s] INFO:colcon.colcon_core.shell:Skip shell extension 'powershell' for command environment: Not usable outside of PowerShell
[0.438s] DEBUG:colcon.colcon_core.shell:Skip shell extension 'dsv' for command environment
[0.443s] DEBUG:colcon.colcon_core.shell:Ignoring prefix path '/opt/ros/foxy'
[0.456s] DEBUG:colcon.colcon_core.event_handler.log_command:Invoking command in '/home/ahmed/Documents/ITI_LSSD/ROS/custom_msg_ws/iti_lab3/build/my_msgs': CMAKE_PREFIX_PATH=/opt/ros/foxy /usr/bin/cmake /home/ahmed/Documents/ITI_LSSD/ROS/custom_msg_ws/iti_lab3/src/my_msgs -DCMAKE_INSTALL_PREFIX=/home/ahmed/Documents/ITI_LSSD/ROS/custom_msg_ws/iti_lab3/install/my_msgs
[2.495s] DEBUG:colcon.colcon_core.event_handler.log_command:Invoked command in '/home/ahmed/Documents/ITI_LSSD/ROS/custom_msg_ws/iti_lab3/build/my_msgs' returned '0': CMAKE_PREFIX_PATH=/opt/ros/foxy /usr/bin/cmake /home/ahmed/Documents/ITI_LSSD/ROS/custom_msg_ws/iti_lab3/src/my_msgs -DCMAKE_INSTALL_PREFIX=/home/ahmed/Documents/ITI_LSSD/ROS/custom_msg_ws/iti_lab3/install/my_msgs
[2.500s] DEBUG:colcon.colcon_core.event_handler.log_command:Invoking command in '/home/ahmed/Documents/ITI_LSSD/ROS/custom_msg_ws/iti_lab3/build/my_msgs': CMAKE_PREFIX_PATH=/opt/ros/foxy /usr/bin/cmake --build /home/ahmed/Documents/ITI_LSSD/ROS/custom_msg_ws/iti_lab3/build/my_msgs -- -j4 -l4
[12.583s] DEBUG:colcon.colcon_core.event_handler.log_command:Invoked command in '/home/ahmed/Documents/ITI_LSSD/ROS/custom_msg_ws/iti_lab3/build/my_msgs' returned '0': CMAKE_PREFIX_PATH=/opt/ros/foxy /usr/bin/cmake --build /home/ahmed/Documents/ITI_LSSD/ROS/custom_msg_ws/iti_lab3/build/my_msgs -- -j4 -l4
[12.683s] DEBUG:colcon.colcon_core.event_handler.log_command:Invoking command in '/home/ahmed/Documents/ITI_LSSD/ROS/custom_msg_ws/iti_lab3/build/my_msgs': CMAKE_PREFIX_PATH=/opt/ros/foxy /usr/bin/cmake --install /home/ahmed/Documents/ITI_LSSD/ROS/custom_msg_ws/iti_lab3/build/my_msgs
[12.792s] Level 1:colcon.colcon_core.environment:create_environment_scripts_only(my_msgs)
[12.795s] DEBUG:colcon.colcon_core.event_handler.log_command:Invoked command in '/home/ahmed/Documents/ITI_LSSD/ROS/custom_msg_ws/iti_lab3/build/my_msgs' returned '0': CMAKE_PREFIX_PATH=/opt/ros/foxy /usr/bin/cmake --install /home/ahmed/Documents/ITI_LSSD/ROS/custom_msg_ws/iti_lab3/build/my_msgs
[12.798s] Level 1:colcon.colcon_core.environment:checking '/home/ahmed/Documents/ITI_LSSD/ROS/custom_msg_ws/iti_lab3/install/my_msgs' for CMake module files
[12.799s] Level 1:colcon.colcon_core.environment:checking '/home/ahmed/Documents/ITI_LSSD/ROS/custom_msg_ws/iti_lab3/install/my_msgs' for CMake config files
[12.800s] Level 1:colcon.colcon_core.shell:create_environment_hook('my_msgs', 'cmake_prefix_path')
[12.801s] INFO:colcon.colcon_core.shell:Creating environment hook '/home/ahmed/Documents/ITI_LSSD/ROS/custom_msg_ws/iti_lab3/install/my_msgs/share/my_msgs/hook/cmake_prefix_path.ps1'
[12.810s] INFO:colcon.colcon_core.shell:Creating environment descriptor '/home/ahmed/Documents/ITI_LSSD/ROS/custom_msg_ws/iti_lab3/install/my_msgs/share/my_msgs/hook/cmake_prefix_path.dsv'
[12.822s] INFO:colcon.colcon_core.shell:Creating environment hook '/home/ahmed/Documents/ITI_LSSD/ROS/custom_msg_ws/iti_lab3/install/my_msgs/share/my_msgs/hook/cmake_prefix_path.sh'
[12.827s] Level 1:colcon.colcon_core.environment:checking '/home/ahmed/Documents/ITI_LSSD/ROS/custom_msg_ws/iti_lab3/install/my_msgs/lib'
[12.827s] Level 1:colcon.colcon_core.shell:create_environment_hook('my_msgs', 'ld_library_path_lib')
[12.828s] INFO:colcon.colcon_core.shell:Creating environment hook '/home/ahmed/Documents/ITI_LSSD/ROS/custom_msg_ws/iti_lab3/install/my_msgs/share/my_msgs/hook/ld_library_path_lib.ps1'
[12.829s] INFO:colcon.colcon_core.shell:Creating environment descriptor '/home/ahmed/Documents/ITI_LSSD/ROS/custom_msg_ws/iti_lab3/install/my_msgs/share/my_msgs/hook/ld_library_path_lib.dsv'
[12.830s] INFO:colcon.colcon_core.shell:Creating environment hook '/home/ahmed/Documents/ITI_LSSD/ROS/custom_msg_ws/iti_lab3/install/my_msgs/share/my_msgs/hook/ld_library_path_lib.sh'
[12.831s] Level 1:colcon.colcon_core.environment:checking '/home/ahmed/Documents/ITI_LSSD/ROS/custom_msg_ws/iti_lab3/install/my_msgs/bin'
[12.831s] Level 1:colcon.colcon_core.environment:checking '/home/ahmed/Documents/ITI_LSSD/ROS/custom_msg_ws/iti_lab3/install/my_msgs/lib/pkgconfig/my_msgs.pc'
[12.831s] Level 1:colcon.colcon_core.environment:checking '/home/ahmed/Documents/ITI_LSSD/ROS/custom_msg_ws/iti_lab3/install/my_msgs/lib/python3.8/site-packages'
[12.831s] Level 1:colcon.colcon_core.shell:create_environment_hook('my_msgs', 'pythonpath')
[12.833s] INFO:colcon.colcon_core.shell:Creating environment hook '/home/ahmed/Documents/ITI_LSSD/ROS/custom_msg_ws/iti_lab3/install/my_msgs/share/my_msgs/hook/pythonpath.ps1'
[12.834s] INFO:colcon.colcon_core.shell:Creating environment descriptor '/home/ahmed/Documents/ITI_LSSD/ROS/custom_msg_ws/iti_lab3/install/my_msgs/share/my_msgs/hook/pythonpath.dsv'
[12.834s] INFO:colcon.colcon_core.shell:Creating environment hook '/home/ahmed/Documents/ITI_LSSD/ROS/custom_msg_ws/iti_lab3/install/my_msgs/share/my_msgs/hook/pythonpath.sh'
[12.836s] INFO:colcon.colcon_core.shell:Creating package script '/home/ahmed/Documents/ITI_LSSD/ROS/custom_msg_ws/iti_lab3/install/my_msgs/share/my_msgs/package.ps1'
[12.838s] INFO:colcon.colcon_core.shell:Creating package descriptor '/home/ahmed/Documents/ITI_LSSD/ROS/custom_msg_ws/iti_lab3/install/my_msgs/share/my_msgs/package.dsv'
[12.839s] INFO:colcon.colcon_core.shell:Creating package script '/home/ahmed/Documents/ITI_LSSD/ROS/custom_msg_ws/iti_lab3/install/my_msgs/share/my_msgs/package.sh'
[12.841s] INFO:colcon.colcon_core.shell:Creating package script '/home/ahmed/Documents/ITI_LSSD/ROS/custom_msg_ws/iti_lab3/install/my_msgs/share/my_msgs/package.bash'
[12.842s] INFO:colcon.colcon_core.shell:Creating package script '/home/ahmed/Documents/ITI_LSSD/ROS/custom_msg_ws/iti_lab3/install/my_msgs/share/my_msgs/package.zsh'
[12.843s] Level 1:colcon.colcon_core.environment:create_file_with_runtime_dependencies(/home/ahmed/Documents/ITI_LSSD/ROS/custom_msg_ws/iti_lab3/install/my_msgs/share/colcon-core/packages/my_msgs)
[12.932s] Level 1:colcon.colcon_core.environment:create_environment_scripts_only(my_msgs)
[12.933s] Level 1:colcon.colcon_core.environment:checking '/home/ahmed/Documents/ITI_LSSD/ROS/custom_msg_ws/iti_lab3/install/my_msgs' for CMake module files
[12.935s] Level 1:colcon.colcon_core.environment:checking '/home/ahmed/Documents/ITI_LSSD/ROS/custom_msg_ws/iti_lab3/install/my_msgs' for CMake config files
[12.935s] Level 1:colcon.colcon_core.shell:create_environment_hook('my_msgs', 'cmake_prefix_path')
[12.936s] INFO:colcon.colcon_core.shell:Creating environment hook '/home/ahmed/Documents/ITI_LSSD/ROS/custom_msg_ws/iti_lab3/install/my_msgs/share/my_msgs/hook/cmake_prefix_path.ps1'
[12.937s] INFO:colcon.colcon_core.shell:Creating environment descriptor '/home/ahmed/Documents/ITI_LSSD/ROS/custom_msg_ws/iti_lab3/install/my_msgs/share/my_msgs/hook/cmake_prefix_path.dsv'
[12.938s] INFO:colcon.colcon_core.shell:Creating environment hook '/home/ahmed/Documents/ITI_LSSD/ROS/custom_msg_ws/iti_lab3/install/my_msgs/share/my_msgs/hook/cmake_prefix_path.sh'
[12.939s] Level 1:colcon.colcon_core.environment:checking '/home/ahmed/Documents/ITI_LSSD/ROS/custom_msg_ws/iti_lab3/install/my_msgs/lib'
[12.939s] Level 1:colcon.colcon_core.shell:create_environment_hook('my_msgs', 'ld_library_path_lib')
[12.940s] INFO:colcon.colcon_core.shell:Creating environment hook '/home/ahmed/Documents/ITI_LSSD/ROS/custom_msg_ws/iti_lab3/install/my_msgs/share/my_msgs/hook/ld_library_path_lib.ps1'
[12.941s] INFO:colcon.colcon_core.shell:Creating environment descriptor '/home/ahmed/Documents/ITI_LSSD/ROS/custom_msg_ws/iti_lab3/install/my_msgs/share/my_msgs/hook/ld_library_path_lib.dsv'
[12.941s] INFO:colcon.colcon_core.shell:Creating environment hook '/home/ahmed/Documents/ITI_LSSD/ROS/custom_msg_ws/iti_lab3/install/my_msgs/share/my_msgs/hook/ld_library_path_lib.sh'
[12.942s] Level 1:colcon.colcon_core.environment:checking '/home/ahmed/Documents/ITI_LSSD/ROS/custom_msg_ws/iti_lab3/install/my_msgs/bin'
[12.942s] Level 1:colcon.colcon_core.environment:checking '/home/ahmed/Documents/ITI_LSSD/ROS/custom_msg_ws/iti_lab3/install/my_msgs/lib/pkgconfig/my_msgs.pc'
[12.942s] Level 1:colcon.colcon_core.environment:checking '/home/ahmed/Documents/ITI_LSSD/ROS/custom_msg_ws/iti_lab3/install/my_msgs/lib/python3.8/site-packages'
[12.942s] Level 1:colcon.colcon_core.shell:create_environment_hook('my_msgs', 'pythonpath')
[12.943s] INFO:colcon.colcon_core.shell:Creating environment hook '/home/ahmed/Documents/ITI_LSSD/ROS/custom_msg_ws/iti_lab3/install/my_msgs/share/my_msgs/hook/pythonpath.ps1'
[12.944s] INFO:colcon.colcon_core.shell:Creating environment descriptor '/home/ahmed/Documents/ITI_LSSD/ROS/custom_msg_ws/iti_lab3/install/my_msgs/share/my_msgs/hook/pythonpath.dsv'
[12.945s] INFO:colcon.colcon_core.shell:Creating environment hook '/home/ahmed/Documents/ITI_LSSD/ROS/custom_msg_ws/iti_lab3/install/my_msgs/share/my_msgs/hook/pythonpath.sh'
[12.947s] INFO:colcon.colcon_core.shell:Creating package script '/home/ahmed/Documents/ITI_LSSD/ROS/custom_msg_ws/iti_lab3/install/my_msgs/share/my_msgs/package.ps1'
[12.948s] INFO:colcon.colcon_core.shell:Creating package descriptor '/home/ahmed/Documents/ITI_LSSD/ROS/custom_msg_ws/iti_lab3/install/my_msgs/share/my_msgs/package.dsv'
[12.948s] INFO:colcon.colcon_core.shell:Creating package script '/home/ahmed/Documents/ITI_LSSD/ROS/custom_msg_ws/iti_lab3/install/my_msgs/share/my_msgs/package.sh'
[12.949s] INFO:colcon.colcon_core.shell:Creating package script '/home/ahmed/Documents/ITI_LSSD/ROS/custom_msg_ws/iti_lab3/install/my_msgs/share/my_msgs/package.bash'
[12.950s] INFO:colcon.colcon_core.shell:Creating package script '/home/ahmed/Documents/ITI_LSSD/ROS/custom_msg_ws/iti_lab3/install/my_msgs/share/my_msgs/package.zsh'
[12.951s] Level 1:colcon.colcon_core.environment:create_file_with_runtime_dependencies(/home/ahmed/Documents/ITI_LSSD/ROS/custom_msg_ws/iti_lab3/install/my_msgs/share/colcon-core/packages/my_msgs)
[12.951s] DEBUG:colcon.colcon_parallel_executor.executor.parallel:closing loop
[12.952s] DEBUG:colcon.colcon_parallel_executor.executor.parallel:loop closed
[12.952s] DEBUG:colcon.colcon_parallel_executor.executor.parallel:run_until_complete finished with '0'
[12.952s] DEBUG:colcon.colcon_core.event_reactor:joining thread
[12.969s] INFO:colcon.colcon_core.plugin_system:Skipping extension 'colcon_notification.desktop_notification.terminal_notifier': Not used on non-Darwin systems
[12.969s] INFO:colcon.colcon_core.plugin_system:Skipping extension 'colcon_notification.desktop_notification.win32': Not used on non-Windows systems
[12.969s] INFO:colcon.colcon_notification.desktop_notification:Sending desktop notification using 'notify2'
[12.992s] DEBUG:colcon.colcon_core.event_reactor:joined thread
[12.993s] INFO:colcon.colcon_core.shell:Creating prefix script '/home/ahmed/Documents/ITI_LSSD/ROS/custom_msg_ws/iti_lab3/install/local_setup.ps1'
[12.994s] INFO:colcon.colcon_core.shell:Creating prefix util module '/home/ahmed/Documents/ITI_LSSD/ROS/custom_msg_ws/iti_lab3/install/_local_setup_util_ps1.py'
[12.997s] INFO:colcon.colcon_core.shell:Creating prefix chain script '/home/ahmed/Documents/ITI_LSSD/ROS/custom_msg_ws/iti_lab3/install/setup.ps1'
[13.001s] INFO:colcon.colcon_core.shell:Creating prefix script '/home/ahmed/Documents/ITI_LSSD/ROS/custom_msg_ws/iti_lab3/install/local_setup.sh'
[13.001s] INFO:colcon.colcon_core.shell:Creating prefix util module '/home/ahmed/Documents/ITI_LSSD/ROS/custom_msg_ws/iti_lab3/install/_local_setup_util_sh.py'
[13.002s] INFO:colcon.colcon_core.shell:Creating prefix chain script '/home/ahmed/Documents/ITI_LSSD/ROS/custom_msg_ws/iti_lab3/install/setup.sh'
[13.005s] INFO:colcon.colcon_core.shell:Creating prefix script '/home/ahmed/Documents/ITI_LSSD/ROS/custom_msg_ws/iti_lab3/install/local_setup.bash'
[13.006s] INFO:colcon.colcon_core.shell:Creating prefix chain script '/home/ahmed/Documents/ITI_LSSD/ROS/custom_msg_ws/iti_lab3/install/setup.bash'
[13.010s] INFO:colcon.colcon_core.shell:Creating prefix script '/home/ahmed/Documents/ITI_LSSD/ROS/custom_msg_ws/iti_lab3/install/local_setup.zsh'
[13.011s] INFO:colcon.colcon_core.shell:Creating prefix chain script '/home/ahmed/Documents/ITI_LSSD/ROS/custom_msg_ws/iti_lab3/install/setup.zsh'
