[0.348s] DEBUG:colcon:Command line arguments: ['/usr/bin/colcon', 'build', '--packages-select', 'cpp']
[0.349s] DEBUG:colcon:Parsed command line arguments: Namespace(ament_cmake_args=None, base_paths=['.'], build_base='build', catkin_cmake_args=None, catkin_skip_building_tests=False, cmake_args=None, cmake_clean_cache=False, cmake_clean_first=False, cmake_force_configure=False, cmake_target=None, cmake_target_skip_unavailable=False, continue_on_error=False, event_handlers=None, executor='parallel', ignore_user_meta=False, install_base='install', log_base=None, log_level=None, main=<bound method BuildVerb.main of <colcon_core.verb.build.BuildVerb object at 0x7fe2ec871250>>, merge_install=False, metas=['./colcon.meta'], packages_above=None, packages_above_and_dependencies=None, packages_above_depth=None, packages_end=None, packages_ignore=None, packages_ignore_regex=None, packages_select=['cpp'], packages_select_build_failed=False, packages_select_by_dep=None, packages_select_regex=None, packages_select_test_failures=False, packages_skip=None, packages_skip_build_finished=False, packages_skip_by_dep=None, packages_skip_regex=None, packages_skip_test_passed=False, packages_skip_up_to=None, packages_start=None, packages_up_to=None, packages_up_to_regex=None, parallel_workers=4, paths=None, symlink_install=False, test_result_base=None, verb_extension=<colcon_core.verb.build.BuildVerb object at 0x7fe2ec871250>, verb_name='build', verb_parser=<colcon_defaults.argument_parser.defaults.DefaultArgumentsDecorator object at 0x7fe2ec871790>)
[0.358s] Level 1:colcon.colcon_core.package_discovery:discover_packages(colcon_meta) check parameters
[0.358s] Level 1:colcon.colcon_core.package_discovery:discover_packages(recursive) check parameters
[0.358s] Level 1:colcon.colcon_core.package_discovery:discover_packages(ignore) check parameters
[0.358s] Level 1:colcon.colcon_core.package_discovery:discover_packages(path) check parameters
[0.358s] Level 1:colcon.colcon_core.package_discovery:discover_packages(colcon_meta) discover
[0.359s] Level 1:colcon.colcon_core.package_discovery:discover_packages(recursive) discover
[0.359s] INFO:colcon.colcon_core.package_discovery:Crawling recursively for packages in '/home/ahmed/Documents/ITI_LSSD/ROS/ROS_WS/LAB7_Tasks'
[0.359s] Level 1:colcon.colcon_core.package_identification:_identify(.) by extensions ['ignore', 'ignore_ament_install']
[0.359s] Level 1:colcon.colcon_core.package_identification:_identify(.) by extension 'ignore'
[0.360s] Level 1:colcon.colcon_core.package_identification:_identify(.) by extension 'ignore_ament_install'
[0.360s] Level 1:colcon.colcon_core.package_identification:_identify(.) by extensions ['colcon_pkg']
[0.360s] Level 1:colcon.colcon_core.package_identification:_identify(.) by extension 'colcon_pkg'
[0.360s] Level 1:colcon.colcon_core.package_identification:_identify(.) by extensions ['colcon_meta']
[0.360s] Level 1:colcon.colcon_core.package_identification:_identify(.) by extension 'colcon_meta'
[0.360s] Level 1:colcon.colcon_core.package_identification:_identify(.) by extensions ['ros']
[0.360s] Level 1:colcon.colcon_core.package_identification:_identify(.) by extension 'ros'
[0.375s] Level 1:colcon.colcon_core.package_identification:_identify(.) by extensions ['cmake', 'python']
[0.376s] Level 1:colcon.colcon_core.package_identification:_identify(.) by extension 'cmake'
[0.376s] Level 1:colcon.colcon_core.package_identification:_identify(.) by extension 'python'
[0.376s] Level 1:colcon.colcon_core.package_identification:_identify(.) by extensions ['python_setup_py']
[0.376s] Level 1:colcon.colcon_core.package_identification:_identify(.) by extension 'python_setup_py'
[0.376s] Level 1:colcon.colcon_core.package_identification:_identify(build) by extensions ['ignore', 'ignore_ament_install']
[0.377s] Level 1:colcon.colcon_core.package_identification:_identify(build) by extension 'ignore'
[0.377s] Level 1:colcon.colcon_core.package_identification:_identify(build) ignored
[0.377s] Level 1:colcon.colcon_core.package_identification:_identify(install) by extensions ['ignore', 'ignore_ament_install']
[0.377s] Level 1:colcon.colcon_core.package_identification:_identify(install) by extension 'ignore'
[0.377s] Level 1:colcon.colcon_core.package_identification:_identify(install) ignored
[0.377s] Level 1:colcon.colcon_core.package_identification:_identify(log) by extensions ['ignore', 'ignore_ament_install']
[0.378s] Level 1:colcon.colcon_core.package_identification:_identify(log) by extension 'ignore'
[0.378s] Level 1:colcon.colcon_core.package_identification:_identify(log) ignored
[0.378s] Level 1:colcon.colcon_core.package_identification:_identify(src) by extensions ['ignore', 'ignore_ament_install']
[0.378s] Level 1:colcon.colcon_core.package_identification:_identify(src) by extension 'ignore'
[0.378s] Level 1:colcon.colcon_core.package_identification:_identify(src) by extension 'ignore_ament_install'
[0.378s] Level 1:colcon.colcon_core.package_identification:_identify(src) by extensions ['colcon_pkg']
[0.379s] Level 1:colcon.colcon_core.package_identification:_identify(src) by extension 'colcon_pkg'
[0.379s] Level 1:colcon.colcon_core.package_identification:_identify(src) by extensions ['colcon_meta']
[0.379s] Level 1:colcon.colcon_core.package_identification:_identify(src) by extension 'colcon_meta'
[0.379s] Level 1:colcon.colcon_core.package_identification:_identify(src) by extensions ['ros']
[0.379s] Level 1:colcon.colcon_core.package_identification:_identify(src) by extension 'ros'
[0.379s] Level 1:colcon.colcon_core.package_identification:_identify(src) by extensions ['cmake', 'python']
[0.379s] Level 1:colcon.colcon_core.package_identification:_identify(src) by extension 'cmake'
[0.379s] Level 1:colcon.colcon_core.package_identification:_identify(src) by extension 'python'
[0.380s] Level 1:colcon.colcon_core.package_identification:_identify(src) by extensions ['python_setup_py']
[0.380s] Level 1:colcon.colcon_core.package_identification:_identify(src) by extension 'python_setup_py'
[0.380s] Level 1:colcon.colcon_core.package_identification:_identify(src/iti_lab7_task1) by extensions ['ignore', 'ignore_ament_install']
[0.380s] Level 1:colcon.colcon_core.package_identification:_identify(src/iti_lab7_task1) by extension 'ignore'
[0.380s] Level 1:colcon.colcon_core.package_identification:_identify(src/iti_lab7_task1) by extension 'ignore_ament_install'
[0.380s] Level 1:colcon.colcon_core.package_identification:_identify(src/iti_lab7_task1) by extensions ['colcon_pkg']
[0.380s] Level 1:colcon.colcon_core.package_identification:_identify(src/iti_lab7_task1) by extension 'colcon_pkg'
[0.381s] Level 1:colcon.colcon_core.package_identification:_identify(src/iti_lab7_task1) by extensions ['colcon_meta']
[0.381s] Level 1:colcon.colcon_core.package_identification:_identify(src/iti_lab7_task1) by extension 'colcon_meta'
[0.381s] Level 1:colcon.colcon_core.package_identification:_identify(src/iti_lab7_task1) by extensions ['ros']
[0.381s] Level 1:colcon.colcon_core.package_identification:_identify(src/iti_lab7_task1) by extension 'ros'
[0.385s] DEBUG:colcon.colcon_core.package_identification:Package 'src/iti_lab7_task1' with type 'ros.ament_python' and name 'iti_lab7_task1'
[0.385s] Level 1:colcon.colcon_core.package_identification:_identify(src/iti_lab7_task2) by extensions ['ignore', 'ignore_ament_install']
[0.386s] Level 1:colcon.colcon_core.package_identification:_identify(src/iti_lab7_task2) by extension 'ignore'
[0.386s] Level 1:colcon.colcon_core.package_identification:_identify(src/iti_lab7_task2) by extension 'ignore_ament_install'
[0.386s] Level 1:colcon.colcon_core.package_identification:_identify(src/iti_lab7_task2) by extensions ['colcon_pkg']
[0.386s] Level 1:colcon.colcon_core.package_identification:_identify(src/iti_lab7_task2) by extension 'colcon_pkg'
[0.386s] Level 1:colcon.colcon_core.package_identification:_identify(src/iti_lab7_task2) by extensions ['colcon_meta']
[0.386s] Level 1:colcon.colcon_core.package_identification:_identify(src/iti_lab7_task2) by extension 'colcon_meta'
[0.386s] Level 1:colcon.colcon_core.package_identification:_identify(src/iti_lab7_task2) by extensions ['ros']
[0.386s] Level 1:colcon.colcon_core.package_identification:_identify(src/iti_lab7_task2) by extension 'ros'
[0.387s] DEBUG:colcon.colcon_core.package_identification:Package 'src/iti_lab7_task2' with type 'ros.ament_python' and name 'iti_lab7_task2'
[0.387s] Level 1:colcon.colcon_core.package_identification:_identify(src/iti_lab7_task3) by extensions ['ignore', 'ignore_ament_install']
[0.388s] Level 1:colcon.colcon_core.package_identification:_identify(src/iti_lab7_task3) by extension 'ignore'
[0.388s] Level 1:colcon.colcon_core.package_identification:_identify(src/iti_lab7_task3) by extension 'ignore_ament_install'
[0.388s] Level 1:colcon.colcon_core.package_identification:_identify(src/iti_lab7_task3) by extensions ['colcon_pkg']
[0.388s] Level 1:colcon.colcon_core.package_identification:_identify(src/iti_lab7_task3) by extension 'colcon_pkg'
[0.388s] Level 1:colcon.colcon_core.package_identification:_identify(src/iti_lab7_task3) by extensions ['colcon_meta']
[0.388s] Level 1:colcon.colcon_core.package_identification:_identify(src/iti_lab7_task3) by extension 'colcon_meta'
[0.388s] Level 1:colcon.colcon_core.package_identification:_identify(src/iti_lab7_task3) by extensions ['ros']
[0.388s] Level 1:colcon.colcon_core.package_identification:_identify(src/iti_lab7_task3) by extension 'ros'
[0.390s] DEBUG:colcon.colcon_core.package_identification:Package 'src/iti_lab7_task3' with type 'ros.ament_cmake' and name 'cpp'
[0.390s] Level 1:colcon.colcon_core.package_discovery:discover_packages(recursive) using defaults
[0.390s] Level 1:colcon.colcon_core.package_discovery:discover_packages(ignore) discover
[0.390s] Level 1:colcon.colcon_core.package_discovery:discover_packages(ignore) using defaults
[0.390s] Level 1:colcon.colcon_core.package_discovery:discover_packages(path) discover
[0.390s] Level 1:colcon.colcon_core.package_discovery:discover_packages(path) using defaults
[0.413s] INFO:colcon.colcon_core.package_selection:Skipping not selected package 'iti_lab7_task1' in 'src/iti_lab7_task1'
[0.413s] INFO:colcon.colcon_core.package_selection:Skipping not selected package 'iti_lab7_task2' in 'src/iti_lab7_task2'
[0.417s] Level 5:colcon.colcon_core.verb:set package 'cpp' build argument 'cmake_args' from command line to 'None'
[0.417s] Level 5:colcon.colcon_core.verb:set package 'cpp' build argument 'cmake_target' from command line to 'None'
[0.417s] Level 5:colcon.colcon_core.verb:set package 'cpp' build argument 'cmake_target_skip_unavailable' from command line to 'False'
[0.417s] Level 5:colcon.colcon_core.verb:set package 'cpp' build argument 'cmake_clean_cache' from command line to 'False'
[0.417s] Level 5:colcon.colcon_core.verb:set package 'cpp' build argument 'cmake_clean_first' from command line to 'False'
[0.417s] Level 5:colcon.colcon_core.verb:set package 'cpp' build argument 'cmake_force_configure' from command line to 'False'
[0.418s] Level 5:colcon.colcon_core.verb:set package 'cpp' build argument 'ament_cmake_args' from command line to 'None'
[0.418s] Level 5:colcon.colcon_core.verb:set package 'cpp' build argument 'catkin_cmake_args' from command line to 'None'
[0.418s] Level 5:colcon.colcon_core.verb:set package 'cpp' build argument 'catkin_skip_building_tests' from command line to 'False'
[0.418s] DEBUG:colcon.colcon_core.verb:Building package 'cpp' with the following arguments: {'ament_cmake_args': None, 'build_base': '/home/ahmed/Documents/ITI_LSSD/ROS/ROS_WS/LAB7_Tasks/build/cpp', 'catkin_cmake_args': None, 'catkin_skip_building_tests': False, 'cmake_args': None, 'cmake_clean_cache': False, 'cmake_clean_first': False, 'cmake_force_configure': False, 'cmake_target': None, 'cmake_target_skip_unavailable': False, 'install_base': '/home/ahmed/Documents/ITI_LSSD/ROS/ROS_WS/LAB7_Tasks/install/cpp', 'merge_install': False, 'path': '/home/ahmed/Documents/ITI_LSSD/ROS/ROS_WS/LAB7_Tasks/src/iti_lab7_task3', 'symlink_install': False, 'test_result_base': None}
[0.418s] INFO:colcon.colcon_core.executor:Executing jobs using 'parallel' executor
[0.421s] DEBUG:colcon.colcon_parallel_executor.executor.parallel:run_until_complete
[0.422s] INFO:colcon.colcon_ros.task.ament_cmake.build:Building ROS package in '/home/ahmed/Documents/ITI_LSSD/ROS/ROS_WS/LAB7_Tasks/src/iti_lab7_task3' with build type 'ament_cmake'
[0.422s] INFO:colcon.colcon_cmake.task.cmake.build:Building CMake package in '/home/ahmed/Documents/ITI_LSSD/ROS/ROS_WS/LAB7_Tasks/src/iti_lab7_task3'
[0.426s] INFO:colcon.colcon_core.plugin_system:Skipping extension 'colcon_core.shell.bat': Not used on non-Windows systems
[0.426s] INFO:colcon.colcon_core.shell:Skip shell extension 'powershell' for command environment: Not usable outside of PowerShell
[0.427s] DEBUG:colcon.colcon_core.shell:Skip shell extension 'dsv' for command environment
[0.430s] DEBUG:colcon.colcon_core.shell:Ignoring prefix path '/opt/ros/foxy'
[0.439s] DEBUG:colcon.colcon_core.event_handler.log_command:Invoking command in '/home/ahmed/Documents/ITI_LSSD/ROS/ROS_WS/LAB7_Tasks/build/cpp': CMAKE_PREFIX_PATH=/opt/ros/foxy /usr/bin/cmake /home/ahmed/Documents/ITI_LSSD/ROS/ROS_WS/LAB7_Tasks/src/iti_lab7_task3 -DCMAKE_INSTALL_PREFIX=/home/ahmed/Documents/ITI_LSSD/ROS/ROS_WS/LAB7_Tasks/install/cpp
[2.785s] DEBUG:colcon.colcon_core.event_handler.log_command:Invoked command in '/home/ahmed/Documents/ITI_LSSD/ROS/ROS_WS/LAB7_Tasks/build/cpp' returned '0': CMAKE_PREFIX_PATH=/opt/ros/foxy /usr/bin/cmake /home/ahmed/Documents/ITI_LSSD/ROS/ROS_WS/LAB7_Tasks/src/iti_lab7_task3 -DCMAKE_INSTALL_PREFIX=/home/ahmed/Documents/ITI_LSSD/ROS/ROS_WS/LAB7_Tasks/install/cpp
[2.792s] DEBUG:colcon.colcon_core.event_handler.log_command:Invoking command in '/home/ahmed/Documents/ITI_LSSD/ROS/ROS_WS/LAB7_Tasks/build/cpp': CMAKE_PREFIX_PATH=/opt/ros/foxy /usr/bin/cmake --build /home/ahmed/Documents/ITI_LSSD/ROS/ROS_WS/LAB7_Tasks/build/cpp -- -j4 -l4
[10.729s] DEBUG:colcon.colcon_core.event_handler.log_command:Invoked command in '/home/ahmed/Documents/ITI_LSSD/ROS/ROS_WS/LAB7_Tasks/build/cpp' returned '0': CMAKE_PREFIX_PATH=/opt/ros/foxy /usr/bin/cmake --build /home/ahmed/Documents/ITI_LSSD/ROS/ROS_WS/LAB7_Tasks/build/cpp -- -j4 -l4
[10.777s] DEBUG:colcon.colcon_core.event_handler.log_command:Invoking command in '/home/ahmed/Documents/ITI_LSSD/ROS/ROS_WS/LAB7_Tasks/build/cpp': CMAKE_PREFIX_PATH=/opt/ros/foxy /usr/bin/cmake --install /home/ahmed/Documents/ITI_LSSD/ROS/ROS_WS/LAB7_Tasks/build/cpp
[10.803s] Level 1:colcon.colcon_core.environment:create_environment_scripts_only(cpp)
[10.809s] DEBUG:colcon.colcon_core.event_handler.log_command:Invoked command in '/home/ahmed/Documents/ITI_LSSD/ROS/ROS_WS/LAB7_Tasks/build/cpp' returned '0': CMAKE_PREFIX_PATH=/opt/ros/foxy /usr/bin/cmake --install /home/ahmed/Documents/ITI_LSSD/ROS/ROS_WS/LAB7_Tasks/build/cpp
[10.812s] Level 1:colcon.colcon_core.environment:checking '/home/ahmed/Documents/ITI_LSSD/ROS/ROS_WS/LAB7_Tasks/install/cpp' for CMake module files
[10.812s] Level 1:colcon.colcon_core.environment:checking '/home/ahmed/Documents/ITI_LSSD/ROS/ROS_WS/LAB7_Tasks/install/cpp' for CMake config files
[10.812s] Level 1:colcon.colcon_core.shell:create_environment_hook('cpp', 'cmake_prefix_path')
[10.813s] INFO:colcon.colcon_core.shell:Creating environment hook '/home/ahmed/Documents/ITI_LSSD/ROS/ROS_WS/LAB7_Tasks/install/cpp/share/cpp/hook/cmake_prefix_path.ps1'
[10.814s] INFO:colcon.colcon_core.shell:Creating environment descriptor '/home/ahmed/Documents/ITI_LSSD/ROS/ROS_WS/LAB7_Tasks/install/cpp/share/cpp/hook/cmake_prefix_path.dsv'
[10.815s] INFO:colcon.colcon_core.shell:Creating environment hook '/home/ahmed/Documents/ITI_LSSD/ROS/ROS_WS/LAB7_Tasks/install/cpp/share/cpp/hook/cmake_prefix_path.sh'
[10.816s] Level 1:colcon.colcon_core.environment:checking '/home/ahmed/Documents/ITI_LSSD/ROS/ROS_WS/LAB7_Tasks/install/cpp/lib'
[10.816s] Level 1:colcon.colcon_core.environment:checking '/home/ahmed/Documents/ITI_LSSD/ROS/ROS_WS/LAB7_Tasks/install/cpp/bin'
[10.817s] Level 1:colcon.colcon_core.environment:checking '/home/ahmed/Documents/ITI_LSSD/ROS/ROS_WS/LAB7_Tasks/install/cpp/lib/pkgconfig/cpp.pc'
[10.817s] Level 1:colcon.colcon_core.environment:checking '/home/ahmed/Documents/ITI_LSSD/ROS/ROS_WS/LAB7_Tasks/install/cpp/lib/python3.8/site-packages'
[10.817s] INFO:colcon.colcon_core.shell:Creating package script '/home/ahmed/Documents/ITI_LSSD/ROS/ROS_WS/LAB7_Tasks/install/cpp/share/cpp/package.ps1'
[10.818s] INFO:colcon.colcon_core.shell:Creating package descriptor '/home/ahmed/Documents/ITI_LSSD/ROS/ROS_WS/LAB7_Tasks/install/cpp/share/cpp/package.dsv'
[10.819s] INFO:colcon.colcon_core.shell:Creating package script '/home/ahmed/Documents/ITI_LSSD/ROS/ROS_WS/LAB7_Tasks/install/cpp/share/cpp/package.sh'
[10.820s] INFO:colcon.colcon_core.shell:Creating package script '/home/ahmed/Documents/ITI_LSSD/ROS/ROS_WS/LAB7_Tasks/install/cpp/share/cpp/package.bash'
[10.821s] INFO:colcon.colcon_core.shell:Creating package script '/home/ahmed/Documents/ITI_LSSD/ROS/ROS_WS/LAB7_Tasks/install/cpp/share/cpp/package.zsh'
[10.822s] Level 1:colcon.colcon_core.environment:create_file_with_runtime_dependencies(/home/ahmed/Documents/ITI_LSSD/ROS/ROS_WS/LAB7_Tasks/install/cpp/share/colcon-core/packages/cpp)
[10.852s] Level 1:colcon.colcon_core.environment:create_environment_scripts_only(cpp)
[10.853s] Level 1:colcon.colcon_core.environment:checking '/home/ahmed/Documents/ITI_LSSD/ROS/ROS_WS/LAB7_Tasks/install/cpp' for CMake module files
[10.854s] Level 1:colcon.colcon_core.environment:checking '/home/ahmed/Documents/ITI_LSSD/ROS/ROS_WS/LAB7_Tasks/install/cpp' for CMake config files
[10.854s] Level 1:colcon.colcon_core.shell:create_environment_hook('cpp', 'cmake_prefix_path')
[10.855s] INFO:colcon.colcon_core.shell:Creating environment hook '/home/ahmed/Documents/ITI_LSSD/ROS/ROS_WS/LAB7_Tasks/install/cpp/share/cpp/hook/cmake_prefix_path.ps1'
[10.855s] INFO:colcon.colcon_core.shell:Creating environment descriptor '/home/ahmed/Documents/ITI_LSSD/ROS/ROS_WS/LAB7_Tasks/install/cpp/share/cpp/hook/cmake_prefix_path.dsv'
[10.856s] INFO:colcon.colcon_core.shell:Creating environment hook '/home/ahmed/Documents/ITI_LSSD/ROS/ROS_WS/LAB7_Tasks/install/cpp/share/cpp/hook/cmake_prefix_path.sh'
[10.857s] Level 1:colcon.colcon_core.environment:checking '/home/ahmed/Documents/ITI_LSSD/ROS/ROS_WS/LAB7_Tasks/install/cpp/lib'
[10.857s] Level 1:colcon.colcon_core.environment:checking '/home/ahmed/Documents/ITI_LSSD/ROS/ROS_WS/LAB7_Tasks/install/cpp/bin'
[10.857s] Level 1:colcon.colcon_core.environment:checking '/home/ahmed/Documents/ITI_LSSD/ROS/ROS_WS/LAB7_Tasks/install/cpp/lib/pkgconfig/cpp.pc'
[10.857s] Level 1:colcon.colcon_core.environment:checking '/home/ahmed/Documents/ITI_LSSD/ROS/ROS_WS/LAB7_Tasks/install/cpp/lib/python3.8/site-packages'
[10.858s] INFO:colcon.colcon_core.shell:Creating package script '/home/ahmed/Documents/ITI_LSSD/ROS/ROS_WS/LAB7_Tasks/install/cpp/share/cpp/package.ps1'
[10.859s] INFO:colcon.colcon_core.shell:Creating package descriptor '/home/ahmed/Documents/ITI_LSSD/ROS/ROS_WS/LAB7_Tasks/install/cpp/share/cpp/package.dsv'
[10.859s] INFO:colcon.colcon_core.shell:Creating package script '/home/ahmed/Documents/ITI_LSSD/ROS/ROS_WS/LAB7_Tasks/install/cpp/share/cpp/package.sh'
[10.860s] INFO:colcon.colcon_core.shell:Creating package script '/home/ahmed/Documents/ITI_LSSD/ROS/ROS_WS/LAB7_Tasks/install/cpp/share/cpp/package.bash'
[10.861s] INFO:colcon.colcon_core.shell:Creating package script '/home/ahmed/Documents/ITI_LSSD/ROS/ROS_WS/LAB7_Tasks/install/cpp/share/cpp/package.zsh'
[10.861s] Level 1:colcon.colcon_core.environment:create_file_with_runtime_dependencies(/home/ahmed/Documents/ITI_LSSD/ROS/ROS_WS/LAB7_Tasks/install/cpp/share/colcon-core/packages/cpp)
[10.862s] DEBUG:colcon.colcon_parallel_executor.executor.parallel:closing loop
[10.862s] DEBUG:colcon.colcon_parallel_executor.executor.parallel:loop closed
[10.862s] DEBUG:colcon.colcon_parallel_executor.executor.parallel:run_until_complete finished with '0'
[10.862s] DEBUG:colcon.colcon_core.event_reactor:joining thread
[10.871s] INFO:colcon.colcon_core.plugin_system:Skipping extension 'colcon_notification.desktop_notification.terminal_notifier': Not used on non-Darwin systems
[10.871s] INFO:colcon.colcon_core.plugin_system:Skipping extension 'colcon_notification.desktop_notification.win32': Not used on non-Windows systems
[10.871s] INFO:colcon.colcon_notification.desktop_notification:Sending desktop notification using 'notify2'
[10.895s] DEBUG:colcon.colcon_core.event_reactor:joined thread
[10.896s] INFO:colcon.colcon_core.shell:Creating prefix script '/home/ahmed/Documents/ITI_LSSD/ROS/ROS_WS/LAB7_Tasks/install/local_setup.ps1'
[10.898s] INFO:colcon.colcon_core.shell:Creating prefix util module '/home/ahmed/Documents/ITI_LSSD/ROS/ROS_WS/LAB7_Tasks/install/_local_setup_util_ps1.py'
[10.900s] INFO:colcon.colcon_core.shell:Creating prefix chain script '/home/ahmed/Documents/ITI_LSSD/ROS/ROS_WS/LAB7_Tasks/install/setup.ps1'
[10.903s] INFO:colcon.colcon_core.shell:Creating prefix script '/home/ahmed/Documents/ITI_LSSD/ROS/ROS_WS/LAB7_Tasks/install/local_setup.sh'
[10.906s] INFO:colcon.colcon_core.shell:Creating prefix util module '/home/ahmed/Documents/ITI_LSSD/ROS/ROS_WS/LAB7_Tasks/install/_local_setup_util_sh.py'
[10.907s] INFO:colcon.colcon_core.shell:Creating prefix chain script '/home/ahmed/Documents/ITI_LSSD/ROS/ROS_WS/LAB7_Tasks/install/setup.sh'
[10.915s] INFO:colcon.colcon_core.shell:Creating prefix script '/home/ahmed/Documents/ITI_LSSD/ROS/ROS_WS/LAB7_Tasks/install/local_setup.bash'
[10.916s] INFO:colcon.colcon_core.shell:Creating prefix chain script '/home/ahmed/Documents/ITI_LSSD/ROS/ROS_WS/LAB7_Tasks/install/setup.bash'
[10.921s] INFO:colcon.colcon_core.shell:Creating prefix script '/home/ahmed/Documents/ITI_LSSD/ROS/ROS_WS/LAB7_Tasks/install/local_setup.zsh'
[10.922s] INFO:colcon.colcon_core.shell:Creating prefix chain script '/home/ahmed/Documents/ITI_LSSD/ROS/ROS_WS/LAB7_Tasks/install/setup.zsh'
