running egg_info
writing ../../build/ros2_project/ros2_project.egg-info/PKG-INFO
writing dependency_links to ../../build/ros2_project/ros2_project.egg-info/dependency_links.txt
writing entry points to ../../build/ros2_project/ros2_project.egg-info/entry_points.txt
writing requirements to ../../build/ros2_project/ros2_project.egg-info/requires.txt
writing top-level names to ../../build/ros2_project/ros2_project.egg-info/top_level.txt
reading manifest file '../../build/ros2_project/ros2_project.egg-info/SOURCES.txt'
writing manifest file '../../build/ros2_project/ros2_project.egg-info/SOURCES.txt'
running build
running build_py
copying ros2_project/control_node.py -> /home/ahmed/Documents/ITI_LSSD/ROS/Turtle_Project/ros2_project/build/ros2_project/build/lib/ros2_project
running install
running install_lib
copying /home/ahmed/Documents/ITI_LSSD/ROS/Turtle_Project/ros2_project/build/ros2_project/build/lib/ros2_project/control_node.py -> /home/ahmed/Documents/ITI_LSSD/ROS/Turtle_Project/ros2_project/install/ros2_project/lib/python3.8/site-packages/ros2_project
byte-compiling /home/ahmed/Documents/ITI_LSSD/ROS/Turtle_Project/ros2_project/install/ros2_project/lib/python3.8/site-packages/ros2_project/control_node.py to control_node.cpython-38.pyc
running install_data
running install_egg_info
removing '/home/ahmed/Documents/ITI_LSSD/ROS/Turtle_Project/ros2_project/install/ros2_project/lib/python3.8/site-packages/ros2_project-0.0.0-py3.8.egg-info' (and everything under it)
Copying ../../build/ros2_project/ros2_project.egg-info to /home/ahmed/Documents/ITI_LSSD/ROS/Turtle_Project/ros2_project/install/ros2_project/lib/python3.8/site-packages/ros2_project-0.0.0-py3.8.egg-info
running install_scripts
Installing turtle_control script to /home/ahmed/Documents/ITI_LSSD/ROS/Turtle_Project/ros2_project/install/ros2_project/lib/ros2_project
Installing turtle_spawn script to /home/ahmed/Documents/ITI_LSSD/ROS/Turtle_Project/ros2_project/install/ros2_project/lib/ros2_project
writing list of installed files to '/home/ahmed/Documents/ITI_LSSD/ROS/Turtle_Project/ros2_project/build/ros2_project/install.log'
